[0.741s] DEBUG:colcon:Command line arguments: ['/usr/bin/colcon', 'build']
[0.741s] DEBUG:colcon:Parsed command line arguments: Namespace(log_base=None, log_level=None, verb_name='build', build_base='build', install_base='install', merge_install=False, symlink_install=False, test_result_base=None, continue_on_error=False, executor='parallel', parallel_workers=3, event_handlers=None, ignore_user_meta=False, metas=['./colcon.meta'], base_paths=['.'], packages_ignore=None, packages_ignore_regex=None, paths=None, packages_up_to=None, packages_up_to_regex=None, packages_above=None, packages_above_and_dependencies=None, packages_above_depth=None, packages_select_by_dep=None, packages_skip_by_dep=None, packages_skip_up_to=None, packages_select_build_failed=False, packages_skip_build_finished=False, packages_select_test_failures=False, packages_skip_test_passed=False, packages_select=None, packages_skip=None, packages_select_regex=None, packages_skip_regex=None, packages_start=None, packages_end=None, allow_overriding=[], cmake_args=None, cmake_target=None, cmake_target_skip_unavailable=False, cmake_clean_cache=False, cmake_clean_first=False, cmake_force_configure=False, ament_cmake_args=None, catkin_cmake_args=None, catkin_skip_building_tests=False, verb_parser=<colcon_defaults.argument_parser.defaults.DefaultArgumentsDecorator object at 0x75e191339d20>, verb_extension=<colcon_core.verb.build.BuildVerb object at 0x75e191339810>, main=<bound method BuildVerb.main of <colcon_core.verb.build.BuildVerb object at 0x75e191339810>>)
[1.539s] Level 1:colcon.colcon_core.package_discovery:discover_packages(colcon_meta) check parameters
[1.540s] Level 1:colcon.colcon_core.package_discovery:discover_packages(recursive) check parameters
[1.540s] Level 1:colcon.colcon_core.package_discovery:discover_packages(ignore) check parameters
[1.540s] Level 1:colcon.colcon_core.package_discovery:discover_packages(path) check parameters
[1.540s] Level 1:colcon.colcon_core.package_discovery:discover_packages(colcon_meta) discover
[1.540s] Level 1:colcon.colcon_core.package_discovery:discover_packages(recursive) discover
[1.540s] INFO:colcon.colcon_core.package_discovery:Crawling recursively for packages in '/home/bernardo/R5A_ROS_ws'
[1.540s] Level 1:colcon.colcon_core.package_identification:_identify(.) by extensions ['ignore', 'ignore_ament_install']
[1.540s] Level 1:colcon.colcon_core.package_identification:_identify(.) by extension 'ignore'
[1.540s] Level 1:colcon.colcon_core.package_identification:_identify(.) by extension 'ignore_ament_install'
[1.540s] Level 1:colcon.colcon_core.package_identification:_identify(.) by extensions ['colcon_pkg']
[1.540s] Level 1:colcon.colcon_core.package_identification:_identify(.) by extension 'colcon_pkg'
[1.540s] Level 1:colcon.colcon_core.package_identification:_identify(.) by extensions ['colcon_meta']
[1.540s] Level 1:colcon.colcon_core.package_identification:_identify(.) by extension 'colcon_meta'
[1.540s] Level 1:colcon.colcon_core.package_identification:_identify(.) by extensions ['ros']
[1.540s] Level 1:colcon.colcon_core.package_identification:_identify(.) by extension 'ros'
[1.593s] Level 1:colcon.colcon_core.package_identification:_identify(.) by extensions ['cmake', 'python']
[1.593s] Level 1:colcon.colcon_core.package_identification:_identify(.) by extension 'cmake'
[1.593s] Level 1:colcon.colcon_core.package_identification:_identify(.) by extension 'python'
[1.593s] Level 1:colcon.colcon_core.package_identification:_identify(.) by extensions ['python_setup_py']
[1.593s] Level 1:colcon.colcon_core.package_identification:_identify(.) by extension 'python_setup_py'
[1.593s] Level 1:colcon.colcon_core.package_identification:_identify(build) by extensions ['ignore', 'ignore_ament_install']
[1.593s] Level 1:colcon.colcon_core.package_identification:_identify(build) by extension 'ignore'
[1.593s] Level 1:colcon.colcon_core.package_identification:_identify(build) ignored
[1.593s] Level 1:colcon.colcon_core.package_identification:_identify(install) by extensions ['ignore', 'ignore_ament_install']
[1.593s] Level 1:colcon.colcon_core.package_identification:_identify(install) by extension 'ignore'
[1.594s] Level 1:colcon.colcon_core.package_identification:_identify(install) ignored
[1.594s] Level 1:colcon.colcon_core.package_identification:_identify(log) by extensions ['ignore', 'ignore_ament_install']
[1.594s] Level 1:colcon.colcon_core.package_identification:_identify(log) by extension 'ignore'
[1.594s] Level 1:colcon.colcon_core.package_identification:_identify(log) ignored
[1.594s] Level 1:colcon.colcon_core.package_identification:_identify(src) by extensions ['ignore', 'ignore_ament_install']
[1.594s] Level 1:colcon.colcon_core.package_identification:_identify(src) by extension 'ignore'
[1.594s] Level 1:colcon.colcon_core.package_identification:_identify(src) by extension 'ignore_ament_install'
[1.594s] Level 1:colcon.colcon_core.package_identification:_identify(src) by extensions ['colcon_pkg']
[1.594s] Level 1:colcon.colcon_core.package_identification:_identify(src) by extension 'colcon_pkg'
[1.594s] Level 1:colcon.colcon_core.package_identification:_identify(src) by extensions ['colcon_meta']
[1.594s] Level 1:colcon.colcon_core.package_identification:_identify(src) by extension 'colcon_meta'
[1.594s] Level 1:colcon.colcon_core.package_identification:_identify(src) by extensions ['ros']
[1.594s] Level 1:colcon.colcon_core.package_identification:_identify(src) by extension 'ros'
[1.594s] Level 1:colcon.colcon_core.package_identification:_identify(src) by extensions ['cmake', 'python']
[1.595s] Level 1:colcon.colcon_core.package_identification:_identify(src) by extension 'cmake'
[1.595s] Level 1:colcon.colcon_core.package_identification:_identify(src) by extension 'python'
[1.595s] Level 1:colcon.colcon_core.package_identification:_identify(src) by extensions ['python_setup_py']
[1.595s] Level 1:colcon.colcon_core.package_identification:_identify(src) by extension 'python_setup_py'
[1.595s] Level 1:colcon.colcon_core.package_identification:_identify(src/gazebo_ros2_control) by extensions ['ignore', 'ignore_ament_install']
[1.595s] Level 1:colcon.colcon_core.package_identification:_identify(src/gazebo_ros2_control) by extension 'ignore'
[1.595s] Level 1:colcon.colcon_core.package_identification:_identify(src/gazebo_ros2_control) by extension 'ignore_ament_install'
[1.595s] Level 1:colcon.colcon_core.package_identification:_identify(src/gazebo_ros2_control) by extensions ['colcon_pkg']
[1.595s] Level 1:colcon.colcon_core.package_identification:_identify(src/gazebo_ros2_control) by extension 'colcon_pkg'
[1.595s] Level 1:colcon.colcon_core.package_identification:_identify(src/gazebo_ros2_control) by extensions ['colcon_meta']
[1.595s] Level 1:colcon.colcon_core.package_identification:_identify(src/gazebo_ros2_control) by extension 'colcon_meta'
[1.595s] Level 1:colcon.colcon_core.package_identification:_identify(src/gazebo_ros2_control) by extensions ['ros']
[1.595s] Level 1:colcon.colcon_core.package_identification:_identify(src/gazebo_ros2_control) by extension 'ros'
[1.604s] DEBUG:colcon.colcon_core.package_identification:Package 'src/gazebo_ros2_control' with type 'ros.ament_cmake' and name 'gazebo_ros2_control'
[1.604s] Level 1:colcon.colcon_core.package_identification:_identify(src/robot_5a_moveit_config) by extensions ['ignore', 'ignore_ament_install']
[1.605s] Level 1:colcon.colcon_core.package_identification:_identify(src/robot_5a_moveit_config) by extension 'ignore'
[1.605s] Level 1:colcon.colcon_core.package_identification:_identify(src/robot_5a_moveit_config) by extension 'ignore_ament_install'
[1.605s] Level 1:colcon.colcon_core.package_identification:_identify(src/robot_5a_moveit_config) by extensions ['colcon_pkg']
[1.605s] Level 1:colcon.colcon_core.package_identification:_identify(src/robot_5a_moveit_config) by extension 'colcon_pkg'
[1.605s] Level 1:colcon.colcon_core.package_identification:_identify(src/robot_5a_moveit_config) by extensions ['colcon_meta']
[1.605s] Level 1:colcon.colcon_core.package_identification:_identify(src/robot_5a_moveit_config) by extension 'colcon_meta'
[1.605s] Level 1:colcon.colcon_core.package_identification:_identify(src/robot_5a_moveit_config) by extensions ['ros']
[1.605s] Level 1:colcon.colcon_core.package_identification:_identify(src/robot_5a_moveit_config) by extension 'ros'
[1.606s] DEBUG:colcon.colcon_core.package_identification:Package 'src/robot_5a_moveit_config' with type 'ros.ament_cmake' and name 'robot_5a_moveit_config'
[1.606s] Level 1:colcon.colcon_core.package_identification:_identify(src/robot_5a_urdf) by extensions ['ignore', 'ignore_ament_install']
[1.607s] Level 1:colcon.colcon_core.package_identification:_identify(src/robot_5a_urdf) by extension 'ignore'
[1.607s] Level 1:colcon.colcon_core.package_identification:_identify(src/robot_5a_urdf) by extension 'ignore_ament_install'
[1.607s] Level 1:colcon.colcon_core.package_identification:_identify(src/robot_5a_urdf) by extensions ['colcon_pkg']
[1.608s] Level 1:colcon.colcon_core.package_identification:_identify(src/robot_5a_urdf) by extension 'colcon_pkg'
[1.608s] Level 1:colcon.colcon_core.package_identification:_identify(src/robot_5a_urdf) by extensions ['colcon_meta']
[1.608s] Level 1:colcon.colcon_core.package_identification:_identify(src/robot_5a_urdf) by extension 'colcon_meta'
[1.608s] Level 1:colcon.colcon_core.package_identification:_identify(src/robot_5a_urdf) by extensions ['ros']
[1.608s] Level 1:colcon.colcon_core.package_identification:_identify(src/robot_5a_urdf) by extension 'ros'
[1.610s] DEBUG:colcon.colcon_core.package_identification:Package 'src/robot_5a_urdf' with type 'ros.ament_cmake' and name 'robot_5a_urdf'
[1.610s] Level 1:colcon.colcon_core.package_discovery:discover_packages(recursive) using defaults
[1.610s] Level 1:colcon.colcon_core.package_discovery:discover_packages(ignore) discover
[1.610s] Level 1:colcon.colcon_core.package_discovery:discover_packages(ignore) using defaults
[1.610s] Level 1:colcon.colcon_core.package_discovery:discover_packages(path) discover
[1.610s] Level 1:colcon.colcon_core.package_discovery:discover_packages(path) using defaults
[1.708s] Level 1:colcon.colcon_core.package_discovery:discover_packages(prefix_path) check parameters
[1.709s] Level 1:colcon.colcon_core.package_discovery:discover_packages(prefix_path) discover
[1.729s] DEBUG:colcon.colcon_installed_package_information.package_discovery:Found 3 installed packages in /home/bernardo/R5A_ROS_ws/install
[1.735s] DEBUG:colcon.colcon_installed_package_information.package_discovery:Found 415 installed packages in /opt/ros/humble
[1.739s] Level 1:colcon.colcon_core.package_discovery:discover_packages(prefix_path) using defaults
[2.031s] Level 5:colcon.colcon_core.verb:set package 'gazebo_ros2_control' build argument 'cmake_args' from command line to 'None'
[2.031s] Level 5:colcon.colcon_core.verb:set package 'gazebo_ros2_control' build argument 'cmake_target' from command line to 'None'
[2.031s] Level 5:colcon.colcon_core.verb:set package 'gazebo_ros2_control' build argument 'cmake_target_skip_unavailable' from command line to 'False'
[2.031s] Level 5:colcon.colcon_core.verb:set package 'gazebo_ros2_control' build argument 'cmake_clean_cache' from command line to 'False'
[2.031s] Level 5:colcon.colcon_core.verb:set package 'gazebo_ros2_control' build argument 'cmake_clean_first' from command line to 'False'
[2.031s] Level 5:colcon.colcon_core.verb:set package 'gazebo_ros2_control' build argument 'cmake_force_configure' from command line to 'False'
[2.031s] Level 5:colcon.colcon_core.verb:set package 'gazebo_ros2_control' build argument 'ament_cmake_args' from command line to 'None'
[2.031s] Level 5:colcon.colcon_core.verb:set package 'gazebo_ros2_control' build argument 'catkin_cmake_args' from command line to 'None'
[2.031s] Level 5:colcon.colcon_core.verb:set package 'gazebo_ros2_control' build argument 'catkin_skip_building_tests' from command line to 'False'
[2.031s] DEBUG:colcon.colcon_core.verb:Building package 'gazebo_ros2_control' with the following arguments: {'ament_cmake_args': None, 'build_base': '/home/bernardo/R5A_ROS_ws/build/gazebo_ros2_control', 'catkin_cmake_args': None, 'catkin_skip_building_tests': False, 'cmake_args': None, 'cmake_clean_cache': False, 'cmake_clean_first': False, 'cmake_force_configure': False, 'cmake_target': None, 'cmake_target_skip_unavailable': False, 'install_base': '/home/bernardo/R5A_ROS_ws/install/gazebo_ros2_control', 'merge_install': False, 'path': '/home/bernardo/R5A_ROS_ws/src/gazebo_ros2_control', 'symlink_install': False, 'test_result_base': None}
[2.032s] Level 5:colcon.colcon_core.verb:set package 'robot_5a_moveit_config' build argument 'cmake_args' from command line to 'None'
[2.032s] Level 5:colcon.colcon_core.verb:set package 'robot_5a_moveit_config' build argument 'cmake_target' from command line to 'None'
[2.032s] Level 5:colcon.colcon_core.verb:set package 'robot_5a_moveit_config' build argument 'cmake_target_skip_unavailable' from command line to 'False'
[2.032s] Level 5:colcon.colcon_core.verb:set package 'robot_5a_moveit_config' build argument 'cmake_clean_cache' from command line to 'False'
[2.032s] Level 5:colcon.colcon_core.verb:set package 'robot_5a_moveit_config' build argument 'cmake_clean_first' from command line to 'False'
[2.032s] Level 5:colcon.colcon_core.verb:set package 'robot_5a_moveit_config' build argument 'cmake_force_configure' from command line to 'False'
[2.032s] Level 5:colcon.colcon_core.verb:set package 'robot_5a_moveit_config' build argument 'ament_cmake_args' from command line to 'None'
[2.032s] Level 5:colcon.colcon_core.verb:set package 'robot_5a_moveit_config' build argument 'catkin_cmake_args' from command line to 'None'
[2.032s] Level 5:colcon.colcon_core.verb:set package 'robot_5a_moveit_config' build argument 'catkin_skip_building_tests' from command line to 'False'
[2.032s] DEBUG:colcon.colcon_core.verb:Building package 'robot_5a_moveit_config' with the following arguments: {'ament_cmake_args': None, 'build_base': '/home/bernardo/R5A_ROS_ws/build/robot_5a_moveit_config', 'catkin_cmake_args': None, 'catkin_skip_building_tests': False, 'cmake_args': None, 'cmake_clean_cache': False, 'cmake_clean_first': False, 'cmake_force_configure': False, 'cmake_target': None, 'cmake_target_skip_unavailable': False, 'install_base': '/home/bernardo/R5A_ROS_ws/install/robot_5a_moveit_config', 'merge_install': False, 'path': '/home/bernardo/R5A_ROS_ws/src/robot_5a_moveit_config', 'symlink_install': False, 'test_result_base': None}
[2.032s] Level 5:colcon.colcon_core.verb:set package 'robot_5a_urdf' build argument 'cmake_args' from command line to 'None'
[2.032s] Level 5:colcon.colcon_core.verb:set package 'robot_5a_urdf' build argument 'cmake_target' from command line to 'None'
[2.032s] Level 5:colcon.colcon_core.verb:set package 'robot_5a_urdf' build argument 'cmake_target_skip_unavailable' from command line to 'False'
[2.032s] Level 5:colcon.colcon_core.verb:set package 'robot_5a_urdf' build argument 'cmake_clean_cache' from command line to 'False'
[2.032s] Level 5:colcon.colcon_core.verb:set package 'robot_5a_urdf' build argument 'cmake_clean_first' from command line to 'False'
[2.032s] Level 5:colcon.colcon_core.verb:set package 'robot_5a_urdf' build argument 'cmake_force_configure' from command line to 'False'
[2.032s] Level 5:colcon.colcon_core.verb:set package 'robot_5a_urdf' build argument 'ament_cmake_args' from command line to 'None'
[2.032s] Level 5:colcon.colcon_core.verb:set package 'robot_5a_urdf' build argument 'catkin_cmake_args' from command line to 'None'
[2.032s] Level 5:colcon.colcon_core.verb:set package 'robot_5a_urdf' build argument 'catkin_skip_building_tests' from command line to 'False'
[2.032s] DEBUG:colcon.colcon_core.verb:Building package 'robot_5a_urdf' with the following arguments: {'ament_cmake_args': None, 'build_base': '/home/bernardo/R5A_ROS_ws/build/robot_5a_urdf', 'catkin_cmake_args': None, 'catkin_skip_building_tests': False, 'cmake_args': None, 'cmake_clean_cache': False, 'cmake_clean_first': False, 'cmake_force_configure': False, 'cmake_target': None, 'cmake_target_skip_unavailable': False, 'install_base': '/home/bernardo/R5A_ROS_ws/install/robot_5a_urdf', 'merge_install': False, 'path': '/home/bernardo/R5A_ROS_ws/src/robot_5a_urdf', 'symlink_install': False, 'test_result_base': None}
[2.032s] INFO:colcon.colcon_core.executor:Executing jobs using 'parallel' executor
[2.034s] DEBUG:colcon.colcon_parallel_executor.executor.parallel:run_until_complete
[2.034s] INFO:colcon.colcon_ros.task.ament_cmake.build:Building ROS package in '/home/bernardo/R5A_ROS_ws/src/gazebo_ros2_control' with build type 'ament_cmake'
[2.035s] INFO:colcon.colcon_cmake.task.cmake.build:Building CMake package in '/home/bernardo/R5A_ROS_ws/src/gazebo_ros2_control'
[2.059s] INFO:colcon.colcon_core.plugin_system:Skipping extension 'colcon_core.shell.bat': Not used on non-Windows systems
[2.059s] INFO:colcon.colcon_core.shell:Skip shell extension 'powershell' for command environment: Not usable outside of PowerShell
[2.059s] DEBUG:colcon.colcon_core.shell:Skip shell extension 'dsv' for command environment
[2.070s] INFO:colcon.colcon_ros.task.ament_cmake.build:Building ROS package in '/home/bernardo/R5A_ROS_ws/src/robot_5a_moveit_config' with build type 'ament_cmake'
[2.070s] INFO:colcon.colcon_cmake.task.cmake.build:Building CMake package in '/home/bernardo/R5A_ROS_ws/src/robot_5a_moveit_config'
[2.070s] INFO:colcon.colcon_core.shell:Skip shell extension 'powershell' for command environment: Not usable outside of PowerShell
[2.071s] DEBUG:colcon.colcon_core.shell:Skip shell extension 'dsv' for command environment
[2.119s] DEBUG:colcon.colcon_core.event_handler.log_command:Invoking command in '/home/bernardo/R5A_ROS_ws/build/gazebo_ros2_control': CMAKE_PREFIX_PATH=${CMAKE_PREFIX_PATH}:/opt/ros/humble /usr/bin/cmake --build /home/bernardo/R5A_ROS_ws/build/gazebo_ros2_control -- -j3 -l3
[2.196s] DEBUG:colcon.colcon_core.event_handler.log_command:Invoking command in '/home/bernardo/R5A_ROS_ws/build/robot_5a_moveit_config': CMAKE_PREFIX_PATH=${CMAKE_PREFIX_PATH}:/opt/ros/humble /usr/bin/cmake --build /home/bernardo/R5A_ROS_ws/build/robot_5a_moveit_config -- -j3 -l3
[2.488s] DEBUG:colcon.colcon_core.event_handler.log_command:Invoked command in '/home/bernardo/R5A_ROS_ws/build/robot_5a_moveit_config' returned '0': CMAKE_PREFIX_PATH=${CMAKE_PREFIX_PATH}:/opt/ros/humble /usr/bin/cmake --build /home/bernardo/R5A_ROS_ws/build/robot_5a_moveit_config -- -j3 -l3
[2.576s] DEBUG:colcon.colcon_core.event_handler.log_command:Invoking command in '/home/bernardo/R5A_ROS_ws/build/robot_5a_moveit_config': CMAKE_PREFIX_PATH=${CMAKE_PREFIX_PATH}:/opt/ros/humble /usr/bin/cmake --install /home/bernardo/R5A_ROS_ws/build/robot_5a_moveit_config
[2.633s] Level 1:colcon.colcon_core.environment:create_environment_scripts_only(robot_5a_moveit_config)
[2.634s] DEBUG:colcon.colcon_core.event_handler.log_command:Invoked command in '/home/bernardo/R5A_ROS_ws/build/robot_5a_moveit_config' returned '0': CMAKE_PREFIX_PATH=${CMAKE_PREFIX_PATH}:/opt/ros/humble /usr/bin/cmake --install /home/bernardo/R5A_ROS_ws/build/robot_5a_moveit_config
[2.661s] Level 1:colcon.colcon_core.environment:checking '/home/bernardo/R5A_ROS_ws/install/robot_5a_moveit_config' for CMake module files
[2.662s] Level 1:colcon.colcon_core.environment:checking '/home/bernardo/R5A_ROS_ws/install/robot_5a_moveit_config' for CMake config files
[2.662s] Level 1:colcon.colcon_core.shell:create_environment_hook('robot_5a_moveit_config', 'cmake_prefix_path')
[2.662s] INFO:colcon.colcon_core.shell:Creating environment hook '/home/bernardo/R5A_ROS_ws/install/robot_5a_moveit_config/share/robot_5a_moveit_config/hook/cmake_prefix_path.ps1'
[2.665s] INFO:colcon.colcon_core.shell:Creating environment descriptor '/home/bernardo/R5A_ROS_ws/install/robot_5a_moveit_config/share/robot_5a_moveit_config/hook/cmake_prefix_path.dsv'
[2.667s] INFO:colcon.colcon_core.shell:Creating environment hook '/home/bernardo/R5A_ROS_ws/install/robot_5a_moveit_config/share/robot_5a_moveit_config/hook/cmake_prefix_path.sh'
[2.670s] Level 1:colcon.colcon_core.environment:checking '/home/bernardo/R5A_ROS_ws/install/robot_5a_moveit_config/bin'
[2.670s] Level 1:colcon.colcon_core.environment:checking '/home/bernardo/R5A_ROS_ws/install/robot_5a_moveit_config/lib/pkgconfig/robot_5a_moveit_config.pc'
[2.670s] Level 1:colcon.colcon_core.environment:checking '/home/bernardo/R5A_ROS_ws/install/robot_5a_moveit_config/lib/python3.10/site-packages'
[2.670s] Level 1:colcon.colcon_core.environment:checking '/home/bernardo/R5A_ROS_ws/install/robot_5a_moveit_config/bin'
[2.671s] INFO:colcon.colcon_core.shell:Creating package script '/home/bernardo/R5A_ROS_ws/install/robot_5a_moveit_config/share/robot_5a_moveit_config/package.ps1'
[2.673s] INFO:colcon.colcon_core.shell:Creating package descriptor '/home/bernardo/R5A_ROS_ws/install/robot_5a_moveit_config/share/robot_5a_moveit_config/package.dsv'
[2.676s] INFO:colcon.colcon_core.shell:Creating package script '/home/bernardo/R5A_ROS_ws/install/robot_5a_moveit_config/share/robot_5a_moveit_config/package.sh'
[2.679s] INFO:colcon.colcon_core.shell:Creating package script '/home/bernardo/R5A_ROS_ws/install/robot_5a_moveit_config/share/robot_5a_moveit_config/package.bash'
[2.684s] INFO:colcon.colcon_core.shell:Creating package script '/home/bernardo/R5A_ROS_ws/install/robot_5a_moveit_config/share/robot_5a_moveit_config/package.zsh'
[2.690s] Level 1:colcon.colcon_core.environment:create_file_with_runtime_dependencies(/home/bernardo/R5A_ROS_ws/install/robot_5a_moveit_config/share/colcon-core/packages/robot_5a_moveit_config)
[2.777s] Level 1:colcon.colcon_core.environment:create_environment_scripts_only(robot_5a_moveit_config)
[2.778s] Level 1:colcon.colcon_core.environment:checking '/home/bernardo/R5A_ROS_ws/install/robot_5a_moveit_config' for CMake module files
[2.778s] Level 1:colcon.colcon_core.environment:checking '/home/bernardo/R5A_ROS_ws/install/robot_5a_moveit_config' for CMake config files
[2.778s] Level 1:colcon.colcon_core.shell:create_environment_hook('robot_5a_moveit_config', 'cmake_prefix_path')
[2.778s] INFO:colcon.colcon_core.shell:Creating environment hook '/home/bernardo/R5A_ROS_ws/install/robot_5a_moveit_config/share/robot_5a_moveit_config/hook/cmake_prefix_path.ps1'
[2.779s] INFO:colcon.colcon_core.shell:Creating environment descriptor '/home/bernardo/R5A_ROS_ws/install/robot_5a_moveit_config/share/robot_5a_moveit_config/hook/cmake_prefix_path.dsv'
[2.780s] INFO:colcon.colcon_core.shell:Creating environment hook '/home/bernardo/R5A_ROS_ws/install/robot_5a_moveit_config/share/robot_5a_moveit_config/hook/cmake_prefix_path.sh'
[2.781s] Level 1:colcon.colcon_core.environment:checking '/home/bernardo/R5A_ROS_ws/install/robot_5a_moveit_config/bin'
[2.781s] Level 1:colcon.colcon_core.environment:checking '/home/bernardo/R5A_ROS_ws/install/robot_5a_moveit_config/lib/pkgconfig/robot_5a_moveit_config.pc'
[2.782s] Level 1:colcon.colcon_core.environment:checking '/home/bernardo/R5A_ROS_ws/install/robot_5a_moveit_config/lib/python3.10/site-packages'
[2.782s] Level 1:colcon.colcon_core.environment:checking '/home/bernardo/R5A_ROS_ws/install/robot_5a_moveit_config/bin'
[2.782s] INFO:colcon.colcon_core.shell:Creating package script '/home/bernardo/R5A_ROS_ws/install/robot_5a_moveit_config/share/robot_5a_moveit_config/package.ps1'
[2.783s] INFO:colcon.colcon_core.shell:Creating package descriptor '/home/bernardo/R5A_ROS_ws/install/robot_5a_moveit_config/share/robot_5a_moveit_config/package.dsv'
[2.784s] INFO:colcon.colcon_core.shell:Creating package script '/home/bernardo/R5A_ROS_ws/install/robot_5a_moveit_config/share/robot_5a_moveit_config/package.sh'
[2.785s] INFO:colcon.colcon_core.shell:Creating package script '/home/bernardo/R5A_ROS_ws/install/robot_5a_moveit_config/share/robot_5a_moveit_config/package.bash'
[2.785s] INFO:colcon.colcon_core.shell:Creating package script '/home/bernardo/R5A_ROS_ws/install/robot_5a_moveit_config/share/robot_5a_moveit_config/package.zsh'
[2.786s] Level 1:colcon.colcon_core.environment:create_file_with_runtime_dependencies(/home/bernardo/R5A_ROS_ws/install/robot_5a_moveit_config/share/colcon-core/packages/robot_5a_moveit_config)
[3.107s] DEBUG:colcon.colcon_core.event_handler.log_command:Invoked command in '/home/bernardo/R5A_ROS_ws/build/gazebo_ros2_control' returned '0': CMAKE_PREFIX_PATH=${CMAKE_PREFIX_PATH}:/opt/ros/humble /usr/bin/cmake --build /home/bernardo/R5A_ROS_ws/build/gazebo_ros2_control -- -j3 -l3
[3.178s] DEBUG:colcon.colcon_core.event_handler.log_command:Invoking command in '/home/bernardo/R5A_ROS_ws/build/gazebo_ros2_control': CMAKE_PREFIX_PATH=${CMAKE_PREFIX_PATH}:/opt/ros/humble /usr/bin/cmake --install /home/bernardo/R5A_ROS_ws/build/gazebo_ros2_control
[3.208s] Level 1:colcon.colcon_core.environment:create_environment_scripts_only(gazebo_ros2_control)
[3.208s] DEBUG:colcon.colcon_core.event_handler.log_command:Invoked command in '/home/bernardo/R5A_ROS_ws/build/gazebo_ros2_control' returned '0': CMAKE_PREFIX_PATH=${CMAKE_PREFIX_PATH}:/opt/ros/humble /usr/bin/cmake --install /home/bernardo/R5A_ROS_ws/build/gazebo_ros2_control
[3.209s] Level 1:colcon.colcon_core.environment:checking '/home/bernardo/R5A_ROS_ws/install/gazebo_ros2_control' for CMake module files
[3.211s] Level 1:colcon.colcon_core.environment:checking '/home/bernardo/R5A_ROS_ws/install/gazebo_ros2_control' for CMake config files
[3.214s] Level 1:colcon.colcon_core.shell:create_environment_hook('gazebo_ros2_control', 'cmake_prefix_path')
[3.215s] INFO:colcon.colcon_core.shell:Creating environment hook '/home/bernardo/R5A_ROS_ws/install/gazebo_ros2_control/share/gazebo_ros2_control/hook/cmake_prefix_path.ps1'
[3.215s] INFO:colcon.colcon_core.shell:Creating environment descriptor '/home/bernardo/R5A_ROS_ws/install/gazebo_ros2_control/share/gazebo_ros2_control/hook/cmake_prefix_path.dsv'
[3.216s] INFO:colcon.colcon_core.shell:Creating environment hook '/home/bernardo/R5A_ROS_ws/install/gazebo_ros2_control/share/gazebo_ros2_control/hook/cmake_prefix_path.sh'
[3.216s] Level 1:colcon.colcon_core.environment:checking '/home/bernardo/R5A_ROS_ws/install/gazebo_ros2_control/lib'
[3.216s] Level 1:colcon.colcon_core.shell:create_environment_hook('gazebo_ros2_control', 'ld_library_path_lib')
[3.217s] INFO:colcon.colcon_core.shell:Creating environment hook '/home/bernardo/R5A_ROS_ws/install/gazebo_ros2_control/share/gazebo_ros2_control/hook/ld_library_path_lib.ps1'
[3.217s] INFO:colcon.colcon_core.shell:Creating environment descriptor '/home/bernardo/R5A_ROS_ws/install/gazebo_ros2_control/share/gazebo_ros2_control/hook/ld_library_path_lib.dsv'
[3.218s] INFO:colcon.colcon_core.shell:Creating environment hook '/home/bernardo/R5A_ROS_ws/install/gazebo_ros2_control/share/gazebo_ros2_control/hook/ld_library_path_lib.sh'
[3.218s] Level 1:colcon.colcon_core.environment:checking '/home/bernardo/R5A_ROS_ws/install/gazebo_ros2_control/bin'
[3.218s] Level 1:colcon.colcon_core.environment:checking '/home/bernardo/R5A_ROS_ws/install/gazebo_ros2_control/lib/pkgconfig/gazebo_ros2_control.pc'
[3.221s] Level 1:colcon.colcon_core.environment:checking '/home/bernardo/R5A_ROS_ws/install/gazebo_ros2_control/lib/python3.10/site-packages'
[3.222s] Level 1:colcon.colcon_core.environment:checking '/home/bernardo/R5A_ROS_ws/install/gazebo_ros2_control/bin'
[3.222s] INFO:colcon.colcon_core.shell:Creating package script '/home/bernardo/R5A_ROS_ws/install/gazebo_ros2_control/share/gazebo_ros2_control/package.ps1'
[3.222s] INFO:colcon.colcon_core.shell:Creating package descriptor '/home/bernardo/R5A_ROS_ws/install/gazebo_ros2_control/share/gazebo_ros2_control/package.dsv'
[3.223s] INFO:colcon.colcon_core.shell:Creating package script '/home/bernardo/R5A_ROS_ws/install/gazebo_ros2_control/share/gazebo_ros2_control/package.sh'
[3.224s] INFO:colcon.colcon_core.shell:Creating package script '/home/bernardo/R5A_ROS_ws/install/gazebo_ros2_control/share/gazebo_ros2_control/package.bash'
[3.224s] INFO:colcon.colcon_core.shell:Creating package script '/home/bernardo/R5A_ROS_ws/install/gazebo_ros2_control/share/gazebo_ros2_control/package.zsh'
[3.225s] Level 1:colcon.colcon_core.environment:create_file_with_runtime_dependencies(/home/bernardo/R5A_ROS_ws/install/gazebo_ros2_control/share/colcon-core/packages/gazebo_ros2_control)
[3.303s] Level 1:colcon.colcon_core.environment:create_environment_scripts_only(gazebo_ros2_control)
[3.303s] Level 1:colcon.colcon_core.environment:checking '/home/bernardo/R5A_ROS_ws/install/gazebo_ros2_control' for CMake module files
[3.303s] Level 1:colcon.colcon_core.environment:checking '/home/bernardo/R5A_ROS_ws/install/gazebo_ros2_control' for CMake config files
[3.304s] Level 1:colcon.colcon_core.shell:create_environment_hook('gazebo_ros2_control', 'cmake_prefix_path')
[3.304s] INFO:colcon.colcon_core.shell:Creating environment hook '/home/bernardo/R5A_ROS_ws/install/gazebo_ros2_control/share/gazebo_ros2_control/hook/cmake_prefix_path.ps1'
[3.304s] INFO:colcon.colcon_core.shell:Creating environment descriptor '/home/bernardo/R5A_ROS_ws/install/gazebo_ros2_control/share/gazebo_ros2_control/hook/cmake_prefix_path.dsv'
[3.305s] INFO:colcon.colcon_core.shell:Creating environment hook '/home/bernardo/R5A_ROS_ws/install/gazebo_ros2_control/share/gazebo_ros2_control/hook/cmake_prefix_path.sh'
[3.306s] Level 1:colcon.colcon_core.environment:checking '/home/bernardo/R5A_ROS_ws/install/gazebo_ros2_control/lib'
[3.306s] Level 1:colcon.colcon_core.shell:create_environment_hook('gazebo_ros2_control', 'ld_library_path_lib')
[3.306s] INFO:colcon.colcon_core.shell:Creating environment hook '/home/bernardo/R5A_ROS_ws/install/gazebo_ros2_control/share/gazebo_ros2_control/hook/ld_library_path_lib.ps1'
[3.307s] INFO:colcon.colcon_core.shell:Creating environment descriptor '/home/bernardo/R5A_ROS_ws/install/gazebo_ros2_control/share/gazebo_ros2_control/hook/ld_library_path_lib.dsv'
[3.308s] INFO:colcon.colcon_core.shell:Creating environment hook '/home/bernardo/R5A_ROS_ws/install/gazebo_ros2_control/share/gazebo_ros2_control/hook/ld_library_path_lib.sh'
[3.309s] Level 1:colcon.colcon_core.environment:checking '/home/bernardo/R5A_ROS_ws/install/gazebo_ros2_control/bin'
[3.309s] Level 1:colcon.colcon_core.environment:checking '/home/bernardo/R5A_ROS_ws/install/gazebo_ros2_control/lib/pkgconfig/gazebo_ros2_control.pc'
[3.309s] Level 1:colcon.colcon_core.environment:checking '/home/bernardo/R5A_ROS_ws/install/gazebo_ros2_control/lib/python3.10/site-packages'
[3.309s] Level 1:colcon.colcon_core.environment:checking '/home/bernardo/R5A_ROS_ws/install/gazebo_ros2_control/bin'
[3.309s] INFO:colcon.colcon_core.shell:Creating package script '/home/bernardo/R5A_ROS_ws/install/gazebo_ros2_control/share/gazebo_ros2_control/package.ps1'
[3.310s] INFO:colcon.colcon_core.shell:Creating package descriptor '/home/bernardo/R5A_ROS_ws/install/gazebo_ros2_control/share/gazebo_ros2_control/package.dsv'
[3.310s] INFO:colcon.colcon_core.shell:Creating package script '/home/bernardo/R5A_ROS_ws/install/gazebo_ros2_control/share/gazebo_ros2_control/package.sh'
[3.311s] INFO:colcon.colcon_core.shell:Creating package script '/home/bernardo/R5A_ROS_ws/install/gazebo_ros2_control/share/gazebo_ros2_control/package.bash'
[3.312s] INFO:colcon.colcon_core.shell:Creating package script '/home/bernardo/R5A_ROS_ws/install/gazebo_ros2_control/share/gazebo_ros2_control/package.zsh'
[3.312s] Level 1:colcon.colcon_core.environment:create_file_with_runtime_dependencies(/home/bernardo/R5A_ROS_ws/install/gazebo_ros2_control/share/colcon-core/packages/gazebo_ros2_control)
[3.314s] INFO:colcon.colcon_ros.task.ament_cmake.build:Building ROS package in '/home/bernardo/R5A_ROS_ws/src/robot_5a_urdf' with build type 'ament_cmake'
[3.314s] INFO:colcon.colcon_cmake.task.cmake.build:Building CMake package in '/home/bernardo/R5A_ROS_ws/src/robot_5a_urdf'
[3.314s] INFO:colcon.colcon_core.shell:Skip shell extension 'powershell' for command environment: Not usable outside of PowerShell
[3.315s] DEBUG:colcon.colcon_core.shell:Skip shell extension 'dsv' for command environment
[3.358s] DEBUG:colcon.colcon_core.event_handler.log_command:Invoking command in '/home/bernardo/R5A_ROS_ws/build/robot_5a_urdf': CMAKE_PREFIX_PATH=/home/bernardo/R5A_ROS_ws/install/gazebo_ros2_control:/home/bernardo/R5A_ROS_ws/install/robot_5a_urdf:/home/bernardo/R5A_ROS_ws/install/robot_5a_moveit_config:/opt/ros/humble /usr/bin/cmake --build /home/bernardo/R5A_ROS_ws/build/robot_5a_urdf -- -j3 -l3
[3.482s] DEBUG:colcon.colcon_core.event_handler.log_command:Invoked command in '/home/bernardo/R5A_ROS_ws/build/robot_5a_urdf' returned '0': CMAKE_PREFIX_PATH=/home/bernardo/R5A_ROS_ws/install/gazebo_ros2_control:/home/bernardo/R5A_ROS_ws/install/robot_5a_urdf:/home/bernardo/R5A_ROS_ws/install/robot_5a_moveit_config:/opt/ros/humble /usr/bin/cmake --build /home/bernardo/R5A_ROS_ws/build/robot_5a_urdf -- -j3 -l3
[3.533s] DEBUG:colcon.colcon_core.event_handler.log_command:Invoking command in '/home/bernardo/R5A_ROS_ws/build/robot_5a_urdf': CMAKE_PREFIX_PATH=/home/bernardo/R5A_ROS_ws/install/gazebo_ros2_control:/home/bernardo/R5A_ROS_ws/install/robot_5a_urdf:/home/bernardo/R5A_ROS_ws/install/robot_5a_moveit_config:/opt/ros/humble /usr/bin/cmake --install /home/bernardo/R5A_ROS_ws/build/robot_5a_urdf
[3.572s] Level 1:colcon.colcon_core.environment:create_environment_scripts_only(robot_5a_urdf)
[3.573s] Level 1:colcon.colcon_core.environment:checking '/home/bernardo/R5A_ROS_ws/install/robot_5a_urdf' for CMake module files
[3.574s] DEBUG:colcon.colcon_core.event_handler.log_command:Invoked command in '/home/bernardo/R5A_ROS_ws/build/robot_5a_urdf' returned '0': CMAKE_PREFIX_PATH=/home/bernardo/R5A_ROS_ws/install/gazebo_ros2_control:/home/bernardo/R5A_ROS_ws/install/robot_5a_urdf:/home/bernardo/R5A_ROS_ws/install/robot_5a_moveit_config:/opt/ros/humble /usr/bin/cmake --install /home/bernardo/R5A_ROS_ws/build/robot_5a_urdf
[3.577s] Level 1:colcon.colcon_core.environment:checking '/home/bernardo/R5A_ROS_ws/install/robot_5a_urdf' for CMake config files
[3.580s] Level 1:colcon.colcon_core.shell:create_environment_hook('robot_5a_urdf', 'cmake_prefix_path')
[3.581s] INFO:colcon.colcon_core.shell:Creating environment hook '/home/bernardo/R5A_ROS_ws/install/robot_5a_urdf/share/robot_5a_urdf/hook/cmake_prefix_path.ps1'
[3.581s] INFO:colcon.colcon_core.shell:Creating environment descriptor '/home/bernardo/R5A_ROS_ws/install/robot_5a_urdf/share/robot_5a_urdf/hook/cmake_prefix_path.dsv'
[3.582s] INFO:colcon.colcon_core.shell:Creating environment hook '/home/bernardo/R5A_ROS_ws/install/robot_5a_urdf/share/robot_5a_urdf/hook/cmake_prefix_path.sh'
[3.582s] Level 1:colcon.colcon_core.environment:checking '/home/bernardo/R5A_ROS_ws/install/robot_5a_urdf/bin'
[3.582s] Level 1:colcon.colcon_core.environment:checking '/home/bernardo/R5A_ROS_ws/install/robot_5a_urdf/lib/pkgconfig/robot_5a_urdf.pc'
[3.583s] Level 1:colcon.colcon_core.environment:checking '/home/bernardo/R5A_ROS_ws/install/robot_5a_urdf/lib/python3.10/site-packages'
[3.583s] Level 1:colcon.colcon_core.environment:checking '/home/bernardo/R5A_ROS_ws/install/robot_5a_urdf/bin'
[3.584s] INFO:colcon.colcon_core.shell:Creating package script '/home/bernardo/R5A_ROS_ws/install/robot_5a_urdf/share/robot_5a_urdf/package.ps1'
[3.584s] INFO:colcon.colcon_core.shell:Creating package descriptor '/home/bernardo/R5A_ROS_ws/install/robot_5a_urdf/share/robot_5a_urdf/package.dsv'
[3.585s] INFO:colcon.colcon_core.shell:Creating package script '/home/bernardo/R5A_ROS_ws/install/robot_5a_urdf/share/robot_5a_urdf/package.sh'
[3.585s] INFO:colcon.colcon_core.shell:Creating package script '/home/bernardo/R5A_ROS_ws/install/robot_5a_urdf/share/robot_5a_urdf/package.bash'
[3.586s] INFO:colcon.colcon_core.shell:Creating package script '/home/bernardo/R5A_ROS_ws/install/robot_5a_urdf/share/robot_5a_urdf/package.zsh'
[3.586s] Level 1:colcon.colcon_core.environment:create_file_with_runtime_dependencies(/home/bernardo/R5A_ROS_ws/install/robot_5a_urdf/share/colcon-core/packages/robot_5a_urdf)
[3.631s] Level 1:colcon.colcon_core.environment:create_environment_scripts_only(robot_5a_urdf)
[3.632s] Level 1:colcon.colcon_core.environment:checking '/home/bernardo/R5A_ROS_ws/install/robot_5a_urdf' for CMake module files
[3.632s] Level 1:colcon.colcon_core.environment:checking '/home/bernardo/R5A_ROS_ws/install/robot_5a_urdf' for CMake config files
[3.632s] Level 1:colcon.colcon_core.shell:create_environment_hook('robot_5a_urdf', 'cmake_prefix_path')
[3.632s] INFO:colcon.colcon_core.shell:Creating environment hook '/home/bernardo/R5A_ROS_ws/install/robot_5a_urdf/share/robot_5a_urdf/hook/cmake_prefix_path.ps1'
[3.633s] INFO:colcon.colcon_core.shell:Creating environment descriptor '/home/bernardo/R5A_ROS_ws/install/robot_5a_urdf/share/robot_5a_urdf/hook/cmake_prefix_path.dsv'
[3.633s] INFO:colcon.colcon_core.shell:Creating environment hook '/home/bernardo/R5A_ROS_ws/install/robot_5a_urdf/share/robot_5a_urdf/hook/cmake_prefix_path.sh'
[3.634s] Level 1:colcon.colcon_core.environment:checking '/home/bernardo/R5A_ROS_ws/install/robot_5a_urdf/bin'
[3.635s] Level 1:colcon.colcon_core.environment:checking '/home/bernardo/R5A_ROS_ws/install/robot_5a_urdf/lib/pkgconfig/robot_5a_urdf.pc'
[3.635s] Level 1:colcon.colcon_core.environment:checking '/home/bernardo/R5A_ROS_ws/install/robot_5a_urdf/lib/python3.10/site-packages'
[3.635s] Level 1:colcon.colcon_core.environment:checking '/home/bernardo/R5A_ROS_ws/install/robot_5a_urdf/bin'
[3.635s] INFO:colcon.colcon_core.shell:Creating package script '/home/bernardo/R5A_ROS_ws/install/robot_5a_urdf/share/robot_5a_urdf/package.ps1'
[3.637s] INFO:colcon.colcon_core.shell:Creating package descriptor '/home/bernardo/R5A_ROS_ws/install/robot_5a_urdf/share/robot_5a_urdf/package.dsv'
[3.637s] INFO:colcon.colcon_core.shell:Creating package script '/home/bernardo/R5A_ROS_ws/install/robot_5a_urdf/share/robot_5a_urdf/package.sh'
[3.638s] INFO:colcon.colcon_core.shell:Creating package script '/home/bernardo/R5A_ROS_ws/install/robot_5a_urdf/share/robot_5a_urdf/package.bash'
[3.639s] INFO:colcon.colcon_core.shell:Creating package script '/home/bernardo/R5A_ROS_ws/install/robot_5a_urdf/share/robot_5a_urdf/package.zsh'
[3.639s] Level 1:colcon.colcon_core.environment:create_file_with_runtime_dependencies(/home/bernardo/R5A_ROS_ws/install/robot_5a_urdf/share/colcon-core/packages/robot_5a_urdf)
[3.640s] DEBUG:colcon.colcon_parallel_executor.executor.parallel:closing loop
[3.641s] DEBUG:colcon.colcon_parallel_executor.executor.parallel:loop closed
[3.641s] DEBUG:colcon.colcon_parallel_executor.executor.parallel:run_until_complete finished with '0'
[3.641s] DEBUG:colcon.colcon_core.event_reactor:joining thread
[3.693s] INFO:colcon.colcon_core.plugin_system:Skipping extension 'colcon_notification.desktop_notification.terminal_notifier': Not used on non-Darwin systems
[3.693s] INFO:colcon.colcon_core.plugin_system:Skipping extension 'colcon_notification.desktop_notification.win32': Not used on non-Windows systems
[3.693s] INFO:colcon.colcon_notification.desktop_notification:Sending desktop notification using 'notify2'
[3.775s] DEBUG:colcon.colcon_core.event_reactor:joined thread
[3.776s] INFO:colcon.colcon_core.shell:Creating prefix script '/home/bernardo/R5A_ROS_ws/install/local_setup.ps1'
[3.779s] INFO:colcon.colcon_core.shell:Creating prefix util module '/home/bernardo/R5A_ROS_ws/install/_local_setup_util_ps1.py'
[3.782s] INFO:colcon.colcon_core.shell:Creating prefix chain script '/home/bernardo/R5A_ROS_ws/install/setup.ps1'
[3.784s] INFO:colcon.colcon_core.shell:Creating prefix script '/home/bernardo/R5A_ROS_ws/install/local_setup.sh'
[3.785s] INFO:colcon.colcon_core.shell:Creating prefix util module '/home/bernardo/R5A_ROS_ws/install/_local_setup_util_sh.py'
[3.786s] INFO:colcon.colcon_core.shell:Creating prefix chain script '/home/bernardo/R5A_ROS_ws/install/setup.sh'
[3.788s] INFO:colcon.colcon_core.shell:Creating prefix script '/home/bernardo/R5A_ROS_ws/install/local_setup.bash'
[3.789s] INFO:colcon.colcon_core.shell:Creating prefix chain script '/home/bernardo/R5A_ROS_ws/install/setup.bash'
[3.791s] INFO:colcon.colcon_core.shell:Creating prefix script '/home/bernardo/R5A_ROS_ws/install/local_setup.zsh'
[3.793s] INFO:colcon.colcon_core.shell:Creating prefix chain script '/home/bernardo/R5A_ROS_ws/install/setup.zsh'
