[0.110s] Invoking command in '/home/bernardo/R5A_ROS_ws/build/robot_5a_moveit_config': CMAKE_PREFIX_PATH=${CMAKE_PREFIX_PATH}:/opt/ros/humble /usr/bin/cmake --build /home/bernardo/R5A_ROS_ws/build/robot_5a_moveit_config -- -j3 -l3
[0.402s] Invoked command in '/home/bernardo/R5A_ROS_ws/build/robot_5a_moveit_config' returned '0': CMAKE_PREFIX_PATH=${CMAKE_PREFIX_PATH}:/opt/ros/humble /usr/bin/cmake --build /home/bernardo/R5A_ROS_ws/build/robot_5a_moveit_config -- -j3 -l3
[0.490s] Invoking command in '/home/bernardo/R5A_ROS_ws/build/robot_5a_moveit_config': CMAKE_PREFIX_PATH=${CMAKE_PREFIX_PATH}:/opt/ros/humble /usr/bin/cmake --install /home/bernardo/R5A_ROS_ws/build/robot_5a_moveit_config
[0.510s] -- Install configuration: ""
[0.513s] -- Up-to-date: /home/bernardo/R5A_ROS_ws/install/robot_5a_moveit_config/share/ament_index/resource_index/package_run_dependencies/robot_5a_moveit_config
[0.514s] -- Up-to-date: /home/bernardo/R5A_ROS_ws/install/robot_5a_moveit_config/share/ament_index/resource_index/parent_prefix_path/robot_5a_moveit_config
[0.516s] -- Up-to-date: /home/bernardo/R5A_ROS_ws/install/robot_5a_moveit_config/share/robot_5a_moveit_config/environment/ament_prefix_path.sh
[0.517s] -- Up-to-date: /home/bernardo/R5A_ROS_ws/install/robot_5a_moveit_config/share/robot_5a_moveit_config/environment/ament_prefix_path.dsv
[0.519s] -- Up-to-date: /home/bernardo/R5A_ROS_ws/install/robot_5a_moveit_config/share/robot_5a_moveit_config/environment/path.sh
[0.519s] -- Up-to-date: /home/bernardo/R5A_ROS_ws/install/robot_5a_moveit_config/share/robot_5a_moveit_config/environment/path.dsv
[0.519s] -- Up-to-date: /home/bernardo/R5A_ROS_ws/install/robot_5a_moveit_config/share/robot_5a_moveit_config/local_setup.bash
[0.519s] -- Up-to-date: /home/bernardo/R5A_ROS_ws/install/robot_5a_moveit_config/share/robot_5a_moveit_config/local_setup.sh
[0.519s] -- Up-to-date: /home/bernardo/R5A_ROS_ws/install/robot_5a_moveit_config/share/robot_5a_moveit_config/local_setup.zsh
[0.520s] -- Up-to-date: /home/bernardo/R5A_ROS_ws/install/robot_5a_moveit_config/share/robot_5a_moveit_config/local_setup.dsv
[0.520s] -- Installing: /home/bernardo/R5A_ROS_ws/install/robot_5a_moveit_config/share/robot_5a_moveit_config/package.dsv
[0.539s] -- Up-to-date: /home/bernardo/R5A_ROS_ws/install/robot_5a_moveit_config/share/ament_index/resource_index/packages/robot_5a_moveit_config
[0.539s] -- Up-to-date: /home/bernardo/R5A_ROS_ws/install/robot_5a_moveit_config/share/robot_5a_moveit_config/cmake/robot_5a_moveit_configConfig.cmake
[0.539s] -- Up-to-date: /home/bernardo/R5A_ROS_ws/install/robot_5a_moveit_config/share/robot_5a_moveit_config/cmake/robot_5a_moveit_configConfig-version.cmake
[0.539s] -- Up-to-date: /home/bernardo/R5A_ROS_ws/install/robot_5a_moveit_config/share/robot_5a_moveit_config/package.xml
[0.548s] Invoked command in '/home/bernardo/R5A_ROS_ws/build/robot_5a_moveit_config' returned '0': CMAKE_PREFIX_PATH=${CMAKE_PREFIX_PATH}:/opt/ros/humble /usr/bin/cmake --install /home/bernardo/R5A_ROS_ws/build/robot_5a_moveit_config
