[0.119s] Invoking command in '/home/bernardo/R5A_ROS_ws/build/robot_5a_moveit_config': CMAKE_PREFIX_PATH=${CMAKE_PREFIX_PATH}:/opt/ros/humble /usr/bin/cmake --build /home/bernardo/R5A_ROS_ws/build/robot_5a_moveit_config -- -j3 -l3
[1.183s] Invoked command in '/home/bernardo/R5A_ROS_ws/build/robot_5a_moveit_config' returned '0': CMAKE_PREFIX_PATH=${CMAKE_PREFIX_PATH}:/opt/ros/humble /usr/bin/cmake --build /home/bernardo/R5A_ROS_ws/build/robot_5a_moveit_config -- -j3 -l3
[1.288s] Invoking command in '/home/bernardo/R5A_ROS_ws/build/robot_5a_moveit_config': CMAKE_PREFIX_PATH=${CMAKE_PREFIX_PATH}:/opt/ros/humble /usr/bin/cmake --install /home/bernardo/R5A_ROS_ws/build/robot_5a_moveit_config
[1.312s] -- Install configuration: ""
[1.313s] -- Up-to-date: /home/bernardo/R5A_ROS_ws/install/robot_5a_moveit_config/share/ament_index/resource_index/package_run_dependencies/robot_5a_moveit_config
[1.314s] -- Up-to-date: /home/bernardo/R5A_ROS_ws/install/robot_5a_moveit_config/share/ament_index/resource_index/parent_prefix_path/robot_5a_moveit_config
[1.317s] -- Up-to-date: /home/bernardo/R5A_ROS_ws/install/robot_5a_moveit_config/share/robot_5a_moveit_config/environment/ament_prefix_path.sh
[1.317s] -- Up-to-date: /home/bernardo/R5A_ROS_ws/install/robot_5a_moveit_config/share/robot_5a_moveit_config/environment/ament_prefix_path.dsv
[1.319s] -- Up-to-date: /home/bernardo/R5A_ROS_ws/install/robot_5a_moveit_config/share/robot_5a_moveit_config/environment/path.sh
[1.319s] -- Up-to-date: /home/bernardo/R5A_ROS_ws/install/robot_5a_moveit_config/share/robot_5a_moveit_config/environment/path.dsv
[1.319s] -- Up-to-date: /home/bernardo/R5A_ROS_ws/install/robot_5a_moveit_config/share/robot_5a_moveit_config/local_setup.bash
[1.319s] -- Up-to-date: /home/bernardo/R5A_ROS_ws/install/robot_5a_moveit_config/share/robot_5a_moveit_config/local_setup.sh
[1.319s] -- Up-to-date: /home/bernardo/R5A_ROS_ws/install/robot_5a_moveit_config/share/robot_5a_moveit_config/local_setup.zsh
[1.319s] -- Up-to-date: /home/bernardo/R5A_ROS_ws/install/robot_5a_moveit_config/share/robot_5a_moveit_config/local_setup.dsv
[1.319s] -- Installing: /home/bernardo/R5A_ROS_ws/install/robot_5a_moveit_config/share/robot_5a_moveit_config/package.dsv
[1.324s] -- Up-to-date: /home/bernardo/R5A_ROS_ws/install/robot_5a_moveit_config/share/ament_index/resource_index/packages/robot_5a_moveit_config
[1.325s] -- Up-to-date: /home/bernardo/R5A_ROS_ws/install/robot_5a_moveit_config/share/robot_5a_moveit_config/cmake/robot_5a_moveit_configConfig.cmake
[1.325s] -- Up-to-date: /home/bernardo/R5A_ROS_ws/install/robot_5a_moveit_config/share/robot_5a_moveit_config/cmake/robot_5a_moveit_configConfig-version.cmake
[1.325s] -- Up-to-date: /home/bernardo/R5A_ROS_ws/install/robot_5a_moveit_config/share/robot_5a_moveit_config/package.xml
[1.333s] Invoked command in '/home/bernardo/R5A_ROS_ws/build/robot_5a_moveit_config' returned '0': CMAKE_PREFIX_PATH=${CMAKE_PREFIX_PATH}:/opt/ros/humble /usr/bin/cmake --install /home/bernardo/R5A_ROS_ws/build/robot_5a_moveit_config
