[1.741s] DEBUG:colcon:Command line arguments: ['/usr/bin/colcon', 'build']
[1.742s] DEBUG:colcon:Parsed command line arguments: Namespace(log_base=None, log_level=None, verb_name='build', build_base='build', install_base='install', merge_install=False, symlink_install=False, test_result_base=None, continue_on_error=False, executor='parallel', parallel_workers=3, event_handlers=None, ignore_user_meta=False, metas=['./colcon.meta'], base_paths=['.'], packages_ignore=None, packages_ignore_regex=None, paths=None, packages_up_to=None, packages_up_to_regex=None, packages_above=None, packages_above_and_dependencies=None, packages_above_depth=None, packages_select_by_dep=None, packages_skip_by_dep=None, packages_skip_up_to=None, packages_select_build_failed=False, packages_skip_build_finished=False, packages_select_test_failures=False, packages_skip_test_passed=False, packages_select=None, packages_skip=None, packages_select_regex=None, packages_skip_regex=None, packages_start=None, packages_end=None, allow_overriding=[], cmake_args=None, cmake_target=None, cmake_target_skip_unavailable=False, cmake_clean_cache=False, cmake_clean_first=False, cmake_force_configure=False, ament_cmake_args=None, catkin_cmake_args=None, catkin_skip_building_tests=False, verb_parser=<colcon_defaults.argument_parser.defaults.DefaultArgumentsDecorator object at 0x728796339ae0>, verb_extension=<colcon_core.verb.build.BuildVerb object at 0x7287963395d0>, main=<bound method BuildVerb.main of <colcon_core.verb.build.BuildVerb object at 0x7287963395d0>>)
[2.816s] Level 1:colcon.colcon_core.package_discovery:discover_packages(colcon_meta) check parameters
[2.817s] Level 1:colcon.colcon_core.package_discovery:discover_packages(recursive) check parameters
[2.817s] Level 1:colcon.colcon_core.package_discovery:discover_packages(ignore) check parameters
[2.817s] Level 1:colcon.colcon_core.package_discovery:discover_packages(path) check parameters
[2.817s] Level 1:colcon.colcon_core.package_discovery:discover_packages(colcon_meta) discover
[2.817s] Level 1:colcon.colcon_core.package_discovery:discover_packages(recursive) discover
[2.817s] INFO:colcon.colcon_core.package_discovery:Crawling recursively for packages in '/home/bernardo/R5A_ROS_ws'
[2.817s] Level 1:colcon.colcon_core.package_identification:_identify(.) by extensions ['ignore', 'ignore_ament_install']
[2.817s] Level 1:colcon.colcon_core.package_identification:_identify(.) by extension 'ignore'
[2.817s] Level 1:colcon.colcon_core.package_identification:_identify(.) by extension 'ignore_ament_install'
[2.817s] Level 1:colcon.colcon_core.package_identification:_identify(.) by extensions ['colcon_pkg']
[2.817s] Level 1:colcon.colcon_core.package_identification:_identify(.) by extension 'colcon_pkg'
[2.818s] Level 1:colcon.colcon_core.package_identification:_identify(.) by extensions ['colcon_meta']
[2.818s] Level 1:colcon.colcon_core.package_identification:_identify(.) by extension 'colcon_meta'
[2.818s] Level 1:colcon.colcon_core.package_identification:_identify(.) by extensions ['ros']
[2.818s] Level 1:colcon.colcon_core.package_identification:_identify(.) by extension 'ros'
[2.853s] Level 1:colcon.colcon_core.package_identification:_identify(.) by extensions ['cmake', 'python']
[2.853s] Level 1:colcon.colcon_core.package_identification:_identify(.) by extension 'cmake'
[2.853s] Level 1:colcon.colcon_core.package_identification:_identify(.) by extension 'python'
[2.853s] Level 1:colcon.colcon_core.package_identification:_identify(.) by extensions ['python_setup_py']
[2.853s] Level 1:colcon.colcon_core.package_identification:_identify(.) by extension 'python_setup_py'
[2.854s] Level 1:colcon.colcon_core.package_identification:_identify(build) by extensions ['ignore', 'ignore_ament_install']
[2.854s] Level 1:colcon.colcon_core.package_identification:_identify(build) by extension 'ignore'
[2.854s] Level 1:colcon.colcon_core.package_identification:_identify(build) ignored
[2.854s] Level 1:colcon.colcon_core.package_identification:_identify(install) by extensions ['ignore', 'ignore_ament_install']
[2.854s] Level 1:colcon.colcon_core.package_identification:_identify(install) by extension 'ignore'
[2.854s] Level 1:colcon.colcon_core.package_identification:_identify(install) ignored
[2.854s] Level 1:colcon.colcon_core.package_identification:_identify(log) by extensions ['ignore', 'ignore_ament_install']
[2.854s] Level 1:colcon.colcon_core.package_identification:_identify(log) by extension 'ignore'
[2.854s] Level 1:colcon.colcon_core.package_identification:_identify(log) ignored
[2.854s] Level 1:colcon.colcon_core.package_identification:_identify(src) by extensions ['ignore', 'ignore_ament_install']
[2.854s] Level 1:colcon.colcon_core.package_identification:_identify(src) by extension 'ignore'
[2.854s] Level 1:colcon.colcon_core.package_identification:_identify(src) by extension 'ignore_ament_install'
[2.854s] Level 1:colcon.colcon_core.package_identification:_identify(src) by extensions ['colcon_pkg']
[2.854s] Level 1:colcon.colcon_core.package_identification:_identify(src) by extension 'colcon_pkg'
[2.854s] Level 1:colcon.colcon_core.package_identification:_identify(src) by extensions ['colcon_meta']
[2.855s] Level 1:colcon.colcon_core.package_identification:_identify(src) by extension 'colcon_meta'
[2.855s] Level 1:colcon.colcon_core.package_identification:_identify(src) by extensions ['ros']
[2.855s] Level 1:colcon.colcon_core.package_identification:_identify(src) by extension 'ros'
[2.855s] Level 1:colcon.colcon_core.package_identification:_identify(src) by extensions ['cmake', 'python']
[2.855s] Level 1:colcon.colcon_core.package_identification:_identify(src) by extension 'cmake'
[2.855s] Level 1:colcon.colcon_core.package_identification:_identify(src) by extension 'python'
[2.855s] Level 1:colcon.colcon_core.package_identification:_identify(src) by extensions ['python_setup_py']
[2.855s] Level 1:colcon.colcon_core.package_identification:_identify(src) by extension 'python_setup_py'
[2.855s] Level 1:colcon.colcon_core.package_identification:_identify(src/gazebo_ros2_control) by extensions ['ignore', 'ignore_ament_install']
[2.855s] Level 1:colcon.colcon_core.package_identification:_identify(src/gazebo_ros2_control) by extension 'ignore'
[2.855s] Level 1:colcon.colcon_core.package_identification:_identify(src/gazebo_ros2_control) by extension 'ignore_ament_install'
[2.855s] Level 1:colcon.colcon_core.package_identification:_identify(src/gazebo_ros2_control) by extensions ['colcon_pkg']
[2.855s] Level 1:colcon.colcon_core.package_identification:_identify(src/gazebo_ros2_control) by extension 'colcon_pkg'
[2.855s] Level 1:colcon.colcon_core.package_identification:_identify(src/gazebo_ros2_control) by extensions ['colcon_meta']
[2.855s] Level 1:colcon.colcon_core.package_identification:_identify(src/gazebo_ros2_control) by extension 'colcon_meta'
[2.855s] Level 1:colcon.colcon_core.package_identification:_identify(src/gazebo_ros2_control) by extensions ['ros']
[2.855s] Level 1:colcon.colcon_core.package_identification:_identify(src/gazebo_ros2_control) by extension 'ros'
[2.866s] DEBUG:colcon.colcon_core.package_identification:Package 'src/gazebo_ros2_control' with type 'ros.ament_cmake' and name 'gazebo_ros2_control'
[2.866s] Level 1:colcon.colcon_core.package_identification:_identify(src/robot_5a_moveit_config) by extensions ['ignore', 'ignore_ament_install']
[2.866s] Level 1:colcon.colcon_core.package_identification:_identify(src/robot_5a_moveit_config) by extension 'ignore'
[2.866s] Level 1:colcon.colcon_core.package_identification:_identify(src/robot_5a_moveit_config) by extension 'ignore_ament_install'
[2.866s] Level 1:colcon.colcon_core.package_identification:_identify(src/robot_5a_moveit_config) by extensions ['colcon_pkg']
[2.866s] Level 1:colcon.colcon_core.package_identification:_identify(src/robot_5a_moveit_config) by extension 'colcon_pkg'
[2.866s] Level 1:colcon.colcon_core.package_identification:_identify(src/robot_5a_moveit_config) by extensions ['colcon_meta']
[2.866s] Level 1:colcon.colcon_core.package_identification:_identify(src/robot_5a_moveit_config) by extension 'colcon_meta'
[2.866s] Level 1:colcon.colcon_core.package_identification:_identify(src/robot_5a_moveit_config) by extensions ['ros']
[2.867s] Level 1:colcon.colcon_core.package_identification:_identify(src/robot_5a_moveit_config) by extension 'ros'
[2.872s] DEBUG:colcon.colcon_core.package_identification:Package 'src/robot_5a_moveit_config' with type 'ros.ament_cmake' and name 'robot_5a_moveit_config'
[2.872s] Level 1:colcon.colcon_core.package_identification:_identify(src/robot_5a_urdf) by extensions ['ignore', 'ignore_ament_install']
[2.872s] Level 1:colcon.colcon_core.package_identification:_identify(src/robot_5a_urdf) by extension 'ignore'
[2.872s] Level 1:colcon.colcon_core.package_identification:_identify(src/robot_5a_urdf) by extension 'ignore_ament_install'
[2.873s] Level 1:colcon.colcon_core.package_identification:_identify(src/robot_5a_urdf) by extensions ['colcon_pkg']
[2.873s] Level 1:colcon.colcon_core.package_identification:_identify(src/robot_5a_urdf) by extension 'colcon_pkg'
[2.873s] Level 1:colcon.colcon_core.package_identification:_identify(src/robot_5a_urdf) by extensions ['colcon_meta']
[2.873s] Level 1:colcon.colcon_core.package_identification:_identify(src/robot_5a_urdf) by extension 'colcon_meta'
[2.873s] Level 1:colcon.colcon_core.package_identification:_identify(src/robot_5a_urdf) by extensions ['ros']
[2.873s] Level 1:colcon.colcon_core.package_identification:_identify(src/robot_5a_urdf) by extension 'ros'
[2.875s] DEBUG:colcon.colcon_core.package_identification:Package 'src/robot_5a_urdf' with type 'ros.ament_cmake' and name 'robot_5a_urdf'
[2.875s] Level 1:colcon.colcon_core.package_discovery:discover_packages(recursive) using defaults
[2.875s] Level 1:colcon.colcon_core.package_discovery:discover_packages(ignore) discover
[2.875s] Level 1:colcon.colcon_core.package_discovery:discover_packages(ignore) using defaults
[2.875s] Level 1:colcon.colcon_core.package_discovery:discover_packages(path) discover
[2.875s] Level 1:colcon.colcon_core.package_discovery:discover_packages(path) using defaults
[2.995s] Level 1:colcon.colcon_core.package_discovery:discover_packages(prefix_path) check parameters
[2.995s] Level 1:colcon.colcon_core.package_discovery:discover_packages(prefix_path) discover
[3.038s] DEBUG:colcon.colcon_installed_package_information.package_discovery:Found 3 installed packages in /home/bernardo/R5A_ROS_ws/install
[3.053s] DEBUG:colcon.colcon_installed_package_information.package_discovery:Found 396 installed packages in /opt/ros/humble
[3.054s] Level 1:colcon.colcon_core.package_discovery:discover_packages(prefix_path) using defaults
[3.632s] Level 5:colcon.colcon_core.verb:set package 'gazebo_ros2_control' build argument 'cmake_args' from command line to 'None'
[3.633s] Level 5:colcon.colcon_core.verb:set package 'gazebo_ros2_control' build argument 'cmake_target' from command line to 'None'
[3.633s] Level 5:colcon.colcon_core.verb:set package 'gazebo_ros2_control' build argument 'cmake_target_skip_unavailable' from command line to 'False'
[3.633s] Level 5:colcon.colcon_core.verb:set package 'gazebo_ros2_control' build argument 'cmake_clean_cache' from command line to 'False'
[3.633s] Level 5:colcon.colcon_core.verb:set package 'gazebo_ros2_control' build argument 'cmake_clean_first' from command line to 'False'
[3.633s] Level 5:colcon.colcon_core.verb:set package 'gazebo_ros2_control' build argument 'cmake_force_configure' from command line to 'False'
[3.633s] Level 5:colcon.colcon_core.verb:set package 'gazebo_ros2_control' build argument 'ament_cmake_args' from command line to 'None'
[3.633s] Level 5:colcon.colcon_core.verb:set package 'gazebo_ros2_control' build argument 'catkin_cmake_args' from command line to 'None'
[3.633s] Level 5:colcon.colcon_core.verb:set package 'gazebo_ros2_control' build argument 'catkin_skip_building_tests' from command line to 'False'
[3.633s] DEBUG:colcon.colcon_core.verb:Building package 'gazebo_ros2_control' with the following arguments: {'ament_cmake_args': None, 'build_base': '/home/bernardo/R5A_ROS_ws/build/gazebo_ros2_control', 'catkin_cmake_args': None, 'catkin_skip_building_tests': False, 'cmake_args': None, 'cmake_clean_cache': False, 'cmake_clean_first': False, 'cmake_force_configure': False, 'cmake_target': None, 'cmake_target_skip_unavailable': False, 'install_base': '/home/bernardo/R5A_ROS_ws/install/gazebo_ros2_control', 'merge_install': False, 'path': '/home/bernardo/R5A_ROS_ws/src/gazebo_ros2_control', 'symlink_install': False, 'test_result_base': None}
[3.633s] Level 5:colcon.colcon_core.verb:set package 'robot_5a_moveit_config' build argument 'cmake_args' from command line to 'None'
[3.633s] Level 5:colcon.colcon_core.verb:set package 'robot_5a_moveit_config' build argument 'cmake_target' from command line to 'None'
[3.633s] Level 5:colcon.colcon_core.verb:set package 'robot_5a_moveit_config' build argument 'cmake_target_skip_unavailable' from command line to 'False'
[3.633s] Level 5:colcon.colcon_core.verb:set package 'robot_5a_moveit_config' build argument 'cmake_clean_cache' from command line to 'False'
[3.633s] Level 5:colcon.colcon_core.verb:set package 'robot_5a_moveit_config' build argument 'cmake_clean_first' from command line to 'False'
[3.634s] Level 5:colcon.colcon_core.verb:set package 'robot_5a_moveit_config' build argument 'cmake_force_configure' from command line to 'False'
[3.634s] Level 5:colcon.colcon_core.verb:set package 'robot_5a_moveit_config' build argument 'ament_cmake_args' from command line to 'None'
[3.634s] Level 5:colcon.colcon_core.verb:set package 'robot_5a_moveit_config' build argument 'catkin_cmake_args' from command line to 'None'
[3.634s] Level 5:colcon.colcon_core.verb:set package 'robot_5a_moveit_config' build argument 'catkin_skip_building_tests' from command line to 'False'
[3.634s] DEBUG:colcon.colcon_core.verb:Building package 'robot_5a_moveit_config' with the following arguments: {'ament_cmake_args': None, 'build_base': '/home/bernardo/R5A_ROS_ws/build/robot_5a_moveit_config', 'catkin_cmake_args': None, 'catkin_skip_building_tests': False, 'cmake_args': None, 'cmake_clean_cache': False, 'cmake_clean_first': False, 'cmake_force_configure': False, 'cmake_target': None, 'cmake_target_skip_unavailable': False, 'install_base': '/home/bernardo/R5A_ROS_ws/install/robot_5a_moveit_config', 'merge_install': False, 'path': '/home/bernardo/R5A_ROS_ws/src/robot_5a_moveit_config', 'symlink_install': False, 'test_result_base': None}
[3.634s] Level 5:colcon.colcon_core.verb:set package 'robot_5a_urdf' build argument 'cmake_args' from command line to 'None'
[3.634s] Level 5:colcon.colcon_core.verb:set package 'robot_5a_urdf' build argument 'cmake_target' from command line to 'None'
[3.634s] Level 5:colcon.colcon_core.verb:set package 'robot_5a_urdf' build argument 'cmake_target_skip_unavailable' from command line to 'False'
[3.634s] Level 5:colcon.colcon_core.verb:set package 'robot_5a_urdf' build argument 'cmake_clean_cache' from command line to 'False'
[3.634s] Level 5:colcon.colcon_core.verb:set package 'robot_5a_urdf' build argument 'cmake_clean_first' from command line to 'False'
[3.634s] Level 5:colcon.colcon_core.verb:set package 'robot_5a_urdf' build argument 'cmake_force_configure' from command line to 'False'
[3.634s] Level 5:colcon.colcon_core.verb:set package 'robot_5a_urdf' build argument 'ament_cmake_args' from command line to 'None'
[3.634s] Level 5:colcon.colcon_core.verb:set package 'robot_5a_urdf' build argument 'catkin_cmake_args' from command line to 'None'
[3.634s] Level 5:colcon.colcon_core.verb:set package 'robot_5a_urdf' build argument 'catkin_skip_building_tests' from command line to 'False'
[3.634s] DEBUG:colcon.colcon_core.verb:Building package 'robot_5a_urdf' with the following arguments: {'ament_cmake_args': None, 'build_base': '/home/bernardo/R5A_ROS_ws/build/robot_5a_urdf', 'catkin_cmake_args': None, 'catkin_skip_building_tests': False, 'cmake_args': None, 'cmake_clean_cache': False, 'cmake_clean_first': False, 'cmake_force_configure': False, 'cmake_target': None, 'cmake_target_skip_unavailable': False, 'install_base': '/home/bernardo/R5A_ROS_ws/install/robot_5a_urdf', 'merge_install': False, 'path': '/home/bernardo/R5A_ROS_ws/src/robot_5a_urdf', 'symlink_install': False, 'test_result_base': None}
[3.635s] INFO:colcon.colcon_core.executor:Executing jobs using 'parallel' executor
[3.637s] DEBUG:colcon.colcon_parallel_executor.executor.parallel:run_until_complete
[3.637s] INFO:colcon.colcon_ros.task.ament_cmake.build:Building ROS package in '/home/bernardo/R5A_ROS_ws/src/gazebo_ros2_control' with build type 'ament_cmake'
[3.637s] INFO:colcon.colcon_cmake.task.cmake.build:Building CMake package in '/home/bernardo/R5A_ROS_ws/src/gazebo_ros2_control'
[3.678s] INFO:colcon.colcon_core.plugin_system:Skipping extension 'colcon_core.shell.bat': Not used on non-Windows systems
[3.678s] INFO:colcon.colcon_core.shell:Skip shell extension 'powershell' for command environment: Not usable outside of PowerShell
[3.679s] DEBUG:colcon.colcon_core.shell:Skip shell extension 'dsv' for command environment
[3.701s] INFO:colcon.colcon_ros.task.ament_cmake.build:Building ROS package in '/home/bernardo/R5A_ROS_ws/src/robot_5a_moveit_config' with build type 'ament_cmake'
[3.701s] INFO:colcon.colcon_cmake.task.cmake.build:Building CMake package in '/home/bernardo/R5A_ROS_ws/src/robot_5a_moveit_config'
[3.702s] INFO:colcon.colcon_core.shell:Skip shell extension 'powershell' for command environment: Not usable outside of PowerShell
[3.703s] DEBUG:colcon.colcon_core.shell:Skip shell extension 'dsv' for command environment
[3.721s] INFO:colcon.colcon_ros.task.ament_cmake.build:Building ROS package in '/home/bernardo/R5A_ROS_ws/src/robot_5a_urdf' with build type 'ament_cmake'
[3.721s] INFO:colcon.colcon_cmake.task.cmake.build:Building CMake package in '/home/bernardo/R5A_ROS_ws/src/robot_5a_urdf'
[3.722s] INFO:colcon.colcon_core.shell:Skip shell extension 'powershell' for command environment: Not usable outside of PowerShell
[3.722s] DEBUG:colcon.colcon_core.shell:Skip shell extension 'dsv' for command environment
[3.808s] DEBUG:colcon.colcon_core.event_handler.log_command:Invoking command in '/home/bernardo/R5A_ROS_ws/build/gazebo_ros2_control': CMAKE_PREFIX_PATH=${CMAKE_PREFIX_PATH}:/opt/ros/humble /usr/bin/cmake --build /home/bernardo/R5A_ROS_ws/build/gazebo_ros2_control -- -j3 -l3
[3.823s] DEBUG:colcon.colcon_core.event_handler.log_command:Invoking command in '/home/bernardo/R5A_ROS_ws/build/robot_5a_moveit_config': CMAKE_PREFIX_PATH=${CMAKE_PREFIX_PATH}:/opt/ros/humble /usr/bin/cmake --build /home/bernardo/R5A_ROS_ws/build/robot_5a_moveit_config -- -j3 -l3
[3.838s] DEBUG:colcon.colcon_core.event_handler.log_command:Invoking command in '/home/bernardo/R5A_ROS_ws/build/robot_5a_urdf': CMAKE_PREFIX_PATH=${CMAKE_PREFIX_PATH}:/opt/ros/humble /usr/bin/cmake --build /home/bernardo/R5A_ROS_ws/build/robot_5a_urdf -- -j3 -l3
[4.887s] DEBUG:colcon.colcon_core.event_handler.log_command:Invoked command in '/home/bernardo/R5A_ROS_ws/build/robot_5a_moveit_config' returned '0': CMAKE_PREFIX_PATH=${CMAKE_PREFIX_PATH}:/opt/ros/humble /usr/bin/cmake --build /home/bernardo/R5A_ROS_ws/build/robot_5a_moveit_config -- -j3 -l3
[4.991s] DEBUG:colcon.colcon_core.event_handler.log_command:Invoking command in '/home/bernardo/R5A_ROS_ws/build/robot_5a_moveit_config': CMAKE_PREFIX_PATH=${CMAKE_PREFIX_PATH}:/opt/ros/humble /usr/bin/cmake --install /home/bernardo/R5A_ROS_ws/build/robot_5a_moveit_config
[5.036s] Level 1:colcon.colcon_core.environment:create_environment_scripts_only(robot_5a_moveit_config)
[5.037s] DEBUG:colcon.colcon_core.event_handler.log_command:Invoked command in '/home/bernardo/R5A_ROS_ws/build/robot_5a_moveit_config' returned '0': CMAKE_PREFIX_PATH=${CMAKE_PREFIX_PATH}:/opt/ros/humble /usr/bin/cmake --install /home/bernardo/R5A_ROS_ws/build/robot_5a_moveit_config
[5.062s] Level 1:colcon.colcon_core.environment:checking '/home/bernardo/R5A_ROS_ws/install/robot_5a_moveit_config' for CMake module files
[5.062s] Level 1:colcon.colcon_core.environment:checking '/home/bernardo/R5A_ROS_ws/install/robot_5a_moveit_config' for CMake config files
[5.062s] Level 1:colcon.colcon_core.shell:create_environment_hook('robot_5a_moveit_config', 'cmake_prefix_path')
[5.063s] INFO:colcon.colcon_core.shell:Creating environment hook '/home/bernardo/R5A_ROS_ws/install/robot_5a_moveit_config/share/robot_5a_moveit_config/hook/cmake_prefix_path.ps1'
[5.068s] INFO:colcon.colcon_core.shell:Creating environment descriptor '/home/bernardo/R5A_ROS_ws/install/robot_5a_moveit_config/share/robot_5a_moveit_config/hook/cmake_prefix_path.dsv'
[5.070s] INFO:colcon.colcon_core.shell:Creating environment hook '/home/bernardo/R5A_ROS_ws/install/robot_5a_moveit_config/share/robot_5a_moveit_config/hook/cmake_prefix_path.sh'
[5.072s] Level 1:colcon.colcon_core.environment:checking '/home/bernardo/R5A_ROS_ws/install/robot_5a_moveit_config/bin'
[5.072s] Level 1:colcon.colcon_core.environment:checking '/home/bernardo/R5A_ROS_ws/install/robot_5a_moveit_config/lib/pkgconfig/robot_5a_moveit_config.pc'
[5.072s] Level 1:colcon.colcon_core.environment:checking '/home/bernardo/R5A_ROS_ws/install/robot_5a_moveit_config/lib/python3.10/site-packages'
[5.072s] Level 1:colcon.colcon_core.environment:checking '/home/bernardo/R5A_ROS_ws/install/robot_5a_moveit_config/bin'
[5.073s] INFO:colcon.colcon_core.shell:Creating package script '/home/bernardo/R5A_ROS_ws/install/robot_5a_moveit_config/share/robot_5a_moveit_config/package.ps1'
[5.076s] INFO:colcon.colcon_core.shell:Creating package descriptor '/home/bernardo/R5A_ROS_ws/install/robot_5a_moveit_config/share/robot_5a_moveit_config/package.dsv'
[5.088s] INFO:colcon.colcon_core.shell:Creating package script '/home/bernardo/R5A_ROS_ws/install/robot_5a_moveit_config/share/robot_5a_moveit_config/package.sh'
[5.090s] INFO:colcon.colcon_core.shell:Creating package script '/home/bernardo/R5A_ROS_ws/install/robot_5a_moveit_config/share/robot_5a_moveit_config/package.bash'
[5.093s] INFO:colcon.colcon_core.shell:Creating package script '/home/bernardo/R5A_ROS_ws/install/robot_5a_moveit_config/share/robot_5a_moveit_config/package.zsh'
[5.097s] Level 1:colcon.colcon_core.environment:create_file_with_runtime_dependencies(/home/bernardo/R5A_ROS_ws/install/robot_5a_moveit_config/share/colcon-core/packages/robot_5a_moveit_config)
[5.179s] Level 1:colcon.colcon_core.environment:create_environment_scripts_only(robot_5a_moveit_config)
[5.179s] Level 1:colcon.colcon_core.environment:checking '/home/bernardo/R5A_ROS_ws/install/robot_5a_moveit_config' for CMake module files
[5.180s] Level 1:colcon.colcon_core.environment:checking '/home/bernardo/R5A_ROS_ws/install/robot_5a_moveit_config' for CMake config files
[5.180s] Level 1:colcon.colcon_core.shell:create_environment_hook('robot_5a_moveit_config', 'cmake_prefix_path')
[5.180s] INFO:colcon.colcon_core.shell:Creating environment hook '/home/bernardo/R5A_ROS_ws/install/robot_5a_moveit_config/share/robot_5a_moveit_config/hook/cmake_prefix_path.ps1'
[5.180s] INFO:colcon.colcon_core.shell:Creating environment descriptor '/home/bernardo/R5A_ROS_ws/install/robot_5a_moveit_config/share/robot_5a_moveit_config/hook/cmake_prefix_path.dsv'
[5.182s] INFO:colcon.colcon_core.shell:Creating environment hook '/home/bernardo/R5A_ROS_ws/install/robot_5a_moveit_config/share/robot_5a_moveit_config/hook/cmake_prefix_path.sh'
[5.183s] Level 1:colcon.colcon_core.environment:checking '/home/bernardo/R5A_ROS_ws/install/robot_5a_moveit_config/bin'
[5.183s] Level 1:colcon.colcon_core.environment:checking '/home/bernardo/R5A_ROS_ws/install/robot_5a_moveit_config/lib/pkgconfig/robot_5a_moveit_config.pc'
[5.183s] Level 1:colcon.colcon_core.environment:checking '/home/bernardo/R5A_ROS_ws/install/robot_5a_moveit_config/lib/python3.10/site-packages'
[5.183s] Level 1:colcon.colcon_core.environment:checking '/home/bernardo/R5A_ROS_ws/install/robot_5a_moveit_config/bin'
[5.183s] INFO:colcon.colcon_core.shell:Creating package script '/home/bernardo/R5A_ROS_ws/install/robot_5a_moveit_config/share/robot_5a_moveit_config/package.ps1'
[5.185s] INFO:colcon.colcon_core.shell:Creating package descriptor '/home/bernardo/R5A_ROS_ws/install/robot_5a_moveit_config/share/robot_5a_moveit_config/package.dsv'
[5.185s] INFO:colcon.colcon_core.shell:Creating package script '/home/bernardo/R5A_ROS_ws/install/robot_5a_moveit_config/share/robot_5a_moveit_config/package.sh'
[5.186s] INFO:colcon.colcon_core.shell:Creating package script '/home/bernardo/R5A_ROS_ws/install/robot_5a_moveit_config/share/robot_5a_moveit_config/package.bash'
[5.187s] INFO:colcon.colcon_core.shell:Creating package script '/home/bernardo/R5A_ROS_ws/install/robot_5a_moveit_config/share/robot_5a_moveit_config/package.zsh'
[5.187s] Level 1:colcon.colcon_core.environment:create_file_with_runtime_dependencies(/home/bernardo/R5A_ROS_ws/install/robot_5a_moveit_config/share/colcon-core/packages/robot_5a_moveit_config)
[5.550s] DEBUG:colcon.colcon_core.event_handler.log_command:Invoked command in '/home/bernardo/R5A_ROS_ws/build/robot_5a_urdf' returned '0': CMAKE_PREFIX_PATH=${CMAKE_PREFIX_PATH}:/opt/ros/humble /usr/bin/cmake --build /home/bernardo/R5A_ROS_ws/build/robot_5a_urdf -- -j3 -l3
[5.612s] DEBUG:colcon.colcon_core.event_handler.log_command:Invoking command in '/home/bernardo/R5A_ROS_ws/build/robot_5a_urdf': CMAKE_PREFIX_PATH=${CMAKE_PREFIX_PATH}:/opt/ros/humble /usr/bin/cmake --install /home/bernardo/R5A_ROS_ws/build/robot_5a_urdf
[5.651s] Level 1:colcon.colcon_core.environment:create_environment_scripts_only(robot_5a_urdf)
[5.651s] Level 1:colcon.colcon_core.environment:checking '/home/bernardo/R5A_ROS_ws/install/robot_5a_urdf' for CMake module files
[5.652s] DEBUG:colcon.colcon_core.event_handler.log_command:Invoked command in '/home/bernardo/R5A_ROS_ws/build/robot_5a_urdf' returned '0': CMAKE_PREFIX_PATH=${CMAKE_PREFIX_PATH}:/opt/ros/humble /usr/bin/cmake --install /home/bernardo/R5A_ROS_ws/build/robot_5a_urdf
[5.654s] Level 1:colcon.colcon_core.environment:checking '/home/bernardo/R5A_ROS_ws/install/robot_5a_urdf' for CMake config files
[5.654s] Level 1:colcon.colcon_core.shell:create_environment_hook('robot_5a_urdf', 'cmake_prefix_path')
[5.654s] INFO:colcon.colcon_core.shell:Creating environment hook '/home/bernardo/R5A_ROS_ws/install/robot_5a_urdf/share/robot_5a_urdf/hook/cmake_prefix_path.ps1'
[5.657s] INFO:colcon.colcon_core.shell:Creating environment descriptor '/home/bernardo/R5A_ROS_ws/install/robot_5a_urdf/share/robot_5a_urdf/hook/cmake_prefix_path.dsv'
[5.658s] INFO:colcon.colcon_core.shell:Creating environment hook '/home/bernardo/R5A_ROS_ws/install/robot_5a_urdf/share/robot_5a_urdf/hook/cmake_prefix_path.sh'
[5.659s] Level 1:colcon.colcon_core.environment:checking '/home/bernardo/R5A_ROS_ws/install/robot_5a_urdf/bin'
[5.659s] Level 1:colcon.colcon_core.environment:checking '/home/bernardo/R5A_ROS_ws/install/robot_5a_urdf/lib/pkgconfig/robot_5a_urdf.pc'
[5.659s] Level 1:colcon.colcon_core.environment:checking '/home/bernardo/R5A_ROS_ws/install/robot_5a_urdf/lib/python3.10/site-packages'
[5.660s] Level 1:colcon.colcon_core.environment:checking '/home/bernardo/R5A_ROS_ws/install/robot_5a_urdf/bin'
[5.660s] INFO:colcon.colcon_core.shell:Creating package script '/home/bernardo/R5A_ROS_ws/install/robot_5a_urdf/share/robot_5a_urdf/package.ps1'
[5.661s] INFO:colcon.colcon_core.shell:Creating package descriptor '/home/bernardo/R5A_ROS_ws/install/robot_5a_urdf/share/robot_5a_urdf/package.dsv'
[5.662s] INFO:colcon.colcon_core.shell:Creating package script '/home/bernardo/R5A_ROS_ws/install/robot_5a_urdf/share/robot_5a_urdf/package.sh'
[5.663s] INFO:colcon.colcon_core.shell:Creating package script '/home/bernardo/R5A_ROS_ws/install/robot_5a_urdf/share/robot_5a_urdf/package.bash'
[5.664s] INFO:colcon.colcon_core.shell:Creating package script '/home/bernardo/R5A_ROS_ws/install/robot_5a_urdf/share/robot_5a_urdf/package.zsh'
[5.664s] Level 1:colcon.colcon_core.environment:create_file_with_runtime_dependencies(/home/bernardo/R5A_ROS_ws/install/robot_5a_urdf/share/colcon-core/packages/robot_5a_urdf)
[5.736s] Level 1:colcon.colcon_core.environment:create_environment_scripts_only(robot_5a_urdf)
[5.736s] Level 1:colcon.colcon_core.environment:checking '/home/bernardo/R5A_ROS_ws/install/robot_5a_urdf' for CMake module files
[5.737s] Level 1:colcon.colcon_core.environment:checking '/home/bernardo/R5A_ROS_ws/install/robot_5a_urdf' for CMake config files
[5.737s] Level 1:colcon.colcon_core.shell:create_environment_hook('robot_5a_urdf', 'cmake_prefix_path')
[5.737s] INFO:colcon.colcon_core.shell:Creating environment hook '/home/bernardo/R5A_ROS_ws/install/robot_5a_urdf/share/robot_5a_urdf/hook/cmake_prefix_path.ps1'
[5.738s] INFO:colcon.colcon_core.shell:Creating environment descriptor '/home/bernardo/R5A_ROS_ws/install/robot_5a_urdf/share/robot_5a_urdf/hook/cmake_prefix_path.dsv'
[5.739s] INFO:colcon.colcon_core.shell:Creating environment hook '/home/bernardo/R5A_ROS_ws/install/robot_5a_urdf/share/robot_5a_urdf/hook/cmake_prefix_path.sh'
[5.740s] Level 1:colcon.colcon_core.environment:checking '/home/bernardo/R5A_ROS_ws/install/robot_5a_urdf/bin'
[5.740s] Level 1:colcon.colcon_core.environment:checking '/home/bernardo/R5A_ROS_ws/install/robot_5a_urdf/lib/pkgconfig/robot_5a_urdf.pc'
[5.741s] Level 1:colcon.colcon_core.environment:checking '/home/bernardo/R5A_ROS_ws/install/robot_5a_urdf/lib/python3.10/site-packages'
[5.741s] Level 1:colcon.colcon_core.environment:checking '/home/bernardo/R5A_ROS_ws/install/robot_5a_urdf/bin'
[5.741s] INFO:colcon.colcon_core.shell:Creating package script '/home/bernardo/R5A_ROS_ws/install/robot_5a_urdf/share/robot_5a_urdf/package.ps1'
[5.742s] INFO:colcon.colcon_core.shell:Creating package descriptor '/home/bernardo/R5A_ROS_ws/install/robot_5a_urdf/share/robot_5a_urdf/package.dsv'
[5.743s] INFO:colcon.colcon_core.shell:Creating package script '/home/bernardo/R5A_ROS_ws/install/robot_5a_urdf/share/robot_5a_urdf/package.sh'
[5.744s] INFO:colcon.colcon_core.shell:Creating package script '/home/bernardo/R5A_ROS_ws/install/robot_5a_urdf/share/robot_5a_urdf/package.bash'
[5.745s] INFO:colcon.colcon_core.shell:Creating package script '/home/bernardo/R5A_ROS_ws/install/robot_5a_urdf/share/robot_5a_urdf/package.zsh'
[5.745s] Level 1:colcon.colcon_core.environment:create_file_with_runtime_dependencies(/home/bernardo/R5A_ROS_ws/install/robot_5a_urdf/share/colcon-core/packages/robot_5a_urdf)
[79.530s] DEBUG:colcon.colcon_core.event_handler.log_command:Invoked command in '/home/bernardo/R5A_ROS_ws/build/gazebo_ros2_control' returned '2': CMAKE_PREFIX_PATH=${CMAKE_PREFIX_PATH}:/opt/ros/humble /usr/bin/cmake --build /home/bernardo/R5A_ROS_ws/build/gazebo_ros2_control -- -j3 -l3
[79.905s] Level 1:colcon.colcon_core.environment:create_environment_scripts_only(gazebo_ros2_control)
[79.910s] Level 1:colcon.colcon_core.environment:checking '/home/bernardo/R5A_ROS_ws/install/gazebo_ros2_control' for CMake module files
[79.914s] Level 1:colcon.colcon_core.environment:checking '/home/bernardo/R5A_ROS_ws/install/gazebo_ros2_control' for CMake config files
[79.921s] Level 1:colcon.colcon_core.environment:checking '/home/bernardo/R5A_ROS_ws/install/gazebo_ros2_control/bin'
[79.921s] Level 1:colcon.colcon_core.environment:checking '/home/bernardo/R5A_ROS_ws/install/gazebo_ros2_control/lib/pkgconfig/gazebo_ros2_control.pc'
[79.922s] Level 1:colcon.colcon_core.environment:checking '/home/bernardo/R5A_ROS_ws/install/gazebo_ros2_control/lib/python3.10/site-packages'
[79.922s] Level 1:colcon.colcon_core.environment:checking '/home/bernardo/R5A_ROS_ws/install/gazebo_ros2_control/bin'
[79.923s] INFO:colcon.colcon_core.shell:Creating package script '/home/bernardo/R5A_ROS_ws/install/gazebo_ros2_control/share/gazebo_ros2_control/package.ps1'
[79.929s] INFO:colcon.colcon_core.shell:Creating package descriptor '/home/bernardo/R5A_ROS_ws/install/gazebo_ros2_control/share/gazebo_ros2_control/package.dsv'
[79.931s] INFO:colcon.colcon_core.shell:Creating package script '/home/bernardo/R5A_ROS_ws/install/gazebo_ros2_control/share/gazebo_ros2_control/package.sh'
[79.933s] INFO:colcon.colcon_core.shell:Creating package script '/home/bernardo/R5A_ROS_ws/install/gazebo_ros2_control/share/gazebo_ros2_control/package.bash'
[79.937s] INFO:colcon.colcon_core.shell:Creating package script '/home/bernardo/R5A_ROS_ws/install/gazebo_ros2_control/share/gazebo_ros2_control/package.zsh'
[79.940s] Level 1:colcon.colcon_core.environment:create_file_with_runtime_dependencies(/home/bernardo/R5A_ROS_ws/install/gazebo_ros2_control/share/colcon-core/packages/gazebo_ros2_control)
[79.957s] DEBUG:colcon.colcon_parallel_executor.executor.parallel:closing loop
[79.960s] DEBUG:colcon.colcon_parallel_executor.executor.parallel:loop closed
[79.960s] DEBUG:colcon.colcon_parallel_executor.executor.parallel:run_until_complete finished with '2'
[79.961s] DEBUG:colcon.colcon_core.event_reactor:joining thread
[80.344s] INFO:colcon.colcon_core.plugin_system:Skipping extension 'colcon_notification.desktop_notification.terminal_notifier': Not used on non-Darwin systems
[80.344s] INFO:colcon.colcon_core.plugin_system:Skipping extension 'colcon_notification.desktop_notification.win32': Not used on non-Windows systems
[80.344s] INFO:colcon.colcon_notification.desktop_notification:Sending desktop notification using 'notify2'
[81.147s] DEBUG:colcon.colcon_core.event_reactor:joined thread
[81.151s] INFO:colcon.colcon_core.shell:Creating prefix script '/home/bernardo/R5A_ROS_ws/install/local_setup.ps1'
[81.174s] INFO:colcon.colcon_core.shell:Creating prefix util module '/home/bernardo/R5A_ROS_ws/install/_local_setup_util_ps1.py'
[81.182s] INFO:colcon.colcon_core.shell:Creating prefix chain script '/home/bernardo/R5A_ROS_ws/install/setup.ps1'
[81.188s] INFO:colcon.colcon_core.shell:Creating prefix script '/home/bernardo/R5A_ROS_ws/install/local_setup.sh'
[81.194s] INFO:colcon.colcon_core.shell:Creating prefix util module '/home/bernardo/R5A_ROS_ws/install/_local_setup_util_sh.py'
[81.204s] INFO:colcon.colcon_core.shell:Creating prefix chain script '/home/bernardo/R5A_ROS_ws/install/setup.sh'
[81.226s] INFO:colcon.colcon_core.shell:Creating prefix script '/home/bernardo/R5A_ROS_ws/install/local_setup.bash'
[81.235s] INFO:colcon.colcon_core.shell:Creating prefix chain script '/home/bernardo/R5A_ROS_ws/install/setup.bash'
[81.239s] INFO:colcon.colcon_core.shell:Creating prefix script '/home/bernardo/R5A_ROS_ws/install/local_setup.zsh'
[81.242s] INFO:colcon.colcon_core.shell:Creating prefix chain script '/home/bernardo/R5A_ROS_ws/install/setup.zsh'
