[0.083s] Invoking command in '/home/bernardo/R5A_ROS_ws/build/robot_5a_urdf': CMAKE_PREFIX_PATH=/home/bernardo/R5A_ROS_ws/install/gazebo_ros2_control:/home/bernardo/R5A_ROS_ws/install/robot_5a_urdf:/home/bernardo/R5A_ROS_ws/install/robot_5a_moveit_config:/opt/ros/humble /usr/bin/cmake --build /home/bernardo/R5A_ROS_ws/build/robot_5a_urdf -- -j3 -l3
[0.167s] -- Found ament_cmake: 1.3.8 (/opt/ros/humble/share/ament_cmake/cmake)
[0.484s] -- Found ament_lint_auto: 0.12.10 (/opt/ros/humble/share/ament_lint_auto/cmake)
[0.608s] -- Added test 'copyright' to check source files copyright and LICENSE
[0.620s] -- Added test 'flake8' to check Python code syntax and style conventions
[0.622s] -- Added test 'lint_cmake' to check CMake code style
[0.634s] -- Added test 'pep257' to check Python code against some of the docstring style conventions in PEP 257
[0.637s] -- Added test 'xmllint' to check XML markup files
[0.643s] -- Configuring done
[0.688s] -- Generating done
[0.693s] -- Build files have been written to: /home/bernardo/R5A_ROS_ws/build/robot_5a_urdf
[0.726s] Invoked command in '/home/bernardo/R5A_ROS_ws/build/robot_5a_urdf' returned '0': CMAKE_PREFIX_PATH=/home/bernardo/R5A_ROS_ws/install/gazebo_ros2_control:/home/bernardo/R5A_ROS_ws/install/robot_5a_urdf:/home/bernardo/R5A_ROS_ws/install/robot_5a_moveit_config:/opt/ros/humble /usr/bin/cmake --build /home/bernardo/R5A_ROS_ws/build/robot_5a_urdf -- -j3 -l3
[0.800s] Invoking command in '/home/bernardo/R5A_ROS_ws/build/robot_5a_urdf': CMAKE_PREFIX_PATH=/home/bernardo/R5A_ROS_ws/install/gazebo_ros2_control:/home/bernardo/R5A_ROS_ws/install/robot_5a_urdf:/home/bernardo/R5A_ROS_ws/install/robot_5a_moveit_config:/opt/ros/humble /usr/bin/cmake --install /home/bernardo/R5A_ROS_ws/build/robot_5a_urdf
[0.809s] -- Install configuration: ""
[0.810s] -- Installing: /home/bernardo/R5A_ROS_ws/install/robot_5a_urdf/share/robot_5a_urdf/urdf
[0.810s] -- Installing: /home/bernardo/R5A_ROS_ws/install/robot_5a_urdf/share/robot_5a_urdf/urdf/gazebo_plugins.xacro
[0.810s] -- Installing: /home/bernardo/R5A_ROS_ws/install/robot_5a_urdf/share/robot_5a_urdf/urdf/robot_5a_urdf.csv
[0.811s] -- Installing: /home/bernardo/R5A_ROS_ws/install/robot_5a_urdf/share/robot_5a_urdf/urdf/robot_5a_urdf.xacro.urdf
[0.812s] -- Up-to-date: /home/bernardo/R5A_ROS_ws/install/robot_5a_urdf/share/robot_5a_urdf/description
[0.814s] -- Up-to-date: /home/bernardo/R5A_ROS_ws/install/robot_5a_urdf/share/robot_5a_urdf/description/gazebo_plugins.xacro
[0.814s] -- Up-to-date: /home/bernardo/R5A_ROS_ws/install/robot_5a_urdf/share/robot_5a_urdf/description/robot_5a_urdf.csv
[0.814s] -- Installing: /home/bernardo/R5A_ROS_ws/install/robot_5a_urdf/share/robot_5a_urdf/description/robot_5a_urdf.xacro.urdf
[0.817s] -- Up-to-date: /home/bernardo/R5A_ROS_ws/install/robot_5a_urdf/share/robot_5a_urdf/launch
[0.820s] -- Up-to-date: /home/bernardo/R5A_ROS_ws/install/robot_5a_urdf/share/robot_5a_urdf/launch/rviz.launch.py
[0.820s] -- Up-to-date: /home/bernardo/R5A_ROS_ws/install/robot_5a_urdf/share/robot_5a_urdf/launch/rsp_sim.launch.py
[0.822s] -- Installing: /home/bernardo/R5A_ROS_ws/install/robot_5a_urdf/share/robot_5a_urdf/launch/main_robot.launch.py
[0.822s] -- Up-to-date: /home/bernardo/R5A_ROS_ws/install/robot_5a_urdf/share/robot_5a_urdf/config
[0.840s] -- Up-to-date: /home/bernardo/R5A_ROS_ws/install/robot_5a_urdf/share/robot_5a_urdf/config/view_robot.rviz
[0.840s] -- Installing: /home/bernardo/R5A_ROS_ws/install/robot_5a_urdf/share/robot_5a_urdf/config/robot_5a_arms_controller.yaml
[0.846s] -- Up-to-date: /home/bernardo/R5A_ROS_ws/install/robot_5a_urdf/share/robot_5a_urdf/config/joint_names_5A Assembly3.yaml
[0.846s] -- Up-to-date: /home/bernardo/R5A_ROS_ws/install/robot_5a_urdf/share/robot_5a_urdf/meshes
[0.848s] -- Up-to-date: /home/bernardo/R5A_ROS_ws/install/robot_5a_urdf/share/robot_5a_urdf/meshes/Link_2.STL
[0.848s] -- Up-to-date: /home/bernardo/R5A_ROS_ws/install/robot_5a_urdf/share/robot_5a_urdf/meshes/Link_3.STL
[0.848s] -- Up-to-date: /home/bernardo/R5A_ROS_ws/install/robot_5a_urdf/share/robot_5a_urdf/meshes/base_link.STL
[0.848s] -- Up-to-date: /home/bernardo/R5A_ROS_ws/install/robot_5a_urdf/share/robot_5a_urdf/meshes/Link_1.STL
[0.848s] -- Up-to-date: /home/bernardo/R5A_ROS_ws/install/robot_5a_urdf/share/robot_5a_urdf/meshes/Link_4.STL
[0.848s] -- Up-to-date: /home/bernardo/R5A_ROS_ws/install/robot_5a_urdf/share/robot_5a_urdf/meshes/Link_5.STL
[0.848s] -- Up-to-date: /home/bernardo/R5A_ROS_ws/install/robot_5a_urdf/share/robot_5a_urdf/rviz
[0.848s] -- Up-to-date: /home/bernardo/R5A_ROS_ws/install/robot_5a_urdf/share/ament_index/resource_index/package_run_dependencies/robot_5a_urdf
[0.849s] -- Up-to-date: /home/bernardo/R5A_ROS_ws/install/robot_5a_urdf/share/ament_index/resource_index/parent_prefix_path/robot_5a_urdf
[0.851s] -- Up-to-date: /home/bernardo/R5A_ROS_ws/install/robot_5a_urdf/share/robot_5a_urdf/environment/ament_prefix_path.sh
[0.851s] -- Installing: /home/bernardo/R5A_ROS_ws/install/robot_5a_urdf/share/robot_5a_urdf/environment/ament_prefix_path.dsv
[0.852s] -- Up-to-date: /home/bernardo/R5A_ROS_ws/install/robot_5a_urdf/share/robot_5a_urdf/environment/path.sh
[0.852s] -- Installing: /home/bernardo/R5A_ROS_ws/install/robot_5a_urdf/share/robot_5a_urdf/environment/path.dsv
[0.853s] -- Up-to-date: /home/bernardo/R5A_ROS_ws/install/robot_5a_urdf/share/robot_5a_urdf/local_setup.bash
[0.853s] -- Up-to-date: /home/bernardo/R5A_ROS_ws/install/robot_5a_urdf/share/robot_5a_urdf/local_setup.sh
[0.853s] -- Up-to-date: /home/bernardo/R5A_ROS_ws/install/robot_5a_urdf/share/robot_5a_urdf/local_setup.zsh
[0.853s] -- Installing: /home/bernardo/R5A_ROS_ws/install/robot_5a_urdf/share/robot_5a_urdf/local_setup.dsv
[0.853s] -- Installing: /home/bernardo/R5A_ROS_ws/install/robot_5a_urdf/share/robot_5a_urdf/package.dsv
[0.855s] -- Up-to-date: /home/bernardo/R5A_ROS_ws/install/robot_5a_urdf/share/ament_index/resource_index/packages/robot_5a_urdf
[0.855s] -- Up-to-date: /home/bernardo/R5A_ROS_ws/install/robot_5a_urdf/share/robot_5a_urdf/cmake/robot_5a_urdfConfig.cmake
[0.855s] -- Up-to-date: /home/bernardo/R5A_ROS_ws/install/robot_5a_urdf/share/robot_5a_urdf/cmake/robot_5a_urdfConfig-version.cmake
[0.856s] -- Up-to-date: /home/bernardo/R5A_ROS_ws/install/robot_5a_urdf/share/robot_5a_urdf/package.xml
[0.860s] Invoked command in '/home/bernardo/R5A_ROS_ws/build/robot_5a_urdf' returned '0': CMAKE_PREFIX_PATH=/home/bernardo/R5A_ROS_ws/install/gazebo_ros2_control:/home/bernardo/R5A_ROS_ws/install/robot_5a_urdf:/home/bernardo/R5A_ROS_ws/install/robot_5a_moveit_config:/opt/ros/humble /usr/bin/cmake --install /home/bernardo/R5A_ROS_ws/build/robot_5a_urdf
