[0.131s] Invoking command in '/home/bernardo/R5A_ROS_ws/build/robot_5a_urdf': CMAKE_PREFIX_PATH=/opt/ros/humble /usr/bin/cmake --build /home/bernardo/R5A_ROS_ws/build/robot_5a_urdf -- -j3 -l3
[3.560s] Invoked command in '/home/bernardo/R5A_ROS_ws/build/robot_5a_urdf' returned '0': CMAKE_PREFIX_PATH=/opt/ros/humble /usr/bin/cmake --build /home/bernardo/R5A_ROS_ws/build/robot_5a_urdf -- -j3 -l3
[3.684s] Invoking command in '/home/bernardo/R5A_ROS_ws/build/robot_5a_urdf': CMAKE_PREFIX_PATH=/opt/ros/humble /usr/bin/cmake --install /home/bernardo/R5A_ROS_ws/build/robot_5a_urdf
[3.768s] -- Install configuration: ""
[3.846s] -- Up-to-date: /home/bernardo/R5A_ROS_ws/install/robot_5a_urdf/share/robot_5a_urdf/description
[3.879s] -- Up-to-date: /home/bernardo/R5A_ROS_ws/install/robot_5a_urdf/share/robot_5a_urdf/description/example_include.xacro
[3.879s] -- Up-to-date: /home/bernardo/R5A_ROS_ws/install/robot_5a_urdf/share/robot_5a_urdf/description/robot_5a_urdf.csv
[3.887s] -- Up-to-date: /home/bernardo/R5A_ROS_ws/install/robot_5a_urdf/share/robot_5a_urdf/description/example_gazebo.xacro
[3.887s] -- Up-to-date: /home/bernardo/R5A_ROS_ws/install/robot_5a_urdf/share/robot_5a_urdf/description/robot_5a_urdf.urdf.xacro
[3.887s] -- Up-to-date: /home/bernardo/R5A_ROS_ws/install/robot_5a_urdf/share/robot_5a_urdf/launch
[3.907s] -- Up-to-date: /home/bernardo/R5A_ROS_ws/install/robot_5a_urdf/share/robot_5a_urdf/launch/rsp.launch.py
[3.907s] -- Up-to-date: /home/bernardo/R5A_ROS_ws/install/robot_5a_urdf/share/robot_5a_urdf/launch/rsp_sim.launch.py
[3.909s] -- Up-to-date: /home/bernardo/R5A_ROS_ws/install/robot_5a_urdf/share/robot_5a_urdf/launch/gazebo_robot.launch.py
[3.909s] -- Up-to-date: /home/bernardo/R5A_ROS_ws/install/robot_5a_urdf/share/robot_5a_urdf/launch/rsp_gz_rviz_pub.launch.py
[3.909s] -- Up-to-date: /home/bernardo/R5A_ROS_ws/install/robot_5a_urdf/share/robot_5a_urdf/launch/display.launch.py
[3.909s] -- Up-to-date: /home/bernardo/R5A_ROS_ws/install/robot_5a_urdf/share/robot_5a_urdf/launch/gazebo.launch.xml
[3.909s] -- Up-to-date: /home/bernardo/R5A_ROS_ws/install/robot_5a_urdf/share/robot_5a_urdf/config
[3.923s] -- Up-to-date: /home/bernardo/R5A_ROS_ws/install/robot_5a_urdf/share/robot_5a_urdf/config/joint_names_5A Assembly3.yaml
[3.924s] -- Up-to-date: /home/bernardo/R5A_ROS_ws/install/robot_5a_urdf/share/robot_5a_urdf/config/robot_5a_controllers.yaml
[3.924s] -- Up-to-date: /home/bernardo/R5A_ROS_ws/install/robot_5a_urdf/share/robot_5a_urdf/meshes
[3.944s] -- Up-to-date: /home/bernardo/R5A_ROS_ws/install/robot_5a_urdf/share/robot_5a_urdf/meshes/Link_2.STL
[3.944s] -- Up-to-date: /home/bernardo/R5A_ROS_ws/install/robot_5a_urdf/share/robot_5a_urdf/meshes/Link_3.STL
[3.944s] -- Up-to-date: /home/bernardo/R5A_ROS_ws/install/robot_5a_urdf/share/robot_5a_urdf/meshes/base_link.STL
[3.944s] -- Up-to-date: /home/bernardo/R5A_ROS_ws/install/robot_5a_urdf/share/robot_5a_urdf/meshes/Link_1.STL
[3.944s] -- Up-to-date: /home/bernardo/R5A_ROS_ws/install/robot_5a_urdf/share/robot_5a_urdf/meshes/Link_4.STL
[3.944s] -- Up-to-date: /home/bernardo/R5A_ROS_ws/install/robot_5a_urdf/share/robot_5a_urdf/meshes/Link_5.STL
[4.000s] -- Up-to-date: /home/bernardo/R5A_ROS_ws/install/robot_5a_urdf/share/ament_index/resource_index/package_run_dependencies/robot_5a_urdf
[4.030s] -- Up-to-date: /home/bernardo/R5A_ROS_ws/install/robot_5a_urdf/share/ament_index/resource_index/parent_prefix_path/robot_5a_urdf
[4.030s] -- Up-to-date: /home/bernardo/R5A_ROS_ws/install/robot_5a_urdf/share/robot_5a_urdf/environment/ament_prefix_path.sh
[4.031s] -- Up-to-date: /home/bernardo/R5A_ROS_ws/install/robot_5a_urdf/share/robot_5a_urdf/environment/ament_prefix_path.dsv
[4.031s] -- Up-to-date: /home/bernardo/R5A_ROS_ws/install/robot_5a_urdf/share/robot_5a_urdf/environment/path.sh
[4.031s] -- Up-to-date: /home/bernardo/R5A_ROS_ws/install/robot_5a_urdf/share/robot_5a_urdf/environment/path.dsv
[4.032s] -- Up-to-date: /home/bernardo/R5A_ROS_ws/install/robot_5a_urdf/share/robot_5a_urdf/local_setup.bash
[4.033s] -- Up-to-date: /home/bernardo/R5A_ROS_ws/install/robot_5a_urdf/share/robot_5a_urdf/local_setup.sh
[4.033s] -- Up-to-date: /home/bernardo/R5A_ROS_ws/install/robot_5a_urdf/share/robot_5a_urdf/local_setup.zsh
[4.033s] -- Up-to-date: /home/bernardo/R5A_ROS_ws/install/robot_5a_urdf/share/robot_5a_urdf/local_setup.dsv
[4.036s] -- Installing: /home/bernardo/R5A_ROS_ws/install/robot_5a_urdf/share/robot_5a_urdf/package.dsv
[4.043s] -- Up-to-date: /home/bernardo/R5A_ROS_ws/install/robot_5a_urdf/share/ament_index/resource_index/packages/robot_5a_urdf
[4.063s] -- Up-to-date: /home/bernardo/R5A_ROS_ws/install/robot_5a_urdf/share/robot_5a_urdf/cmake/robot_5a_urdfConfig.cmake
[4.064s] -- Up-to-date: /home/bernardo/R5A_ROS_ws/install/robot_5a_urdf/share/robot_5a_urdf/cmake/robot_5a_urdfConfig-version.cmake
[4.087s] -- Up-to-date: /home/bernardo/R5A_ROS_ws/install/robot_5a_urdf/share/robot_5a_urdf/package.xml
[4.104s] Invoked command in '/home/bernardo/R5A_ROS_ws/build/robot_5a_urdf' returned '0': CMAKE_PREFIX_PATH=/opt/ros/humble /usr/bin/cmake --install /home/bernardo/R5A_ROS_ws/build/robot_5a_urdf
