[0.086s] Invoking command in '/home/bernardo/R5A_ROS_ws/build/robot_5a_urdf': CMAKE_PREFIX_PATH=${CMAKE_PREFIX_PATH}:/opt/ros/humble /usr/bin/cmake --build /home/bernardo/R5A_ROS_ws/build/robot_5a_urdf -- -j3 -l3
[0.372s] Invoked command in '/home/bernardo/R5A_ROS_ws/build/robot_5a_urdf' returned '0': CMAKE_PREFIX_PATH=${CMAKE_PREFIX_PATH}:/opt/ros/humble /usr/bin/cmake --build /home/bernardo/R5A_ROS_ws/build/robot_5a_urdf -- -j3 -l3
[0.492s] Invoking command in '/home/bernardo/R5A_ROS_ws/build/robot_5a_urdf': CMAKE_PREFIX_PATH=${CMAKE_PREFIX_PATH}:/opt/ros/humble /usr/bin/cmake --install /home/bernardo/R5A_ROS_ws/build/robot_5a_urdf
[0.538s] -- Install configuration: ""
[0.539s] -- Up-to-date: /home/bernardo/R5A_ROS_ws/install/robot_5a_urdf/share/robot_5a_urdf/description
[0.540s] -- Up-to-date: /home/bernardo/R5A_ROS_ws/install/robot_5a_urdf/share/robot_5a_urdf/description/gazebo_plugins.xacro
[0.541s] -- Up-to-date: /home/bernardo/R5A_ROS_ws/install/robot_5a_urdf/share/robot_5a_urdf/description/robot_5a_urdf.csv
[0.541s] -- Installing: /home/bernardo/R5A_ROS_ws/install/robot_5a_urdf/share/robot_5a_urdf/description/robot_5a_urdf.urdf.xacro
[0.542s] -- Up-to-date: /home/bernardo/R5A_ROS_ws/install/robot_5a_urdf/share/robot_5a_urdf/launch
[0.544s] -- Up-to-date: /home/bernardo/R5A_ROS_ws/install/robot_5a_urdf/share/robot_5a_urdf/launch/rsp_sim.launch.py
[0.544s] -- Up-to-date: /home/bernardo/R5A_ROS_ws/install/robot_5a_urdf/share/robot_5a_urdf/launch/main_robot.launch.py
[0.544s] -- Up-to-date: /home/bernardo/R5A_ROS_ws/install/robot_5a_urdf/share/robot_5a_urdf/config
[0.545s] -- Up-to-date: /home/bernardo/R5A_ROS_ws/install/robot_5a_urdf/share/robot_5a_urdf/config/joint_names_5A Assembly3.yaml
[0.545s] -- Up-to-date: /home/bernardo/R5A_ROS_ws/install/robot_5a_urdf/share/robot_5a_urdf/config/robot_5a_controllers.yaml
[0.546s] -- Up-to-date: /home/bernardo/R5A_ROS_ws/install/robot_5a_urdf/share/robot_5a_urdf/meshes
[0.546s] -- Up-to-date: /home/bernardo/R5A_ROS_ws/install/robot_5a_urdf/share/robot_5a_urdf/meshes/Link_2.STL
[0.546s] -- Up-to-date: /home/bernardo/R5A_ROS_ws/install/robot_5a_urdf/share/robot_5a_urdf/meshes/Link_3.STL
[0.546s] -- Up-to-date: /home/bernardo/R5A_ROS_ws/install/robot_5a_urdf/share/robot_5a_urdf/meshes/base_link.STL
[0.546s] -- Up-to-date: /home/bernardo/R5A_ROS_ws/install/robot_5a_urdf/share/robot_5a_urdf/meshes/Link_1.STL
[0.546s] -- Up-to-date: /home/bernardo/R5A_ROS_ws/install/robot_5a_urdf/share/robot_5a_urdf/meshes/Link_4.STL
[0.546s] -- Up-to-date: /home/bernardo/R5A_ROS_ws/install/robot_5a_urdf/share/robot_5a_urdf/meshes/Link_5.STL
[0.547s] -- Up-to-date: /home/bernardo/R5A_ROS_ws/install/robot_5a_urdf/share/robot_5a_urdf/rviz
[0.547s] -- Up-to-date: /home/bernardo/R5A_ROS_ws/install/robot_5a_urdf/share/ament_index/resource_index/package_run_dependencies/robot_5a_urdf
[0.547s] -- Up-to-date: /home/bernardo/R5A_ROS_ws/install/robot_5a_urdf/share/ament_index/resource_index/parent_prefix_path/robot_5a_urdf
[0.548s] -- Up-to-date: /home/bernardo/R5A_ROS_ws/install/robot_5a_urdf/share/robot_5a_urdf/environment/ament_prefix_path.sh
[0.549s] -- Up-to-date: /home/bernardo/R5A_ROS_ws/install/robot_5a_urdf/share/robot_5a_urdf/environment/ament_prefix_path.dsv
[0.549s] -- Up-to-date: /home/bernardo/R5A_ROS_ws/install/robot_5a_urdf/share/robot_5a_urdf/environment/path.sh
[0.550s] -- Up-to-date: /home/bernardo/R5A_ROS_ws/install/robot_5a_urdf/share/robot_5a_urdf/environment/path.dsv
[0.550s] -- Up-to-date: /home/bernardo/R5A_ROS_ws/install/robot_5a_urdf/share/robot_5a_urdf/local_setup.bash
[0.550s] -- Up-to-date: /home/bernardo/R5A_ROS_ws/install/robot_5a_urdf/share/robot_5a_urdf/local_setup.sh
[0.550s] -- Up-to-date: /home/bernardo/R5A_ROS_ws/install/robot_5a_urdf/share/robot_5a_urdf/local_setup.zsh
[0.551s] -- Up-to-date: /home/bernardo/R5A_ROS_ws/install/robot_5a_urdf/share/robot_5a_urdf/local_setup.dsv
[0.551s] -- Installing: /home/bernardo/R5A_ROS_ws/install/robot_5a_urdf/share/robot_5a_urdf/package.dsv
[0.553s] -- Up-to-date: /home/bernardo/R5A_ROS_ws/install/robot_5a_urdf/share/ament_index/resource_index/packages/robot_5a_urdf
[0.553s] -- Up-to-date: /home/bernardo/R5A_ROS_ws/install/robot_5a_urdf/share/robot_5a_urdf/cmake/robot_5a_urdfConfig.cmake
[0.553s] -- Up-to-date: /home/bernardo/R5A_ROS_ws/install/robot_5a_urdf/share/robot_5a_urdf/cmake/robot_5a_urdfConfig-version.cmake
[0.554s] -- Up-to-date: /home/bernardo/R5A_ROS_ws/install/robot_5a_urdf/share/robot_5a_urdf/package.xml
[0.598s] Invoked command in '/home/bernardo/R5A_ROS_ws/build/robot_5a_urdf' returned '0': CMAKE_PREFIX_PATH=${CMAKE_PREFIX_PATH}:/opt/ros/humble /usr/bin/cmake --install /home/bernardo/R5A_ROS_ws/build/robot_5a_urdf
