[0.108s] Invoking command in '/home/bernardo/R5A_ROS_ws/build/gazebo_ros2_control': CMAKE_PREFIX_PATH=/opt/ros/humble /usr/bin/cmake --build /home/bernardo/R5A_ROS_ws/build/gazebo_ros2_control -- -j3 -l3
[1.357s] [ 50%] Built target gazebo_ros2_control
[1.362s] [100%] Built target gazebo_hardware_plugins
[1.389s] Invoked command in '/home/bernardo/R5A_ROS_ws/build/gazebo_ros2_control' returned '0': CMAKE_PREFIX_PATH=/opt/ros/humble /usr/bin/cmake --build /home/bernardo/R5A_ROS_ws/build/gazebo_ros2_control -- -j3 -l3
[1.523s] Invoking command in '/home/bernardo/R5A_ROS_ws/build/gazebo_ros2_control': CMAKE_PREFIX_PATH=/opt/ros/humble /usr/bin/cmake --install /home/bernardo/R5A_ROS_ws/build/gazebo_ros2_control
[1.535s] -- Install configuration: ""
[1.539s] -- Up-to-date: /home/bernardo/R5A_ROS_ws/install/gazebo_ros2_control/lib/libgazebo_ros2_control.so
[1.542s] -- Up-to-date: /home/bernardo/R5A_ROS_ws/install/gazebo_ros2_control/lib/libgazebo_hardware_plugins.so
[1.543s] -- Up-to-date: /home/bernardo/R5A_ROS_ws/install/gazebo_ros2_control/share/gazebo_ros2_control/environment/library_path.sh
[1.544s] -- Up-to-date: /home/bernardo/R5A_ROS_ws/install/gazebo_ros2_control/share/gazebo_ros2_control/environment/library_path.dsv
[1.544s] -- Up-to-date: /home/bernardo/R5A_ROS_ws/install/gazebo_ros2_control/include/gazebo_ros2_control
[1.545s] -- Up-to-date: /home/bernardo/R5A_ROS_ws/install/gazebo_ros2_control/include/gazebo_ros2_control/gazebo_ros2_control_plugin.hpp
[1.545s] -- Up-to-date: /home/bernardo/R5A_ROS_ws/install/gazebo_ros2_control/include/gazebo_ros2_control/gazebo_system_interface.hpp
[1.545s] -- Up-to-date: /home/bernardo/R5A_ROS_ws/install/gazebo_ros2_control/include/gazebo_ros2_control/gazebo_system.hpp
[1.545s] -- Up-to-date: /home/bernardo/R5A_ROS_ws/install/gazebo_ros2_control/share/gazebo_ros2_control/gazebo_hardware_plugins.xml
[1.548s] -- Up-to-date: /home/bernardo/R5A_ROS_ws/install/gazebo_ros2_control/share/ament_index/resource_index/package_run_dependencies/gazebo_ros2_control
[1.548s] -- Up-to-date: /home/bernardo/R5A_ROS_ws/install/gazebo_ros2_control/share/ament_index/resource_index/parent_prefix_path/gazebo_ros2_control
[1.548s] -- Up-to-date: /home/bernardo/R5A_ROS_ws/install/gazebo_ros2_control/share/gazebo_ros2_control/environment/ament_prefix_path.sh
[1.548s] -- Up-to-date: /home/bernardo/R5A_ROS_ws/install/gazebo_ros2_control/share/gazebo_ros2_control/environment/ament_prefix_path.dsv
[1.548s] -- Up-to-date: /home/bernardo/R5A_ROS_ws/install/gazebo_ros2_control/share/gazebo_ros2_control/environment/path.sh
[1.549s] -- Up-to-date: /home/bernardo/R5A_ROS_ws/install/gazebo_ros2_control/share/gazebo_ros2_control/environment/path.dsv
[1.549s] -- Up-to-date: /home/bernardo/R5A_ROS_ws/install/gazebo_ros2_control/share/gazebo_ros2_control/local_setup.bash
[1.549s] -- Up-to-date: /home/bernardo/R5A_ROS_ws/install/gazebo_ros2_control/share/gazebo_ros2_control/local_setup.sh
[1.549s] -- Up-to-date: /home/bernardo/R5A_ROS_ws/install/gazebo_ros2_control/share/gazebo_ros2_control/local_setup.zsh
[1.549s] -- Up-to-date: /home/bernardo/R5A_ROS_ws/install/gazebo_ros2_control/share/gazebo_ros2_control/local_setup.dsv
[1.549s] -- Installing: /home/bernardo/R5A_ROS_ws/install/gazebo_ros2_control/share/gazebo_ros2_control/package.dsv
[1.551s] -- Up-to-date: /home/bernardo/R5A_ROS_ws/install/gazebo_ros2_control/share/ament_index/resource_index/packages/gazebo_ros2_control
[1.552s] -- Up-to-date: /home/bernardo/R5A_ROS_ws/install/gazebo_ros2_control/share/ament_index/resource_index/gazebo_ros2_control__pluginlib__plugin/gazebo_ros2_control
[1.553s] -- Up-to-date: /home/bernardo/R5A_ROS_ws/install/gazebo_ros2_control/share/gazebo_ros2_control/cmake/ament_cmake_export_include_directories-extras.cmake
[1.553s] -- Up-to-date: /home/bernardo/R5A_ROS_ws/install/gazebo_ros2_control/share/gazebo_ros2_control/cmake/ament_cmake_export_dependencies-extras.cmake
[1.553s] -- Up-to-date: /home/bernardo/R5A_ROS_ws/install/gazebo_ros2_control/share/gazebo_ros2_control/cmake/ament_cmake_export_libraries-extras.cmake
[1.553s] -- Up-to-date: /home/bernardo/R5A_ROS_ws/install/gazebo_ros2_control/share/gazebo_ros2_control/cmake/gazebo_ros2_controlConfig.cmake
[1.553s] -- Up-to-date: /home/bernardo/R5A_ROS_ws/install/gazebo_ros2_control/share/gazebo_ros2_control/cmake/gazebo_ros2_controlConfig-version.cmake
[1.553s] -- Up-to-date: /home/bernardo/R5A_ROS_ws/install/gazebo_ros2_control/share/gazebo_ros2_control/package.xml
[1.569s] Invoked command in '/home/bernardo/R5A_ROS_ws/build/gazebo_ros2_control' returned '0': CMAKE_PREFIX_PATH=/opt/ros/humble /usr/bin/cmake --install /home/bernardo/R5A_ROS_ws/build/gazebo_ros2_control
