[1.427s] DEBUG:colcon:Command line arguments: ['/usr/bin/colcon', 'build']
[1.427s] DEBUG:colcon:Parsed command line arguments: Namespace(log_base=None, log_level=None, verb_name='build', build_base='build', install_base='install', merge_install=False, symlink_install=False, test_result_base=None, continue_on_error=False, executor='parallel', parallel_workers=3, event_handlers=None, ignore_user_meta=False, metas=['./colcon.meta'], base_paths=['.'], packages_ignore=None, packages_ignore_regex=None, paths=None, packages_up_to=None, packages_up_to_regex=None, packages_above=None, packages_above_and_dependencies=None, packages_above_depth=None, packages_select_by_dep=None, packages_skip_by_dep=None, packages_skip_up_to=None, packages_select_build_failed=False, packages_skip_build_finished=False, packages_select_test_failures=False, packages_skip_test_passed=False, packages_select=None, packages_skip=None, packages_select_regex=None, packages_skip_regex=None, packages_start=None, packages_end=None, allow_overriding=[], cmake_args=None, cmake_target=None, cmake_target_skip_unavailable=False, cmake_clean_cache=False, cmake_clean_first=False, cmake_force_configure=False, ament_cmake_args=None, catkin_cmake_args=None, catkin_skip_building_tests=False, verb_parser=<colcon_defaults.argument_parser.defaults.DefaultArgumentsDecorator object at 0x7a4b68a3db10>, verb_extension=<colcon_core.verb.build.BuildVerb object at 0x7a4b68a3d600>, main=<bound method BuildVerb.main of <colcon_core.verb.build.BuildVerb object at 0x7a4b68a3d600>>)
[3.109s] Level 1:colcon.colcon_core.package_discovery:discover_packages(colcon_meta) check parameters
[3.110s] Level 1:colcon.colcon_core.package_discovery:discover_packages(recursive) check parameters
[3.110s] Level 1:colcon.colcon_core.package_discovery:discover_packages(ignore) check parameters
[3.110s] Level 1:colcon.colcon_core.package_discovery:discover_packages(path) check parameters
[3.110s] Level 1:colcon.colcon_core.package_discovery:discover_packages(colcon_meta) discover
[3.110s] Level 1:colcon.colcon_core.package_discovery:discover_packages(recursive) discover
[3.110s] INFO:colcon.colcon_core.package_discovery:Crawling recursively for packages in '/home/bernardo/R5A_ROS_ws'
[3.110s] Level 1:colcon.colcon_core.package_identification:_identify(.) by extensions ['ignore', 'ignore_ament_install']
[3.110s] Level 1:colcon.colcon_core.package_identification:_identify(.) by extension 'ignore'
[3.110s] Level 1:colcon.colcon_core.package_identification:_identify(.) by extension 'ignore_ament_install'
[3.110s] Level 1:colcon.colcon_core.package_identification:_identify(.) by extensions ['colcon_pkg']
[3.111s] Level 1:colcon.colcon_core.package_identification:_identify(.) by extension 'colcon_pkg'
[3.111s] Level 1:colcon.colcon_core.package_identification:_identify(.) by extensions ['colcon_meta']
[3.111s] Level 1:colcon.colcon_core.package_identification:_identify(.) by extension 'colcon_meta'
[3.111s] Level 1:colcon.colcon_core.package_identification:_identify(.) by extensions ['ros']
[3.111s] Level 1:colcon.colcon_core.package_identification:_identify(.) by extension 'ros'
[3.150s] Level 1:colcon.colcon_core.package_identification:_identify(.) by extensions ['cmake', 'python']
[3.150s] Level 1:colcon.colcon_core.package_identification:_identify(.) by extension 'cmake'
[3.150s] Level 1:colcon.colcon_core.package_identification:_identify(.) by extension 'python'
[3.150s] Level 1:colcon.colcon_core.package_identification:_identify(.) by extensions ['python_setup_py']
[3.150s] Level 1:colcon.colcon_core.package_identification:_identify(.) by extension 'python_setup_py'
[3.150s] Level 1:colcon.colcon_core.package_identification:_identify(build) by extensions ['ignore', 'ignore_ament_install']
[3.150s] Level 1:colcon.colcon_core.package_identification:_identify(build) by extension 'ignore'
[3.150s] Level 1:colcon.colcon_core.package_identification:_identify(build) ignored
[3.152s] Level 1:colcon.colcon_core.package_identification:_identify(install) by extensions ['ignore', 'ignore_ament_install']
[3.152s] Level 1:colcon.colcon_core.package_identification:_identify(install) by extension 'ignore'
[3.152s] Level 1:colcon.colcon_core.package_identification:_identify(install) ignored
[3.152s] Level 1:colcon.colcon_core.package_identification:_identify(log) by extensions ['ignore', 'ignore_ament_install']
[3.153s] Level 1:colcon.colcon_core.package_identification:_identify(log) by extension 'ignore'
[3.153s] Level 1:colcon.colcon_core.package_identification:_identify(log) ignored
[3.155s] Level 1:colcon.colcon_core.package_identification:_identify(src) by extensions ['ignore', 'ignore_ament_install']
[3.155s] Level 1:colcon.colcon_core.package_identification:_identify(src) by extension 'ignore'
[3.155s] Level 1:colcon.colcon_core.package_identification:_identify(src) by extension 'ignore_ament_install'
[3.155s] Level 1:colcon.colcon_core.package_identification:_identify(src) by extensions ['colcon_pkg']
[3.155s] Level 1:colcon.colcon_core.package_identification:_identify(src) by extension 'colcon_pkg'
[3.155s] Level 1:colcon.colcon_core.package_identification:_identify(src) by extensions ['colcon_meta']
[3.155s] Level 1:colcon.colcon_core.package_identification:_identify(src) by extension 'colcon_meta'
[3.155s] Level 1:colcon.colcon_core.package_identification:_identify(src) by extensions ['ros']
[3.155s] Level 1:colcon.colcon_core.package_identification:_identify(src) by extension 'ros'
[3.155s] Level 1:colcon.colcon_core.package_identification:_identify(src) by extensions ['cmake', 'python']
[3.155s] Level 1:colcon.colcon_core.package_identification:_identify(src) by extension 'cmake'
[3.155s] Level 1:colcon.colcon_core.package_identification:_identify(src) by extension 'python'
[3.156s] Level 1:colcon.colcon_core.package_identification:_identify(src) by extensions ['python_setup_py']
[3.156s] Level 1:colcon.colcon_core.package_identification:_identify(src) by extension 'python_setup_py'
[3.158s] Level 1:colcon.colcon_core.package_identification:_identify(src/gazebo_ros2_control) by extensions ['ignore', 'ignore_ament_install']
[3.158s] Level 1:colcon.colcon_core.package_identification:_identify(src/gazebo_ros2_control) by extension 'ignore'
[3.158s] Level 1:colcon.colcon_core.package_identification:_identify(src/gazebo_ros2_control) by extension 'ignore_ament_install'
[3.158s] Level 1:colcon.colcon_core.package_identification:_identify(src/gazebo_ros2_control) by extensions ['colcon_pkg']
[3.158s] Level 1:colcon.colcon_core.package_identification:_identify(src/gazebo_ros2_control) by extension 'colcon_pkg'
[3.159s] Level 1:colcon.colcon_core.package_identification:_identify(src/gazebo_ros2_control) by extensions ['colcon_meta']
[3.159s] Level 1:colcon.colcon_core.package_identification:_identify(src/gazebo_ros2_control) by extension 'colcon_meta'
[3.159s] Level 1:colcon.colcon_core.package_identification:_identify(src/gazebo_ros2_control) by extensions ['ros']
[3.159s] Level 1:colcon.colcon_core.package_identification:_identify(src/gazebo_ros2_control) by extension 'ros'
[3.173s] DEBUG:colcon.colcon_core.package_identification:Package 'src/gazebo_ros2_control' with type 'ros.ament_cmake' and name 'gazebo_ros2_control'
[3.175s] Level 1:colcon.colcon_core.package_identification:_identify(src/robot_5a_moveit_config) by extensions ['ignore', 'ignore_ament_install']
[3.175s] Level 1:colcon.colcon_core.package_identification:_identify(src/robot_5a_moveit_config) by extension 'ignore'
[3.175s] Level 1:colcon.colcon_core.package_identification:_identify(src/robot_5a_moveit_config) by extension 'ignore_ament_install'
[3.175s] Level 1:colcon.colcon_core.package_identification:_identify(src/robot_5a_moveit_config) by extensions ['colcon_pkg']
[3.175s] Level 1:colcon.colcon_core.package_identification:_identify(src/robot_5a_moveit_config) by extension 'colcon_pkg'
[3.175s] Level 1:colcon.colcon_core.package_identification:_identify(src/robot_5a_moveit_config) by extensions ['colcon_meta']
[3.175s] Level 1:colcon.colcon_core.package_identification:_identify(src/robot_5a_moveit_config) by extension 'colcon_meta'
[3.176s] Level 1:colcon.colcon_core.package_identification:_identify(src/robot_5a_moveit_config) by extensions ['ros']
[3.176s] Level 1:colcon.colcon_core.package_identification:_identify(src/robot_5a_moveit_config) by extension 'ros'
[3.178s] DEBUG:colcon.colcon_core.package_identification:Package 'src/robot_5a_moveit_config' with type 'ros.ament_cmake' and name 'robot_5a_moveit_config'
[3.179s] Level 1:colcon.colcon_core.package_identification:_identify(src/robot_5a_urdf) by extensions ['ignore', 'ignore_ament_install']
[3.179s] Level 1:colcon.colcon_core.package_identification:_identify(src/robot_5a_urdf) by extension 'ignore'
[3.180s] Level 1:colcon.colcon_core.package_identification:_identify(src/robot_5a_urdf) by extension 'ignore_ament_install'
[3.180s] Level 1:colcon.colcon_core.package_identification:_identify(src/robot_5a_urdf) by extensions ['colcon_pkg']
[3.180s] Level 1:colcon.colcon_core.package_identification:_identify(src/robot_5a_urdf) by extension 'colcon_pkg'
[3.180s] Level 1:colcon.colcon_core.package_identification:_identify(src/robot_5a_urdf) by extensions ['colcon_meta']
[3.180s] Level 1:colcon.colcon_core.package_identification:_identify(src/robot_5a_urdf) by extension 'colcon_meta'
[3.180s] Level 1:colcon.colcon_core.package_identification:_identify(src/robot_5a_urdf) by extensions ['ros']
[3.180s] Level 1:colcon.colcon_core.package_identification:_identify(src/robot_5a_urdf) by extension 'ros'
[3.183s] DEBUG:colcon.colcon_core.package_identification:Package 'src/robot_5a_urdf' with type 'ros.ament_cmake' and name 'robot_5a_urdf'
[3.184s] Level 1:colcon.colcon_core.package_discovery:discover_packages(recursive) using defaults
[3.184s] Level 1:colcon.colcon_core.package_discovery:discover_packages(ignore) discover
[3.184s] Level 1:colcon.colcon_core.package_discovery:discover_packages(ignore) using defaults
[3.184s] Level 1:colcon.colcon_core.package_discovery:discover_packages(path) discover
[3.184s] Level 1:colcon.colcon_core.package_discovery:discover_packages(path) using defaults
[3.322s] Level 1:colcon.colcon_core.package_discovery:discover_packages(prefix_path) check parameters
[3.322s] Level 1:colcon.colcon_core.package_discovery:discover_packages(prefix_path) discover
[3.352s] DEBUG:colcon.colcon_installed_package_information.package_discovery:Found 396 installed packages in /opt/ros/humble
[3.354s] Level 1:colcon.colcon_core.package_discovery:discover_packages(prefix_path) using defaults
[3.937s] Level 5:colcon.colcon_core.verb:set package 'gazebo_ros2_control' build argument 'cmake_args' from command line to 'None'
[3.937s] Level 5:colcon.colcon_core.verb:set package 'gazebo_ros2_control' build argument 'cmake_target' from command line to 'None'
[3.937s] Level 5:colcon.colcon_core.verb:set package 'gazebo_ros2_control' build argument 'cmake_target_skip_unavailable' from command line to 'False'
[3.937s] Level 5:colcon.colcon_core.verb:set package 'gazebo_ros2_control' build argument 'cmake_clean_cache' from command line to 'False'
[3.937s] Level 5:colcon.colcon_core.verb:set package 'gazebo_ros2_control' build argument 'cmake_clean_first' from command line to 'False'
[3.937s] Level 5:colcon.colcon_core.verb:set package 'gazebo_ros2_control' build argument 'cmake_force_configure' from command line to 'False'
[3.937s] Level 5:colcon.colcon_core.verb:set package 'gazebo_ros2_control' build argument 'ament_cmake_args' from command line to 'None'
[3.937s] Level 5:colcon.colcon_core.verb:set package 'gazebo_ros2_control' build argument 'catkin_cmake_args' from command line to 'None'
[3.937s] Level 5:colcon.colcon_core.verb:set package 'gazebo_ros2_control' build argument 'catkin_skip_building_tests' from command line to 'False'
[3.937s] DEBUG:colcon.colcon_core.verb:Building package 'gazebo_ros2_control' with the following arguments: {'ament_cmake_args': None, 'build_base': '/home/bernardo/R5A_ROS_ws/build/gazebo_ros2_control', 'catkin_cmake_args': None, 'catkin_skip_building_tests': False, 'cmake_args': None, 'cmake_clean_cache': False, 'cmake_clean_first': False, 'cmake_force_configure': False, 'cmake_target': None, 'cmake_target_skip_unavailable': False, 'install_base': '/home/bernardo/R5A_ROS_ws/install/gazebo_ros2_control', 'merge_install': False, 'path': '/home/bernardo/R5A_ROS_ws/src/gazebo_ros2_control', 'symlink_install': False, 'test_result_base': None}
[3.938s] Level 5:colcon.colcon_core.verb:set package 'robot_5a_moveit_config' build argument 'cmake_args' from command line to 'None'
[3.938s] Level 5:colcon.colcon_core.verb:set package 'robot_5a_moveit_config' build argument 'cmake_target' from command line to 'None'
[3.938s] Level 5:colcon.colcon_core.verb:set package 'robot_5a_moveit_config' build argument 'cmake_target_skip_unavailable' from command line to 'False'
[3.938s] Level 5:colcon.colcon_core.verb:set package 'robot_5a_moveit_config' build argument 'cmake_clean_cache' from command line to 'False'
[3.938s] Level 5:colcon.colcon_core.verb:set package 'robot_5a_moveit_config' build argument 'cmake_clean_first' from command line to 'False'
[3.938s] Level 5:colcon.colcon_core.verb:set package 'robot_5a_moveit_config' build argument 'cmake_force_configure' from command line to 'False'
[3.938s] Level 5:colcon.colcon_core.verb:set package 'robot_5a_moveit_config' build argument 'ament_cmake_args' from command line to 'None'
[3.938s] Level 5:colcon.colcon_core.verb:set package 'robot_5a_moveit_config' build argument 'catkin_cmake_args' from command line to 'None'
[3.938s] Level 5:colcon.colcon_core.verb:set package 'robot_5a_moveit_config' build argument 'catkin_skip_building_tests' from command line to 'False'
[3.938s] DEBUG:colcon.colcon_core.verb:Building package 'robot_5a_moveit_config' with the following arguments: {'ament_cmake_args': None, 'build_base': '/home/bernardo/R5A_ROS_ws/build/robot_5a_moveit_config', 'catkin_cmake_args': None, 'catkin_skip_building_tests': False, 'cmake_args': None, 'cmake_clean_cache': False, 'cmake_clean_first': False, 'cmake_force_configure': False, 'cmake_target': None, 'cmake_target_skip_unavailable': False, 'install_base': '/home/bernardo/R5A_ROS_ws/install/robot_5a_moveit_config', 'merge_install': False, 'path': '/home/bernardo/R5A_ROS_ws/src/robot_5a_moveit_config', 'symlink_install': False, 'test_result_base': None}
[3.938s] Level 5:colcon.colcon_core.verb:set package 'robot_5a_urdf' build argument 'cmake_args' from command line to 'None'
[3.938s] Level 5:colcon.colcon_core.verb:set package 'robot_5a_urdf' build argument 'cmake_target' from command line to 'None'
[3.938s] Level 5:colcon.colcon_core.verb:set package 'robot_5a_urdf' build argument 'cmake_target_skip_unavailable' from command line to 'False'
[3.938s] Level 5:colcon.colcon_core.verb:set package 'robot_5a_urdf' build argument 'cmake_clean_cache' from command line to 'False'
[3.938s] Level 5:colcon.colcon_core.verb:set package 'robot_5a_urdf' build argument 'cmake_clean_first' from command line to 'False'
[3.938s] Level 5:colcon.colcon_core.verb:set package 'robot_5a_urdf' build argument 'cmake_force_configure' from command line to 'False'
[3.938s] Level 5:colcon.colcon_core.verb:set package 'robot_5a_urdf' build argument 'ament_cmake_args' from command line to 'None'
[3.938s] Level 5:colcon.colcon_core.verb:set package 'robot_5a_urdf' build argument 'catkin_cmake_args' from command line to 'None'
[3.938s] Level 5:colcon.colcon_core.verb:set package 'robot_5a_urdf' build argument 'catkin_skip_building_tests' from command line to 'False'
[3.938s] DEBUG:colcon.colcon_core.verb:Building package 'robot_5a_urdf' with the following arguments: {'ament_cmake_args': None, 'build_base': '/home/bernardo/R5A_ROS_ws/build/robot_5a_urdf', 'catkin_cmake_args': None, 'catkin_skip_building_tests': False, 'cmake_args': None, 'cmake_clean_cache': False, 'cmake_clean_first': False, 'cmake_force_configure': False, 'cmake_target': None, 'cmake_target_skip_unavailable': False, 'install_base': '/home/bernardo/R5A_ROS_ws/install/robot_5a_urdf', 'merge_install': False, 'path': '/home/bernardo/R5A_ROS_ws/src/robot_5a_urdf', 'symlink_install': False, 'test_result_base': None}
[3.939s] INFO:colcon.colcon_core.executor:Executing jobs using 'parallel' executor
[3.941s] DEBUG:colcon.colcon_parallel_executor.executor.parallel:run_until_complete
[3.943s] INFO:colcon.colcon_ros.task.ament_cmake.build:Building ROS package in '/home/bernardo/R5A_ROS_ws/src/gazebo_ros2_control' with build type 'ament_cmake'
[3.943s] INFO:colcon.colcon_cmake.task.cmake.build:Building CMake package in '/home/bernardo/R5A_ROS_ws/src/gazebo_ros2_control'
[3.985s] INFO:colcon.colcon_core.plugin_system:Skipping extension 'colcon_core.shell.bat': Not used on non-Windows systems
[3.985s] INFO:colcon.colcon_core.shell:Skip shell extension 'powershell' for command environment: Not usable outside of PowerShell
[3.986s] DEBUG:colcon.colcon_core.shell:Skip shell extension 'dsv' for command environment
[4.003s] INFO:colcon.colcon_ros.task.ament_cmake.build:Building ROS package in '/home/bernardo/R5A_ROS_ws/src/robot_5a_moveit_config' with build type 'ament_cmake'
[4.003s] INFO:colcon.colcon_cmake.task.cmake.build:Building CMake package in '/home/bernardo/R5A_ROS_ws/src/robot_5a_moveit_config'
[4.003s] INFO:colcon.colcon_core.shell:Skip shell extension 'powershell' for command environment: Not usable outside of PowerShell
[4.003s] DEBUG:colcon.colcon_core.shell:Skip shell extension 'dsv' for command environment
[4.026s] INFO:colcon.colcon_ros.task.ament_cmake.build:Building ROS package in '/home/bernardo/R5A_ROS_ws/src/robot_5a_urdf' with build type 'ament_cmake'
[4.027s] INFO:colcon.colcon_cmake.task.cmake.build:Building CMake package in '/home/bernardo/R5A_ROS_ws/src/robot_5a_urdf'
[4.027s] INFO:colcon.colcon_core.shell:Skip shell extension 'powershell' for command environment: Not usable outside of PowerShell
[4.027s] DEBUG:colcon.colcon_core.shell:Skip shell extension 'dsv' for command environment
[4.057s] DEBUG:colcon.colcon_core.event_handler.log_command:Invoking command in '/home/bernardo/R5A_ROS_ws/build/gazebo_ros2_control': CMAKE_PREFIX_PATH=/opt/ros/humble /usr/bin/cmake --build /home/bernardo/R5A_ROS_ws/build/gazebo_ros2_control -- -j3 -l3
[4.112s] DEBUG:colcon.colcon_core.event_handler.log_command:Invoking command in '/home/bernardo/R5A_ROS_ws/build/robot_5a_moveit_config': CMAKE_PREFIX_PATH=/opt/ros/humble /usr/bin/cmake --build /home/bernardo/R5A_ROS_ws/build/robot_5a_moveit_config -- -j3 -l3
[4.146s] DEBUG:colcon.colcon_core.event_handler.log_command:Invoking command in '/home/bernardo/R5A_ROS_ws/build/robot_5a_urdf': CMAKE_PREFIX_PATH=/opt/ros/humble /usr/bin/cmake --build /home/bernardo/R5A_ROS_ws/build/robot_5a_urdf -- -j3 -l3
[5.995s] DEBUG:colcon.colcon_core.event_handler.log_command:Invoked command in '/home/bernardo/R5A_ROS_ws/build/robot_5a_urdf' returned '0': CMAKE_PREFIX_PATH=/opt/ros/humble /usr/bin/cmake --build /home/bernardo/R5A_ROS_ws/build/robot_5a_urdf -- -j3 -l3
[6.039s] DEBUG:colcon.colcon_core.event_handler.log_command:Invoked command in '/home/bernardo/R5A_ROS_ws/build/robot_5a_moveit_config' returned '0': CMAKE_PREFIX_PATH=/opt/ros/humble /usr/bin/cmake --build /home/bernardo/R5A_ROS_ws/build/robot_5a_moveit_config -- -j3 -l3
[6.157s] DEBUG:colcon.colcon_core.event_handler.log_command:Invoking command in '/home/bernardo/R5A_ROS_ws/build/robot_5a_moveit_config': CMAKE_PREFIX_PATH=/opt/ros/humble /usr/bin/cmake --install /home/bernardo/R5A_ROS_ws/build/robot_5a_moveit_config
[6.213s] DEBUG:colcon.colcon_core.event_handler.log_command:Invoking command in '/home/bernardo/R5A_ROS_ws/build/robot_5a_urdf': CMAKE_PREFIX_PATH=/opt/ros/humble /usr/bin/cmake --install /home/bernardo/R5A_ROS_ws/build/robot_5a_urdf
[6.233s] Level 1:colcon.colcon_core.environment:create_environment_scripts_only(robot_5a_moveit_config)
[6.234s] DEBUG:colcon.colcon_core.event_handler.log_command:Invoked command in '/home/bernardo/R5A_ROS_ws/build/robot_5a_moveit_config' returned '0': CMAKE_PREFIX_PATH=/opt/ros/humble /usr/bin/cmake --install /home/bernardo/R5A_ROS_ws/build/robot_5a_moveit_config
[6.283s] Level 1:colcon.colcon_core.environment:checking '/home/bernardo/R5A_ROS_ws/install/robot_5a_moveit_config' for CMake module files
[6.288s] Level 1:colcon.colcon_core.environment:checking '/home/bernardo/R5A_ROS_ws/install/robot_5a_moveit_config' for CMake config files
[6.295s] Level 1:colcon.colcon_core.shell:create_environment_hook('robot_5a_moveit_config', 'cmake_prefix_path')
[6.296s] INFO:colcon.colcon_core.shell:Creating environment hook '/home/bernardo/R5A_ROS_ws/install/robot_5a_moveit_config/share/robot_5a_moveit_config/hook/cmake_prefix_path.ps1'
[6.309s] INFO:colcon.colcon_core.shell:Creating environment descriptor '/home/bernardo/R5A_ROS_ws/install/robot_5a_moveit_config/share/robot_5a_moveit_config/hook/cmake_prefix_path.dsv'
[6.317s] INFO:colcon.colcon_core.shell:Creating environment hook '/home/bernardo/R5A_ROS_ws/install/robot_5a_moveit_config/share/robot_5a_moveit_config/hook/cmake_prefix_path.sh'
[6.323s] Level 1:colcon.colcon_core.environment:checking '/home/bernardo/R5A_ROS_ws/install/robot_5a_moveit_config/bin'
[6.323s] Level 1:colcon.colcon_core.environment:checking '/home/bernardo/R5A_ROS_ws/install/robot_5a_moveit_config/lib/pkgconfig/robot_5a_moveit_config.pc'
[6.323s] Level 1:colcon.colcon_core.environment:checking '/home/bernardo/R5A_ROS_ws/install/robot_5a_moveit_config/lib/python3.10/site-packages'
[6.324s] Level 1:colcon.colcon_core.environment:checking '/home/bernardo/R5A_ROS_ws/install/robot_5a_moveit_config/bin'
[6.324s] INFO:colcon.colcon_core.shell:Creating package script '/home/bernardo/R5A_ROS_ws/install/robot_5a_moveit_config/share/robot_5a_moveit_config/package.ps1'
[6.331s] INFO:colcon.colcon_core.shell:Creating package descriptor '/home/bernardo/R5A_ROS_ws/install/robot_5a_moveit_config/share/robot_5a_moveit_config/package.dsv'
[6.334s] INFO:colcon.colcon_core.shell:Creating package script '/home/bernardo/R5A_ROS_ws/install/robot_5a_moveit_config/share/robot_5a_moveit_config/package.sh'
[6.341s] INFO:colcon.colcon_core.shell:Creating package script '/home/bernardo/R5A_ROS_ws/install/robot_5a_moveit_config/share/robot_5a_moveit_config/package.bash'
[6.344s] INFO:colcon.colcon_core.shell:Creating package script '/home/bernardo/R5A_ROS_ws/install/robot_5a_moveit_config/share/robot_5a_moveit_config/package.zsh'
[6.351s] Level 1:colcon.colcon_core.environment:create_file_with_runtime_dependencies(/home/bernardo/R5A_ROS_ws/install/robot_5a_moveit_config/share/colcon-core/packages/robot_5a_moveit_config)
[6.361s] Level 1:colcon.colcon_core.environment:create_environment_scripts_only(robot_5a_urdf)
[6.362s] Level 1:colcon.colcon_core.environment:checking '/home/bernardo/R5A_ROS_ws/install/robot_5a_urdf' for CMake module files
[6.364s] Level 1:colcon.colcon_core.environment:checking '/home/bernardo/R5A_ROS_ws/install/robot_5a_urdf' for CMake config files
[6.364s] Level 1:colcon.colcon_core.shell:create_environment_hook('robot_5a_urdf', 'cmake_prefix_path')
[6.365s] INFO:colcon.colcon_core.shell:Creating environment hook '/home/bernardo/R5A_ROS_ws/install/robot_5a_urdf/share/robot_5a_urdf/hook/cmake_prefix_path.ps1'
[6.365s] DEBUG:colcon.colcon_core.event_handler.log_command:Invoked command in '/home/bernardo/R5A_ROS_ws/build/robot_5a_urdf' returned '0': CMAKE_PREFIX_PATH=/opt/ros/humble /usr/bin/cmake --install /home/bernardo/R5A_ROS_ws/build/robot_5a_urdf
[6.370s] INFO:colcon.colcon_core.shell:Creating environment descriptor '/home/bernardo/R5A_ROS_ws/install/robot_5a_urdf/share/robot_5a_urdf/hook/cmake_prefix_path.dsv'
[6.371s] INFO:colcon.colcon_core.shell:Creating environment hook '/home/bernardo/R5A_ROS_ws/install/robot_5a_urdf/share/robot_5a_urdf/hook/cmake_prefix_path.sh'
[6.372s] Level 1:colcon.colcon_core.environment:checking '/home/bernardo/R5A_ROS_ws/install/robot_5a_urdf/bin'
[6.372s] Level 1:colcon.colcon_core.environment:checking '/home/bernardo/R5A_ROS_ws/install/robot_5a_urdf/lib/pkgconfig/robot_5a_urdf.pc'
[6.372s] Level 1:colcon.colcon_core.environment:checking '/home/bernardo/R5A_ROS_ws/install/robot_5a_urdf/lib/python3.10/site-packages'
[6.373s] Level 1:colcon.colcon_core.environment:checking '/home/bernardo/R5A_ROS_ws/install/robot_5a_urdf/bin'
[6.373s] INFO:colcon.colcon_core.shell:Creating package script '/home/bernardo/R5A_ROS_ws/install/robot_5a_urdf/share/robot_5a_urdf/package.ps1'
[6.375s] INFO:colcon.colcon_core.shell:Creating package descriptor '/home/bernardo/R5A_ROS_ws/install/robot_5a_urdf/share/robot_5a_urdf/package.dsv'
[6.376s] INFO:colcon.colcon_core.shell:Creating package script '/home/bernardo/R5A_ROS_ws/install/robot_5a_urdf/share/robot_5a_urdf/package.sh'
[6.377s] INFO:colcon.colcon_core.shell:Creating package script '/home/bernardo/R5A_ROS_ws/install/robot_5a_urdf/share/robot_5a_urdf/package.bash'
[6.378s] INFO:colcon.colcon_core.shell:Creating package script '/home/bernardo/R5A_ROS_ws/install/robot_5a_urdf/share/robot_5a_urdf/package.zsh'
[6.378s] Level 1:colcon.colcon_core.environment:create_file_with_runtime_dependencies(/home/bernardo/R5A_ROS_ws/install/robot_5a_urdf/share/colcon-core/packages/robot_5a_urdf)
[6.499s] Level 1:colcon.colcon_core.environment:create_environment_scripts_only(robot_5a_moveit_config)
[6.500s] Level 1:colcon.colcon_core.environment:checking '/home/bernardo/R5A_ROS_ws/install/robot_5a_moveit_config' for CMake module files
[6.500s] Level 1:colcon.colcon_core.environment:checking '/home/bernardo/R5A_ROS_ws/install/robot_5a_moveit_config' for CMake config files
[6.500s] Level 1:colcon.colcon_core.shell:create_environment_hook('robot_5a_moveit_config', 'cmake_prefix_path')
[6.500s] INFO:colcon.colcon_core.shell:Creating environment hook '/home/bernardo/R5A_ROS_ws/install/robot_5a_moveit_config/share/robot_5a_moveit_config/hook/cmake_prefix_path.ps1'
[6.501s] INFO:colcon.colcon_core.shell:Creating environment descriptor '/home/bernardo/R5A_ROS_ws/install/robot_5a_moveit_config/share/robot_5a_moveit_config/hook/cmake_prefix_path.dsv'
[6.502s] INFO:colcon.colcon_core.shell:Creating environment hook '/home/bernardo/R5A_ROS_ws/install/robot_5a_moveit_config/share/robot_5a_moveit_config/hook/cmake_prefix_path.sh'
[6.503s] Level 1:colcon.colcon_core.environment:checking '/home/bernardo/R5A_ROS_ws/install/robot_5a_moveit_config/bin'
[6.504s] Level 1:colcon.colcon_core.environment:checking '/home/bernardo/R5A_ROS_ws/install/robot_5a_moveit_config/lib/pkgconfig/robot_5a_moveit_config.pc'
[6.504s] Level 1:colcon.colcon_core.environment:checking '/home/bernardo/R5A_ROS_ws/install/robot_5a_moveit_config/lib/python3.10/site-packages'
[6.504s] Level 1:colcon.colcon_core.environment:checking '/home/bernardo/R5A_ROS_ws/install/robot_5a_moveit_config/bin'
[6.504s] INFO:colcon.colcon_core.shell:Creating package script '/home/bernardo/R5A_ROS_ws/install/robot_5a_moveit_config/share/robot_5a_moveit_config/package.ps1'
[6.505s] INFO:colcon.colcon_core.shell:Creating package descriptor '/home/bernardo/R5A_ROS_ws/install/robot_5a_moveit_config/share/robot_5a_moveit_config/package.dsv'
[6.506s] INFO:colcon.colcon_core.shell:Creating package script '/home/bernardo/R5A_ROS_ws/install/robot_5a_moveit_config/share/robot_5a_moveit_config/package.sh'
[6.508s] INFO:colcon.colcon_core.shell:Creating package script '/home/bernardo/R5A_ROS_ws/install/robot_5a_moveit_config/share/robot_5a_moveit_config/package.bash'
[6.510s] INFO:colcon.colcon_core.shell:Creating package script '/home/bernardo/R5A_ROS_ws/install/robot_5a_moveit_config/share/robot_5a_moveit_config/package.zsh'
[6.511s] Level 1:colcon.colcon_core.environment:create_file_with_runtime_dependencies(/home/bernardo/R5A_ROS_ws/install/robot_5a_moveit_config/share/colcon-core/packages/robot_5a_moveit_config)
[6.512s] Level 1:colcon.colcon_core.environment:create_environment_scripts_only(robot_5a_urdf)
[6.513s] Level 1:colcon.colcon_core.environment:checking '/home/bernardo/R5A_ROS_ws/install/robot_5a_urdf' for CMake module files
[6.513s] Level 1:colcon.colcon_core.environment:checking '/home/bernardo/R5A_ROS_ws/install/robot_5a_urdf' for CMake config files
[6.514s] Level 1:colcon.colcon_core.shell:create_environment_hook('robot_5a_urdf', 'cmake_prefix_path')
[6.514s] INFO:colcon.colcon_core.shell:Creating environment hook '/home/bernardo/R5A_ROS_ws/install/robot_5a_urdf/share/robot_5a_urdf/hook/cmake_prefix_path.ps1'
[6.517s] INFO:colcon.colcon_core.shell:Creating environment descriptor '/home/bernardo/R5A_ROS_ws/install/robot_5a_urdf/share/robot_5a_urdf/hook/cmake_prefix_path.dsv'
[6.519s] INFO:colcon.colcon_core.shell:Creating environment hook '/home/bernardo/R5A_ROS_ws/install/robot_5a_urdf/share/robot_5a_urdf/hook/cmake_prefix_path.sh'
[6.520s] Level 1:colcon.colcon_core.environment:checking '/home/bernardo/R5A_ROS_ws/install/robot_5a_urdf/bin'
[6.520s] Level 1:colcon.colcon_core.environment:checking '/home/bernardo/R5A_ROS_ws/install/robot_5a_urdf/lib/pkgconfig/robot_5a_urdf.pc'
[6.520s] Level 1:colcon.colcon_core.environment:checking '/home/bernardo/R5A_ROS_ws/install/robot_5a_urdf/lib/python3.10/site-packages'
[6.520s] Level 1:colcon.colcon_core.environment:checking '/home/bernardo/R5A_ROS_ws/install/robot_5a_urdf/bin'
[6.521s] INFO:colcon.colcon_core.shell:Creating package script '/home/bernardo/R5A_ROS_ws/install/robot_5a_urdf/share/robot_5a_urdf/package.ps1'
[6.538s] INFO:colcon.colcon_core.shell:Creating package descriptor '/home/bernardo/R5A_ROS_ws/install/robot_5a_urdf/share/robot_5a_urdf/package.dsv'
[6.540s] INFO:colcon.colcon_core.shell:Creating package script '/home/bernardo/R5A_ROS_ws/install/robot_5a_urdf/share/robot_5a_urdf/package.sh'
[6.542s] INFO:colcon.colcon_core.shell:Creating package script '/home/bernardo/R5A_ROS_ws/install/robot_5a_urdf/share/robot_5a_urdf/package.bash'
[6.555s] INFO:colcon.colcon_core.shell:Creating package script '/home/bernardo/R5A_ROS_ws/install/robot_5a_urdf/share/robot_5a_urdf/package.zsh'
[6.557s] Level 1:colcon.colcon_core.environment:create_file_with_runtime_dependencies(/home/bernardo/R5A_ROS_ws/install/robot_5a_urdf/share/colcon-core/packages/robot_5a_urdf)
[248.847s] DEBUG:colcon.colcon_core.event_handler.log_command:Invoked command in '/home/bernardo/R5A_ROS_ws/build/gazebo_ros2_control' returned '2': CMAKE_PREFIX_PATH=/opt/ros/humble /usr/bin/cmake --build /home/bernardo/R5A_ROS_ws/build/gazebo_ros2_control -- -j3 -l3
[249.268s] Level 1:colcon.colcon_core.environment:create_environment_scripts_only(gazebo_ros2_control)
[249.283s] Level 1:colcon.colcon_core.environment:checking '/home/bernardo/R5A_ROS_ws/install/gazebo_ros2_control' for CMake module files
[249.296s] Level 1:colcon.colcon_core.environment:checking '/home/bernardo/R5A_ROS_ws/install/gazebo_ros2_control' for CMake config files
[249.335s] Level 1:colcon.colcon_core.environment:checking '/home/bernardo/R5A_ROS_ws/install/gazebo_ros2_control/bin'
[249.336s] Level 1:colcon.colcon_core.environment:checking '/home/bernardo/R5A_ROS_ws/install/gazebo_ros2_control/lib/pkgconfig/gazebo_ros2_control.pc'
[249.367s] Level 1:colcon.colcon_core.environment:checking '/home/bernardo/R5A_ROS_ws/install/gazebo_ros2_control/lib/python3.10/site-packages'
[249.367s] Level 1:colcon.colcon_core.environment:checking '/home/bernardo/R5A_ROS_ws/install/gazebo_ros2_control/bin'
[249.372s] INFO:colcon.colcon_core.shell:Creating package script '/home/bernardo/R5A_ROS_ws/install/gazebo_ros2_control/share/gazebo_ros2_control/package.ps1'
[249.437s] INFO:colcon.colcon_core.shell:Creating package descriptor '/home/bernardo/R5A_ROS_ws/install/gazebo_ros2_control/share/gazebo_ros2_control/package.dsv'
[249.446s] INFO:colcon.colcon_core.shell:Creating package script '/home/bernardo/R5A_ROS_ws/install/gazebo_ros2_control/share/gazebo_ros2_control/package.sh'
[249.452s] INFO:colcon.colcon_core.shell:Creating package script '/home/bernardo/R5A_ROS_ws/install/gazebo_ros2_control/share/gazebo_ros2_control/package.bash'
[249.457s] INFO:colcon.colcon_core.shell:Creating package script '/home/bernardo/R5A_ROS_ws/install/gazebo_ros2_control/share/gazebo_ros2_control/package.zsh'
[249.466s] Level 1:colcon.colcon_core.environment:create_file_with_runtime_dependencies(/home/bernardo/R5A_ROS_ws/install/gazebo_ros2_control/share/colcon-core/packages/gazebo_ros2_control)
[249.486s] DEBUG:colcon.colcon_parallel_executor.executor.parallel:closing loop
[249.505s] DEBUG:colcon.colcon_parallel_executor.executor.parallel:loop closed
[249.506s] DEBUG:colcon.colcon_parallel_executor.executor.parallel:run_until_complete finished with '2'
[249.514s] DEBUG:colcon.colcon_core.event_reactor:joining thread
[249.860s] INFO:colcon.colcon_core.plugin_system:Skipping extension 'colcon_notification.desktop_notification.terminal_notifier': Not used on non-Darwin systems
[249.860s] INFO:colcon.colcon_core.plugin_system:Skipping extension 'colcon_notification.desktop_notification.win32': Not used on non-Windows systems
[249.860s] INFO:colcon.colcon_notification.desktop_notification:Sending desktop notification using 'notify2'
[250.703s] DEBUG:colcon.colcon_core.event_reactor:joined thread
[250.713s] INFO:colcon.colcon_core.shell:Creating prefix script '/home/bernardo/R5A_ROS_ws/install/local_setup.ps1'
[250.723s] INFO:colcon.colcon_core.shell:Creating prefix util module '/home/bernardo/R5A_ROS_ws/install/_local_setup_util_ps1.py'
[250.729s] INFO:colcon.colcon_core.shell:Creating prefix chain script '/home/bernardo/R5A_ROS_ws/install/setup.ps1'
[250.744s] INFO:colcon.colcon_core.shell:Creating prefix script '/home/bernardo/R5A_ROS_ws/install/local_setup.sh'
[250.749s] INFO:colcon.colcon_core.shell:Creating prefix util module '/home/bernardo/R5A_ROS_ws/install/_local_setup_util_sh.py'
[250.751s] INFO:colcon.colcon_core.shell:Creating prefix chain script '/home/bernardo/R5A_ROS_ws/install/setup.sh'
[250.754s] INFO:colcon.colcon_core.shell:Creating prefix script '/home/bernardo/R5A_ROS_ws/install/local_setup.bash'
[250.756s] INFO:colcon.colcon_core.shell:Creating prefix chain script '/home/bernardo/R5A_ROS_ws/install/setup.bash'
[250.760s] INFO:colcon.colcon_core.shell:Creating prefix script '/home/bernardo/R5A_ROS_ws/install/local_setup.zsh'
[250.762s] INFO:colcon.colcon_core.shell:Creating prefix chain script '/home/bernardo/R5A_ROS_ws/install/setup.zsh'
