[0.051s] Invoking command in '/home/bernardo/R5A_ROS_ws/build/robot_5a_urdf': CMAKE_PREFIX_PATH=/home/bernardo/R5A_ROS_ws/install/gazebo_ros2_control:/home/bernardo/R5A_ROS_ws/install/robot_5a_urdf:/home/bernardo/R5A_ROS_ws/install/robot_5a_moveit_config:/opt/ros/humble /usr/bin/cmake --build /home/bernardo/R5A_ROS_ws/build/robot_5a_urdf -- -j3 -l3
[0.265s] Invoked command in '/home/bernardo/R5A_ROS_ws/build/robot_5a_urdf' returned '0': CMAKE_PREFIX_PATH=/home/bernardo/R5A_ROS_ws/install/gazebo_ros2_control:/home/bernardo/R5A_ROS_ws/install/robot_5a_urdf:/home/bernardo/R5A_ROS_ws/install/robot_5a_moveit_config:/opt/ros/humble /usr/bin/cmake --build /home/bernardo/R5A_ROS_ws/build/robot_5a_urdf -- -j3 -l3
[0.328s] Invoking command in '/home/bernardo/R5A_ROS_ws/build/robot_5a_urdf': CMAKE_PREFIX_PATH=/home/bernardo/R5A_ROS_ws/install/gazebo_ros2_control:/home/bernardo/R5A_ROS_ws/install/robot_5a_urdf:/home/bernardo/R5A_ROS_ws/install/robot_5a_moveit_config:/opt/ros/humble /usr/bin/cmake --install /home/bernardo/R5A_ROS_ws/build/robot_5a_urdf
[0.349s] -- Install configuration: ""
[0.350s] -- Up-to-date: /home/bernardo/R5A_ROS_ws/install/robot_5a_urdf/share/robot_5a_urdf/description
[0.353s] -- Up-to-date: /home/bernardo/R5A_ROS_ws/install/robot_5a_urdf/share/robot_5a_urdf/description/gazebo_plugins.xacro
[0.354s] -- Up-to-date: /home/bernardo/R5A_ROS_ws/install/robot_5a_urdf/share/robot_5a_urdf/description/robot_5a_urdf.csv
[0.355s] -- Installing: /home/bernardo/R5A_ROS_ws/install/robot_5a_urdf/share/robot_5a_urdf/description/robot_5a_urdf.xacro.urdf
[0.357s] -- Up-to-date: /home/bernardo/R5A_ROS_ws/install/robot_5a_urdf/share/robot_5a_urdf/launch
[0.359s] -- Up-to-date: /home/bernardo/R5A_ROS_ws/install/robot_5a_urdf/share/robot_5a_urdf/launch/rsp_sim.launch.py
[0.360s] -- Up-to-date: /home/bernardo/R5A_ROS_ws/install/robot_5a_urdf/share/robot_5a_urdf/launch/main_robot.launch.py
[0.360s] -- Up-to-date: /home/bernardo/R5A_ROS_ws/install/robot_5a_urdf/share/robot_5a_urdf/config
[0.361s] -- Up-to-date: /home/bernardo/R5A_ROS_ws/install/robot_5a_urdf/share/robot_5a_urdf/config/joint_names_5A Assembly3.yaml
[0.361s] -- Up-to-date: /home/bernardo/R5A_ROS_ws/install/robot_5a_urdf/share/robot_5a_urdf/config/robot_5a_controllers.yaml
[0.361s] -- Up-to-date: /home/bernardo/R5A_ROS_ws/install/robot_5a_urdf/share/robot_5a_urdf/meshes
[0.363s] -- Up-to-date: /home/bernardo/R5A_ROS_ws/install/robot_5a_urdf/share/robot_5a_urdf/meshes/Link_2.STL
[0.363s] -- Up-to-date: /home/bernardo/R5A_ROS_ws/install/robot_5a_urdf/share/robot_5a_urdf/meshes/Link_3.STL
[0.363s] -- Up-to-date: /home/bernardo/R5A_ROS_ws/install/robot_5a_urdf/share/robot_5a_urdf/meshes/base_link.STL
[0.363s] -- Up-to-date: /home/bernardo/R5A_ROS_ws/install/robot_5a_urdf/share/robot_5a_urdf/meshes/Link_1.STL
[0.363s] -- Up-to-date: /home/bernardo/R5A_ROS_ws/install/robot_5a_urdf/share/robot_5a_urdf/meshes/Link_4.STL
[0.363s] -- Up-to-date: /home/bernardo/R5A_ROS_ws/install/robot_5a_urdf/share/robot_5a_urdf/meshes/Link_5.STL
[0.364s] -- Up-to-date: /home/bernardo/R5A_ROS_ws/install/robot_5a_urdf/share/robot_5a_urdf/rviz
[0.364s] -- Up-to-date: /home/bernardo/R5A_ROS_ws/install/robot_5a_urdf/share/ament_index/resource_index/package_run_dependencies/robot_5a_urdf
[0.365s] -- Up-to-date: /home/bernardo/R5A_ROS_ws/install/robot_5a_urdf/share/ament_index/resource_index/parent_prefix_path/robot_5a_urdf
[0.367s] -- Up-to-date: /home/bernardo/R5A_ROS_ws/install/robot_5a_urdf/share/robot_5a_urdf/environment/ament_prefix_path.sh
[0.367s] -- Up-to-date: /home/bernardo/R5A_ROS_ws/install/robot_5a_urdf/share/robot_5a_urdf/environment/ament_prefix_path.dsv
[0.367s] -- Up-to-date: /home/bernardo/R5A_ROS_ws/install/robot_5a_urdf/share/robot_5a_urdf/environment/path.sh
[0.367s] -- Up-to-date: /home/bernardo/R5A_ROS_ws/install/robot_5a_urdf/share/robot_5a_urdf/environment/path.dsv
[0.367s] -- Up-to-date: /home/bernardo/R5A_ROS_ws/install/robot_5a_urdf/share/robot_5a_urdf/local_setup.bash
[0.367s] -- Up-to-date: /home/bernardo/R5A_ROS_ws/install/robot_5a_urdf/share/robot_5a_urdf/local_setup.sh
[0.367s] -- Up-to-date: /home/bernardo/R5A_ROS_ws/install/robot_5a_urdf/share/robot_5a_urdf/local_setup.zsh
[0.367s] -- Up-to-date: /home/bernardo/R5A_ROS_ws/install/robot_5a_urdf/share/robot_5a_urdf/local_setup.dsv
[0.367s] -- Installing: /home/bernardo/R5A_ROS_ws/install/robot_5a_urdf/share/robot_5a_urdf/package.dsv
[0.371s] -- Up-to-date: /home/bernardo/R5A_ROS_ws/install/robot_5a_urdf/share/ament_index/resource_index/packages/robot_5a_urdf
[0.371s] -- Up-to-date: /home/bernardo/R5A_ROS_ws/install/robot_5a_urdf/share/robot_5a_urdf/cmake/robot_5a_urdfConfig.cmake
[0.372s] -- Up-to-date: /home/bernardo/R5A_ROS_ws/install/robot_5a_urdf/share/robot_5a_urdf/cmake/robot_5a_urdfConfig-version.cmake
[0.372s] -- Up-to-date: /home/bernardo/R5A_ROS_ws/install/robot_5a_urdf/share/robot_5a_urdf/package.xml
[0.379s] Invoked command in '/home/bernardo/R5A_ROS_ws/build/robot_5a_urdf' returned '0': CMAKE_PREFIX_PATH=/home/bernardo/R5A_ROS_ws/install/gazebo_ros2_control:/home/bernardo/R5A_ROS_ws/install/robot_5a_urdf:/home/bernardo/R5A_ROS_ws/install/robot_5a_moveit_config:/opt/ros/humble /usr/bin/cmake --install /home/bernardo/R5A_ROS_ws/build/robot_5a_urdf
