[1.962s] DEBUG:colcon:Command line arguments: ['/usr/bin/colcon', 'build']
[1.962s] DEBUG:colcon:Parsed command line arguments: Namespace(log_base=None, log_level=None, verb_name='build', build_base='build', install_base='install', merge_install=False, symlink_install=False, test_result_base=None, continue_on_error=False, executor='parallel', parallel_workers=3, event_handlers=None, ignore_user_meta=False, metas=['./colcon.meta'], base_paths=['.'], packages_ignore=None, packages_ignore_regex=None, paths=None, packages_up_to=None, packages_up_to_regex=None, packages_above=None, packages_above_and_dependencies=None, packages_above_depth=None, packages_select_by_dep=None, packages_skip_by_dep=None, packages_skip_up_to=None, packages_select_build_failed=False, packages_skip_build_finished=False, packages_select_test_failures=False, packages_skip_test_passed=False, packages_select=None, packages_skip=None, packages_select_regex=None, packages_skip_regex=None, packages_start=None, packages_end=None, allow_overriding=[], cmake_args=None, cmake_target=None, cmake_target_skip_unavailable=False, cmake_clean_cache=False, cmake_clean_first=False, cmake_force_configure=False, ament_cmake_args=None, catkin_cmake_args=None, catkin_skip_building_tests=False, verb_parser=<colcon_defaults.argument_parser.defaults.DefaultArgumentsDecorator object at 0x7c80c1645d20>, verb_extension=<colcon_core.verb.build.BuildVerb object at 0x7c80c1645810>, main=<bound method BuildVerb.main of <colcon_core.verb.build.BuildVerb object at 0x7c80c1645810>>)
[3.474s] Level 1:colcon.colcon_core.package_discovery:discover_packages(colcon_meta) check parameters
[3.477s] Level 1:colcon.colcon_core.package_discovery:discover_packages(recursive) check parameters
[3.478s] Level 1:colcon.colcon_core.package_discovery:discover_packages(ignore) check parameters
[3.478s] Level 1:colcon.colcon_core.package_discovery:discover_packages(path) check parameters
[3.478s] Level 1:colcon.colcon_core.package_discovery:discover_packages(colcon_meta) discover
[3.478s] Level 1:colcon.colcon_core.package_discovery:discover_packages(recursive) discover
[3.478s] INFO:colcon.colcon_core.package_discovery:Crawling recursively for packages in '/home/bernardo/R5A_ROS_ws'
[3.479s] Level 1:colcon.colcon_core.package_identification:_identify(.) by extensions ['ignore', 'ignore_ament_install']
[3.479s] Level 1:colcon.colcon_core.package_identification:_identify(.) by extension 'ignore'
[3.479s] Level 1:colcon.colcon_core.package_identification:_identify(.) by extension 'ignore_ament_install'
[3.480s] Level 1:colcon.colcon_core.package_identification:_identify(.) by extensions ['colcon_pkg']
[3.480s] Level 1:colcon.colcon_core.package_identification:_identify(.) by extension 'colcon_pkg'
[3.480s] Level 1:colcon.colcon_core.package_identification:_identify(.) by extensions ['colcon_meta']
[3.480s] Level 1:colcon.colcon_core.package_identification:_identify(.) by extension 'colcon_meta'
[3.480s] Level 1:colcon.colcon_core.package_identification:_identify(.) by extensions ['ros']
[3.480s] Level 1:colcon.colcon_core.package_identification:_identify(.) by extension 'ros'
[3.522s] Level 1:colcon.colcon_core.package_identification:_identify(.) by extensions ['cmake', 'python']
[3.523s] Level 1:colcon.colcon_core.package_identification:_identify(.) by extension 'cmake'
[3.523s] Level 1:colcon.colcon_core.package_identification:_identify(.) by extension 'python'
[3.523s] Level 1:colcon.colcon_core.package_identification:_identify(.) by extensions ['python_setup_py']
[3.523s] Level 1:colcon.colcon_core.package_identification:_identify(.) by extension 'python_setup_py'
[3.524s] Level 1:colcon.colcon_core.package_identification:_identify(build) by extensions ['ignore', 'ignore_ament_install']
[3.524s] Level 1:colcon.colcon_core.package_identification:_identify(build) by extension 'ignore'
[3.524s] Level 1:colcon.colcon_core.package_identification:_identify(build) ignored
[3.525s] Level 1:colcon.colcon_core.package_identification:_identify(install) by extensions ['ignore', 'ignore_ament_install']
[3.525s] Level 1:colcon.colcon_core.package_identification:_identify(install) by extension 'ignore'
[3.525s] Level 1:colcon.colcon_core.package_identification:_identify(install) ignored
[3.525s] Level 1:colcon.colcon_core.package_identification:_identify(log) by extensions ['ignore', 'ignore_ament_install']
[3.526s] Level 1:colcon.colcon_core.package_identification:_identify(log) by extension 'ignore'
[3.526s] Level 1:colcon.colcon_core.package_identification:_identify(log) ignored
[3.526s] Level 1:colcon.colcon_core.package_identification:_identify(src) by extensions ['ignore', 'ignore_ament_install']
[3.526s] Level 1:colcon.colcon_core.package_identification:_identify(src) by extension 'ignore'
[3.526s] Level 1:colcon.colcon_core.package_identification:_identify(src) by extension 'ignore_ament_install'
[3.526s] Level 1:colcon.colcon_core.package_identification:_identify(src) by extensions ['colcon_pkg']
[3.526s] Level 1:colcon.colcon_core.package_identification:_identify(src) by extension 'colcon_pkg'
[3.527s] Level 1:colcon.colcon_core.package_identification:_identify(src) by extensions ['colcon_meta']
[3.527s] Level 1:colcon.colcon_core.package_identification:_identify(src) by extension 'colcon_meta'
[3.527s] Level 1:colcon.colcon_core.package_identification:_identify(src) by extensions ['ros']
[3.527s] Level 1:colcon.colcon_core.package_identification:_identify(src) by extension 'ros'
[3.528s] Level 1:colcon.colcon_core.package_identification:_identify(src) by extensions ['cmake', 'python']
[3.528s] Level 1:colcon.colcon_core.package_identification:_identify(src) by extension 'cmake'
[3.528s] Level 1:colcon.colcon_core.package_identification:_identify(src) by extension 'python'
[3.528s] Level 1:colcon.colcon_core.package_identification:_identify(src) by extensions ['python_setup_py']
[3.528s] Level 1:colcon.colcon_core.package_identification:_identify(src) by extension 'python_setup_py'
[3.528s] Level 1:colcon.colcon_core.package_identification:_identify(src/gazebo_ros2_control) by extensions ['ignore', 'ignore_ament_install']
[3.528s] Level 1:colcon.colcon_core.package_identification:_identify(src/gazebo_ros2_control) by extension 'ignore'
[3.528s] Level 1:colcon.colcon_core.package_identification:_identify(src/gazebo_ros2_control) by extension 'ignore_ament_install'
[3.528s] Level 1:colcon.colcon_core.package_identification:_identify(src/gazebo_ros2_control) by extensions ['colcon_pkg']
[3.528s] Level 1:colcon.colcon_core.package_identification:_identify(src/gazebo_ros2_control) by extension 'colcon_pkg'
[3.528s] Level 1:colcon.colcon_core.package_identification:_identify(src/gazebo_ros2_control) by extensions ['colcon_meta']
[3.528s] Level 1:colcon.colcon_core.package_identification:_identify(src/gazebo_ros2_control) by extension 'colcon_meta'
[3.528s] Level 1:colcon.colcon_core.package_identification:_identify(src/gazebo_ros2_control) by extensions ['ros']
[3.528s] Level 1:colcon.colcon_core.package_identification:_identify(src/gazebo_ros2_control) by extension 'ros'
[3.548s] DEBUG:colcon.colcon_core.package_identification:Package 'src/gazebo_ros2_control' with type 'ros.ament_cmake' and name 'gazebo_ros2_control'
[3.548s] Level 1:colcon.colcon_core.package_identification:_identify(src/robot_5a_moveit_config) by extensions ['ignore', 'ignore_ament_install']
[3.548s] Level 1:colcon.colcon_core.package_identification:_identify(src/robot_5a_moveit_config) by extension 'ignore'
[3.549s] Level 1:colcon.colcon_core.package_identification:_identify(src/robot_5a_moveit_config) by extension 'ignore_ament_install'
[3.549s] Level 1:colcon.colcon_core.package_identification:_identify(src/robot_5a_moveit_config) by extensions ['colcon_pkg']
[3.549s] Level 1:colcon.colcon_core.package_identification:_identify(src/robot_5a_moveit_config) by extension 'colcon_pkg'
[3.549s] Level 1:colcon.colcon_core.package_identification:_identify(src/robot_5a_moveit_config) by extensions ['colcon_meta']
[3.549s] Level 1:colcon.colcon_core.package_identification:_identify(src/robot_5a_moveit_config) by extension 'colcon_meta'
[3.549s] Level 1:colcon.colcon_core.package_identification:_identify(src/robot_5a_moveit_config) by extensions ['ros']
[3.549s] Level 1:colcon.colcon_core.package_identification:_identify(src/robot_5a_moveit_config) by extension 'ros'
[3.551s] DEBUG:colcon.colcon_core.package_identification:Package 'src/robot_5a_moveit_config' with type 'ros.ament_cmake' and name 'robot_5a_moveit_config'
[3.552s] Level 1:colcon.colcon_core.package_identification:_identify(src/robot_5a_urdf) by extensions ['ignore', 'ignore_ament_install']
[3.552s] Level 1:colcon.colcon_core.package_identification:_identify(src/robot_5a_urdf) by extension 'ignore'
[3.552s] Level 1:colcon.colcon_core.package_identification:_identify(src/robot_5a_urdf) by extension 'ignore_ament_install'
[3.552s] Level 1:colcon.colcon_core.package_identification:_identify(src/robot_5a_urdf) by extensions ['colcon_pkg']
[3.552s] Level 1:colcon.colcon_core.package_identification:_identify(src/robot_5a_urdf) by extension 'colcon_pkg'
[3.552s] Level 1:colcon.colcon_core.package_identification:_identify(src/robot_5a_urdf) by extensions ['colcon_meta']
[3.552s] Level 1:colcon.colcon_core.package_identification:_identify(src/robot_5a_urdf) by extension 'colcon_meta'
[3.552s] Level 1:colcon.colcon_core.package_identification:_identify(src/robot_5a_urdf) by extensions ['ros']
[3.552s] Level 1:colcon.colcon_core.package_identification:_identify(src/robot_5a_urdf) by extension 'ros'
[3.554s] DEBUG:colcon.colcon_core.package_identification:Package 'src/robot_5a_urdf' with type 'ros.ament_cmake' and name 'robot_5a_urdf'
[3.554s] Level 1:colcon.colcon_core.package_discovery:discover_packages(recursive) using defaults
[3.554s] Level 1:colcon.colcon_core.package_discovery:discover_packages(ignore) discover
[3.554s] Level 1:colcon.colcon_core.package_discovery:discover_packages(ignore) using defaults
[3.554s] Level 1:colcon.colcon_core.package_discovery:discover_packages(path) discover
[3.554s] Level 1:colcon.colcon_core.package_discovery:discover_packages(path) using defaults
[3.793s] Level 1:colcon.colcon_core.package_discovery:discover_packages(prefix_path) check parameters
[3.793s] Level 1:colcon.colcon_core.package_discovery:discover_packages(prefix_path) discover
[3.849s] DEBUG:colcon.colcon_installed_package_information.package_discovery:Found 3 installed packages in /home/bernardo/R5A_ROS_ws/install
[3.862s] DEBUG:colcon.colcon_installed_package_information.package_discovery:Found 400 installed packages in /opt/ros/humble
[3.865s] Level 1:colcon.colcon_core.package_discovery:discover_packages(prefix_path) using defaults
[4.449s] Level 5:colcon.colcon_core.verb:set package 'gazebo_ros2_control' build argument 'cmake_args' from command line to 'None'
[4.449s] Level 5:colcon.colcon_core.verb:set package 'gazebo_ros2_control' build argument 'cmake_target' from command line to 'None'
[4.449s] Level 5:colcon.colcon_core.verb:set package 'gazebo_ros2_control' build argument 'cmake_target_skip_unavailable' from command line to 'False'
[4.449s] Level 5:colcon.colcon_core.verb:set package 'gazebo_ros2_control' build argument 'cmake_clean_cache' from command line to 'False'
[4.449s] Level 5:colcon.colcon_core.verb:set package 'gazebo_ros2_control' build argument 'cmake_clean_first' from command line to 'False'
[4.449s] Level 5:colcon.colcon_core.verb:set package 'gazebo_ros2_control' build argument 'cmake_force_configure' from command line to 'False'
[4.449s] Level 5:colcon.colcon_core.verb:set package 'gazebo_ros2_control' build argument 'ament_cmake_args' from command line to 'None'
[4.449s] Level 5:colcon.colcon_core.verb:set package 'gazebo_ros2_control' build argument 'catkin_cmake_args' from command line to 'None'
[4.449s] Level 5:colcon.colcon_core.verb:set package 'gazebo_ros2_control' build argument 'catkin_skip_building_tests' from command line to 'False'
[4.449s] DEBUG:colcon.colcon_core.verb:Building package 'gazebo_ros2_control' with the following arguments: {'ament_cmake_args': None, 'build_base': '/home/bernardo/R5A_ROS_ws/build/gazebo_ros2_control', 'catkin_cmake_args': None, 'catkin_skip_building_tests': False, 'cmake_args': None, 'cmake_clean_cache': False, 'cmake_clean_first': False, 'cmake_force_configure': False, 'cmake_target': None, 'cmake_target_skip_unavailable': False, 'install_base': '/home/bernardo/R5A_ROS_ws/install/gazebo_ros2_control', 'merge_install': False, 'path': '/home/bernardo/R5A_ROS_ws/src/gazebo_ros2_control', 'symlink_install': False, 'test_result_base': None}
[4.450s] Level 5:colcon.colcon_core.verb:set package 'robot_5a_moveit_config' build argument 'cmake_args' from command line to 'None'
[4.450s] Level 5:colcon.colcon_core.verb:set package 'robot_5a_moveit_config' build argument 'cmake_target' from command line to 'None'
[4.450s] Level 5:colcon.colcon_core.verb:set package 'robot_5a_moveit_config' build argument 'cmake_target_skip_unavailable' from command line to 'False'
[4.450s] Level 5:colcon.colcon_core.verb:set package 'robot_5a_moveit_config' build argument 'cmake_clean_cache' from command line to 'False'
[4.450s] Level 5:colcon.colcon_core.verb:set package 'robot_5a_moveit_config' build argument 'cmake_clean_first' from command line to 'False'
[4.450s] Level 5:colcon.colcon_core.verb:set package 'robot_5a_moveit_config' build argument 'cmake_force_configure' from command line to 'False'
[4.450s] Level 5:colcon.colcon_core.verb:set package 'robot_5a_moveit_config' build argument 'ament_cmake_args' from command line to 'None'
[4.450s] Level 5:colcon.colcon_core.verb:set package 'robot_5a_moveit_config' build argument 'catkin_cmake_args' from command line to 'None'
[4.450s] Level 5:colcon.colcon_core.verb:set package 'robot_5a_moveit_config' build argument 'catkin_skip_building_tests' from command line to 'False'
[4.450s] DEBUG:colcon.colcon_core.verb:Building package 'robot_5a_moveit_config' with the following arguments: {'ament_cmake_args': None, 'build_base': '/home/bernardo/R5A_ROS_ws/build/robot_5a_moveit_config', 'catkin_cmake_args': None, 'catkin_skip_building_tests': False, 'cmake_args': None, 'cmake_clean_cache': False, 'cmake_clean_first': False, 'cmake_force_configure': False, 'cmake_target': None, 'cmake_target_skip_unavailable': False, 'install_base': '/home/bernardo/R5A_ROS_ws/install/robot_5a_moveit_config', 'merge_install': False, 'path': '/home/bernardo/R5A_ROS_ws/src/robot_5a_moveit_config', 'symlink_install': False, 'test_result_base': None}
[4.450s] Level 5:colcon.colcon_core.verb:set package 'robot_5a_urdf' build argument 'cmake_args' from command line to 'None'
[4.450s] Level 5:colcon.colcon_core.verb:set package 'robot_5a_urdf' build argument 'cmake_target' from command line to 'None'
[4.450s] Level 5:colcon.colcon_core.verb:set package 'robot_5a_urdf' build argument 'cmake_target_skip_unavailable' from command line to 'False'
[4.450s] Level 5:colcon.colcon_core.verb:set package 'robot_5a_urdf' build argument 'cmake_clean_cache' from command line to 'False'
[4.450s] Level 5:colcon.colcon_core.verb:set package 'robot_5a_urdf' build argument 'cmake_clean_first' from command line to 'False'
[4.450s] Level 5:colcon.colcon_core.verb:set package 'robot_5a_urdf' build argument 'cmake_force_configure' from command line to 'False'
[4.450s] Level 5:colcon.colcon_core.verb:set package 'robot_5a_urdf' build argument 'ament_cmake_args' from command line to 'None'
[4.450s] Level 5:colcon.colcon_core.verb:set package 'robot_5a_urdf' build argument 'catkin_cmake_args' from command line to 'None'
[4.450s] Level 5:colcon.colcon_core.verb:set package 'robot_5a_urdf' build argument 'catkin_skip_building_tests' from command line to 'False'
[4.450s] DEBUG:colcon.colcon_core.verb:Building package 'robot_5a_urdf' with the following arguments: {'ament_cmake_args': None, 'build_base': '/home/bernardo/R5A_ROS_ws/build/robot_5a_urdf', 'catkin_cmake_args': None, 'catkin_skip_building_tests': False, 'cmake_args': None, 'cmake_clean_cache': False, 'cmake_clean_first': False, 'cmake_force_configure': False, 'cmake_target': None, 'cmake_target_skip_unavailable': False, 'install_base': '/home/bernardo/R5A_ROS_ws/install/robot_5a_urdf', 'merge_install': False, 'path': '/home/bernardo/R5A_ROS_ws/src/robot_5a_urdf', 'symlink_install': False, 'test_result_base': None}
[4.451s] INFO:colcon.colcon_core.executor:Executing jobs using 'parallel' executor
[4.452s] DEBUG:colcon.colcon_parallel_executor.executor.parallel:run_until_complete
[4.452s] INFO:colcon.colcon_ros.task.ament_cmake.build:Building ROS package in '/home/bernardo/R5A_ROS_ws/src/gazebo_ros2_control' with build type 'ament_cmake'
[4.452s] INFO:colcon.colcon_cmake.task.cmake.build:Building CMake package in '/home/bernardo/R5A_ROS_ws/src/gazebo_ros2_control'
[4.484s] INFO:colcon.colcon_core.plugin_system:Skipping extension 'colcon_core.shell.bat': Not used on non-Windows systems
[4.484s] INFO:colcon.colcon_core.shell:Skip shell extension 'powershell' for command environment: Not usable outside of PowerShell
[4.484s] DEBUG:colcon.colcon_core.shell:Skip shell extension 'dsv' for command environment
[4.501s] INFO:colcon.colcon_ros.task.ament_cmake.build:Building ROS package in '/home/bernardo/R5A_ROS_ws/src/robot_5a_moveit_config' with build type 'ament_cmake'
[4.501s] INFO:colcon.colcon_cmake.task.cmake.build:Building CMake package in '/home/bernardo/R5A_ROS_ws/src/robot_5a_moveit_config'
[4.502s] INFO:colcon.colcon_core.shell:Skip shell extension 'powershell' for command environment: Not usable outside of PowerShell
[4.502s] DEBUG:colcon.colcon_core.shell:Skip shell extension 'dsv' for command environment
[4.555s] DEBUG:colcon.colcon_core.event_handler.log_command:Invoking command in '/home/bernardo/R5A_ROS_ws/build/gazebo_ros2_control': CMAKE_PREFIX_PATH=${CMAKE_PREFIX_PATH}:/opt/ros/humble /usr/bin/cmake --build /home/bernardo/R5A_ROS_ws/build/gazebo_ros2_control -- -j3 -l3
[4.659s] DEBUG:colcon.colcon_core.event_handler.log_command:Invoking command in '/home/bernardo/R5A_ROS_ws/build/robot_5a_moveit_config': CMAKE_PREFIX_PATH=${CMAKE_PREFIX_PATH}:/opt/ros/humble /usr/bin/cmake --build /home/bernardo/R5A_ROS_ws/build/robot_5a_moveit_config -- -j3 -l3
[5.156s] DEBUG:colcon.colcon_core.event_handler.log_command:Invoked command in '/home/bernardo/R5A_ROS_ws/build/robot_5a_moveit_config' returned '0': CMAKE_PREFIX_PATH=${CMAKE_PREFIX_PATH}:/opt/ros/humble /usr/bin/cmake --build /home/bernardo/R5A_ROS_ws/build/robot_5a_moveit_config -- -j3 -l3
[5.374s] DEBUG:colcon.colcon_core.event_handler.log_command:Invoking command in '/home/bernardo/R5A_ROS_ws/build/robot_5a_moveit_config': CMAKE_PREFIX_PATH=${CMAKE_PREFIX_PATH}:/opt/ros/humble /usr/bin/cmake --install /home/bernardo/R5A_ROS_ws/build/robot_5a_moveit_config
[5.414s] Level 1:colcon.colcon_core.environment:create_environment_scripts_only(robot_5a_moveit_config)
[5.415s] DEBUG:colcon.colcon_core.event_handler.log_command:Invoked command in '/home/bernardo/R5A_ROS_ws/build/robot_5a_moveit_config' returned '0': CMAKE_PREFIX_PATH=${CMAKE_PREFIX_PATH}:/opt/ros/humble /usr/bin/cmake --install /home/bernardo/R5A_ROS_ws/build/robot_5a_moveit_config
[5.453s] Level 1:colcon.colcon_core.environment:checking '/home/bernardo/R5A_ROS_ws/install/robot_5a_moveit_config' for CMake module files
[5.455s] Level 1:colcon.colcon_core.environment:checking '/home/bernardo/R5A_ROS_ws/install/robot_5a_moveit_config' for CMake config files
[5.455s] Level 1:colcon.colcon_core.shell:create_environment_hook('robot_5a_moveit_config', 'cmake_prefix_path')
[5.455s] INFO:colcon.colcon_core.shell:Creating environment hook '/home/bernardo/R5A_ROS_ws/install/robot_5a_moveit_config/share/robot_5a_moveit_config/hook/cmake_prefix_path.ps1'
[5.459s] INFO:colcon.colcon_core.shell:Creating environment descriptor '/home/bernardo/R5A_ROS_ws/install/robot_5a_moveit_config/share/robot_5a_moveit_config/hook/cmake_prefix_path.dsv'
[5.461s] INFO:colcon.colcon_core.shell:Creating environment hook '/home/bernardo/R5A_ROS_ws/install/robot_5a_moveit_config/share/robot_5a_moveit_config/hook/cmake_prefix_path.sh'
[5.462s] Level 1:colcon.colcon_core.environment:checking '/home/bernardo/R5A_ROS_ws/install/robot_5a_moveit_config/bin'
[5.462s] Level 1:colcon.colcon_core.environment:checking '/home/bernardo/R5A_ROS_ws/install/robot_5a_moveit_config/lib/pkgconfig/robot_5a_moveit_config.pc'
[5.463s] Level 1:colcon.colcon_core.environment:checking '/home/bernardo/R5A_ROS_ws/install/robot_5a_moveit_config/lib/python3.10/site-packages'
[5.463s] Level 1:colcon.colcon_core.environment:checking '/home/bernardo/R5A_ROS_ws/install/robot_5a_moveit_config/bin'
[5.463s] INFO:colcon.colcon_core.shell:Creating package script '/home/bernardo/R5A_ROS_ws/install/robot_5a_moveit_config/share/robot_5a_moveit_config/package.ps1'
[5.465s] INFO:colcon.colcon_core.shell:Creating package descriptor '/home/bernardo/R5A_ROS_ws/install/robot_5a_moveit_config/share/robot_5a_moveit_config/package.dsv'
[5.467s] INFO:colcon.colcon_core.shell:Creating package script '/home/bernardo/R5A_ROS_ws/install/robot_5a_moveit_config/share/robot_5a_moveit_config/package.sh'
[5.470s] INFO:colcon.colcon_core.shell:Creating package script '/home/bernardo/R5A_ROS_ws/install/robot_5a_moveit_config/share/robot_5a_moveit_config/package.bash'
[5.475s] INFO:colcon.colcon_core.shell:Creating package script '/home/bernardo/R5A_ROS_ws/install/robot_5a_moveit_config/share/robot_5a_moveit_config/package.zsh'
[5.480s] Level 1:colcon.colcon_core.environment:create_file_with_runtime_dependencies(/home/bernardo/R5A_ROS_ws/install/robot_5a_moveit_config/share/colcon-core/packages/robot_5a_moveit_config)
[5.635s] Level 1:colcon.colcon_core.environment:create_environment_scripts_only(robot_5a_moveit_config)
[5.636s] Level 1:colcon.colcon_core.environment:checking '/home/bernardo/R5A_ROS_ws/install/robot_5a_moveit_config' for CMake module files
[5.636s] Level 1:colcon.colcon_core.environment:checking '/home/bernardo/R5A_ROS_ws/install/robot_5a_moveit_config' for CMake config files
[5.636s] Level 1:colcon.colcon_core.shell:create_environment_hook('robot_5a_moveit_config', 'cmake_prefix_path')
[5.637s] INFO:colcon.colcon_core.shell:Creating environment hook '/home/bernardo/R5A_ROS_ws/install/robot_5a_moveit_config/share/robot_5a_moveit_config/hook/cmake_prefix_path.ps1'
[5.637s] INFO:colcon.colcon_core.shell:Creating environment descriptor '/home/bernardo/R5A_ROS_ws/install/robot_5a_moveit_config/share/robot_5a_moveit_config/hook/cmake_prefix_path.dsv'
[5.641s] INFO:colcon.colcon_core.shell:Creating environment hook '/home/bernardo/R5A_ROS_ws/install/robot_5a_moveit_config/share/robot_5a_moveit_config/hook/cmake_prefix_path.sh'
[5.642s] Level 1:colcon.colcon_core.environment:checking '/home/bernardo/R5A_ROS_ws/install/robot_5a_moveit_config/bin'
[5.642s] Level 1:colcon.colcon_core.environment:checking '/home/bernardo/R5A_ROS_ws/install/robot_5a_moveit_config/lib/pkgconfig/robot_5a_moveit_config.pc'
[5.643s] Level 1:colcon.colcon_core.environment:checking '/home/bernardo/R5A_ROS_ws/install/robot_5a_moveit_config/lib/python3.10/site-packages'
[5.643s] Level 1:colcon.colcon_core.environment:checking '/home/bernardo/R5A_ROS_ws/install/robot_5a_moveit_config/bin'
[5.643s] INFO:colcon.colcon_core.shell:Creating package script '/home/bernardo/R5A_ROS_ws/install/robot_5a_moveit_config/share/robot_5a_moveit_config/package.ps1'
[5.644s] INFO:colcon.colcon_core.shell:Creating package descriptor '/home/bernardo/R5A_ROS_ws/install/robot_5a_moveit_config/share/robot_5a_moveit_config/package.dsv'
[5.647s] INFO:colcon.colcon_core.shell:Creating package script '/home/bernardo/R5A_ROS_ws/install/robot_5a_moveit_config/share/robot_5a_moveit_config/package.sh'
[5.648s] INFO:colcon.colcon_core.shell:Creating package script '/home/bernardo/R5A_ROS_ws/install/robot_5a_moveit_config/share/robot_5a_moveit_config/package.bash'
[5.649s] INFO:colcon.colcon_core.shell:Creating package script '/home/bernardo/R5A_ROS_ws/install/robot_5a_moveit_config/share/robot_5a_moveit_config/package.zsh'
[5.649s] Level 1:colcon.colcon_core.environment:create_file_with_runtime_dependencies(/home/bernardo/R5A_ROS_ws/install/robot_5a_moveit_config/share/colcon-core/packages/robot_5a_moveit_config)
[6.303s] DEBUG:colcon.colcon_core.event_handler.log_command:Invoked command in '/home/bernardo/R5A_ROS_ws/build/gazebo_ros2_control' returned '0': CMAKE_PREFIX_PATH=${CMAKE_PREFIX_PATH}:/opt/ros/humble /usr/bin/cmake --build /home/bernardo/R5A_ROS_ws/build/gazebo_ros2_control -- -j3 -l3
[8.672s] DEBUG:colcon.colcon_core.event_handler.log_command:Invoking command in '/home/bernardo/R5A_ROS_ws/build/gazebo_ros2_control': CMAKE_PREFIX_PATH=${CMAKE_PREFIX_PATH}:/opt/ros/humble /usr/bin/cmake --install /home/bernardo/R5A_ROS_ws/build/gazebo_ros2_control
[9.702s] Level 1:colcon.colcon_core.environment:create_environment_scripts_only(gazebo_ros2_control)
[9.703s] Level 1:colcon.colcon_core.environment:checking '/home/bernardo/R5A_ROS_ws/install/gazebo_ros2_control' for CMake module files
[9.705s] DEBUG:colcon.colcon_core.event_handler.log_command:Invoked command in '/home/bernardo/R5A_ROS_ws/build/gazebo_ros2_control' returned '0': CMAKE_PREFIX_PATH=${CMAKE_PREFIX_PATH}:/opt/ros/humble /usr/bin/cmake --install /home/bernardo/R5A_ROS_ws/build/gazebo_ros2_control
[9.714s] Level 1:colcon.colcon_core.environment:checking '/home/bernardo/R5A_ROS_ws/install/gazebo_ros2_control' for CMake config files
[9.718s] Level 1:colcon.colcon_core.shell:create_environment_hook('gazebo_ros2_control', 'cmake_prefix_path')
[9.718s] INFO:colcon.colcon_core.shell:Creating environment hook '/home/bernardo/R5A_ROS_ws/install/gazebo_ros2_control/share/gazebo_ros2_control/hook/cmake_prefix_path.ps1'
[9.720s] INFO:colcon.colcon_core.shell:Creating environment descriptor '/home/bernardo/R5A_ROS_ws/install/gazebo_ros2_control/share/gazebo_ros2_control/hook/cmake_prefix_path.dsv'
[9.721s] INFO:colcon.colcon_core.shell:Creating environment hook '/home/bernardo/R5A_ROS_ws/install/gazebo_ros2_control/share/gazebo_ros2_control/hook/cmake_prefix_path.sh'
[9.722s] Level 1:colcon.colcon_core.environment:checking '/home/bernardo/R5A_ROS_ws/install/gazebo_ros2_control/lib'
[9.722s] Level 1:colcon.colcon_core.shell:create_environment_hook('gazebo_ros2_control', 'ld_library_path_lib')
[9.723s] INFO:colcon.colcon_core.shell:Creating environment hook '/home/bernardo/R5A_ROS_ws/install/gazebo_ros2_control/share/gazebo_ros2_control/hook/ld_library_path_lib.ps1'
[9.723s] INFO:colcon.colcon_core.shell:Creating environment descriptor '/home/bernardo/R5A_ROS_ws/install/gazebo_ros2_control/share/gazebo_ros2_control/hook/ld_library_path_lib.dsv'
[9.727s] INFO:colcon.colcon_core.shell:Creating environment hook '/home/bernardo/R5A_ROS_ws/install/gazebo_ros2_control/share/gazebo_ros2_control/hook/ld_library_path_lib.sh'
[9.728s] Level 1:colcon.colcon_core.environment:checking '/home/bernardo/R5A_ROS_ws/install/gazebo_ros2_control/bin'
[9.728s] Level 1:colcon.colcon_core.environment:checking '/home/bernardo/R5A_ROS_ws/install/gazebo_ros2_control/lib/pkgconfig/gazebo_ros2_control.pc'
[9.728s] Level 1:colcon.colcon_core.environment:checking '/home/bernardo/R5A_ROS_ws/install/gazebo_ros2_control/lib/python3.10/site-packages'
[9.729s] Level 1:colcon.colcon_core.environment:checking '/home/bernardo/R5A_ROS_ws/install/gazebo_ros2_control/bin'
[9.729s] INFO:colcon.colcon_core.shell:Creating package script '/home/bernardo/R5A_ROS_ws/install/gazebo_ros2_control/share/gazebo_ros2_control/package.ps1'
[9.730s] INFO:colcon.colcon_core.shell:Creating package descriptor '/home/bernardo/R5A_ROS_ws/install/gazebo_ros2_control/share/gazebo_ros2_control/package.dsv'
[9.768s] INFO:colcon.colcon_core.shell:Creating package script '/home/bernardo/R5A_ROS_ws/install/gazebo_ros2_control/share/gazebo_ros2_control/package.sh'
[9.770s] INFO:colcon.colcon_core.shell:Creating package script '/home/bernardo/R5A_ROS_ws/install/gazebo_ros2_control/share/gazebo_ros2_control/package.bash'
[9.770s] INFO:colcon.colcon_core.shell:Creating package script '/home/bernardo/R5A_ROS_ws/install/gazebo_ros2_control/share/gazebo_ros2_control/package.zsh'
[9.771s] Level 1:colcon.colcon_core.environment:create_file_with_runtime_dependencies(/home/bernardo/R5A_ROS_ws/install/gazebo_ros2_control/share/colcon-core/packages/gazebo_ros2_control)
[10.053s] Level 1:colcon.colcon_core.environment:create_environment_scripts_only(gazebo_ros2_control)
[10.053s] Level 1:colcon.colcon_core.environment:checking '/home/bernardo/R5A_ROS_ws/install/gazebo_ros2_control' for CMake module files
[10.054s] Level 1:colcon.colcon_core.environment:checking '/home/bernardo/R5A_ROS_ws/install/gazebo_ros2_control' for CMake config files
[10.054s] Level 1:colcon.colcon_core.shell:create_environment_hook('gazebo_ros2_control', 'cmake_prefix_path')
[10.054s] INFO:colcon.colcon_core.shell:Creating environment hook '/home/bernardo/R5A_ROS_ws/install/gazebo_ros2_control/share/gazebo_ros2_control/hook/cmake_prefix_path.ps1'
[10.055s] INFO:colcon.colcon_core.shell:Creating environment descriptor '/home/bernardo/R5A_ROS_ws/install/gazebo_ros2_control/share/gazebo_ros2_control/hook/cmake_prefix_path.dsv'
[10.056s] INFO:colcon.colcon_core.shell:Creating environment hook '/home/bernardo/R5A_ROS_ws/install/gazebo_ros2_control/share/gazebo_ros2_control/hook/cmake_prefix_path.sh'
[10.056s] Level 1:colcon.colcon_core.environment:checking '/home/bernardo/R5A_ROS_ws/install/gazebo_ros2_control/lib'
[10.057s] Level 1:colcon.colcon_core.shell:create_environment_hook('gazebo_ros2_control', 'ld_library_path_lib')
[10.057s] INFO:colcon.colcon_core.shell:Creating environment hook '/home/bernardo/R5A_ROS_ws/install/gazebo_ros2_control/share/gazebo_ros2_control/hook/ld_library_path_lib.ps1'
[10.057s] INFO:colcon.colcon_core.shell:Creating environment descriptor '/home/bernardo/R5A_ROS_ws/install/gazebo_ros2_control/share/gazebo_ros2_control/hook/ld_library_path_lib.dsv'
[10.058s] INFO:colcon.colcon_core.shell:Creating environment hook '/home/bernardo/R5A_ROS_ws/install/gazebo_ros2_control/share/gazebo_ros2_control/hook/ld_library_path_lib.sh'
[10.059s] Level 1:colcon.colcon_core.environment:checking '/home/bernardo/R5A_ROS_ws/install/gazebo_ros2_control/bin'
[10.059s] Level 1:colcon.colcon_core.environment:checking '/home/bernardo/R5A_ROS_ws/install/gazebo_ros2_control/lib/pkgconfig/gazebo_ros2_control.pc'
[10.061s] Level 1:colcon.colcon_core.environment:checking '/home/bernardo/R5A_ROS_ws/install/gazebo_ros2_control/lib/python3.10/site-packages'
[10.061s] Level 1:colcon.colcon_core.environment:checking '/home/bernardo/R5A_ROS_ws/install/gazebo_ros2_control/bin'
[10.062s] INFO:colcon.colcon_core.shell:Creating package script '/home/bernardo/R5A_ROS_ws/install/gazebo_ros2_control/share/gazebo_ros2_control/package.ps1'
[10.062s] INFO:colcon.colcon_core.shell:Creating package descriptor '/home/bernardo/R5A_ROS_ws/install/gazebo_ros2_control/share/gazebo_ros2_control/package.dsv'
[10.063s] INFO:colcon.colcon_core.shell:Creating package script '/home/bernardo/R5A_ROS_ws/install/gazebo_ros2_control/share/gazebo_ros2_control/package.sh'
[10.064s] INFO:colcon.colcon_core.shell:Creating package script '/home/bernardo/R5A_ROS_ws/install/gazebo_ros2_control/share/gazebo_ros2_control/package.bash'
[10.065s] INFO:colcon.colcon_core.shell:Creating package script '/home/bernardo/R5A_ROS_ws/install/gazebo_ros2_control/share/gazebo_ros2_control/package.zsh'
[10.065s] Level 1:colcon.colcon_core.environment:create_file_with_runtime_dependencies(/home/bernardo/R5A_ROS_ws/install/gazebo_ros2_control/share/colcon-core/packages/gazebo_ros2_control)
[10.067s] INFO:colcon.colcon_ros.task.ament_cmake.build:Building ROS package in '/home/bernardo/R5A_ROS_ws/src/robot_5a_urdf' with build type 'ament_cmake'
[10.067s] INFO:colcon.colcon_cmake.task.cmake.build:Building CMake package in '/home/bernardo/R5A_ROS_ws/src/robot_5a_urdf'
[10.067s] INFO:colcon.colcon_core.shell:Skip shell extension 'powershell' for command environment: Not usable outside of PowerShell
[10.067s] DEBUG:colcon.colcon_core.shell:Skip shell extension 'dsv' for command environment
[10.178s] DEBUG:colcon.colcon_core.event_handler.log_command:Invoking command in '/home/bernardo/R5A_ROS_ws/build/robot_5a_urdf': CMAKE_PREFIX_PATH=/home/bernardo/R5A_ROS_ws/install/gazebo_ros2_control:/home/bernardo/R5A_ROS_ws/install/robot_5a_urdf:/home/bernardo/R5A_ROS_ws/install/robot_5a_moveit_config:/opt/ros/humble /usr/bin/cmake --build /home/bernardo/R5A_ROS_ws/build/robot_5a_urdf -- -j3 -l3
[10.450s] DEBUG:colcon.colcon_core.event_handler.log_command:Invoked command in '/home/bernardo/R5A_ROS_ws/build/robot_5a_urdf' returned '0': CMAKE_PREFIX_PATH=/home/bernardo/R5A_ROS_ws/install/gazebo_ros2_control:/home/bernardo/R5A_ROS_ws/install/robot_5a_urdf:/home/bernardo/R5A_ROS_ws/install/robot_5a_moveit_config:/opt/ros/humble /usr/bin/cmake --build /home/bernardo/R5A_ROS_ws/build/robot_5a_urdf -- -j3 -l3
[10.531s] DEBUG:colcon.colcon_core.event_handler.log_command:Invoking command in '/home/bernardo/R5A_ROS_ws/build/robot_5a_urdf': CMAKE_PREFIX_PATH=/home/bernardo/R5A_ROS_ws/install/gazebo_ros2_control:/home/bernardo/R5A_ROS_ws/install/robot_5a_urdf:/home/bernardo/R5A_ROS_ws/install/robot_5a_moveit_config:/opt/ros/humble /usr/bin/cmake --install /home/bernardo/R5A_ROS_ws/build/robot_5a_urdf
[10.660s] Level 1:colcon.colcon_core.environment:create_environment_scripts_only(robot_5a_urdf)
[10.660s] Level 1:colcon.colcon_core.environment:checking '/home/bernardo/R5A_ROS_ws/install/robot_5a_urdf' for CMake module files
[10.661s] DEBUG:colcon.colcon_core.event_handler.log_command:Invoked command in '/home/bernardo/R5A_ROS_ws/build/robot_5a_urdf' returned '0': CMAKE_PREFIX_PATH=/home/bernardo/R5A_ROS_ws/install/gazebo_ros2_control:/home/bernardo/R5A_ROS_ws/install/robot_5a_urdf:/home/bernardo/R5A_ROS_ws/install/robot_5a_moveit_config:/opt/ros/humble /usr/bin/cmake --install /home/bernardo/R5A_ROS_ws/build/robot_5a_urdf
[10.663s] Level 1:colcon.colcon_core.environment:checking '/home/bernardo/R5A_ROS_ws/install/robot_5a_urdf' for CMake config files
[10.664s] Level 1:colcon.colcon_core.shell:create_environment_hook('robot_5a_urdf', 'cmake_prefix_path')
[10.665s] INFO:colcon.colcon_core.shell:Creating environment hook '/home/bernardo/R5A_ROS_ws/install/robot_5a_urdf/share/robot_5a_urdf/hook/cmake_prefix_path.ps1'
[10.668s] INFO:colcon.colcon_core.shell:Creating environment descriptor '/home/bernardo/R5A_ROS_ws/install/robot_5a_urdf/share/robot_5a_urdf/hook/cmake_prefix_path.dsv'
[10.670s] INFO:colcon.colcon_core.shell:Creating environment hook '/home/bernardo/R5A_ROS_ws/install/robot_5a_urdf/share/robot_5a_urdf/hook/cmake_prefix_path.sh'
[10.671s] Level 1:colcon.colcon_core.environment:checking '/home/bernardo/R5A_ROS_ws/install/robot_5a_urdf/bin'
[10.672s] Level 1:colcon.colcon_core.environment:checking '/home/bernardo/R5A_ROS_ws/install/robot_5a_urdf/lib/pkgconfig/robot_5a_urdf.pc'
[10.672s] Level 1:colcon.colcon_core.environment:checking '/home/bernardo/R5A_ROS_ws/install/robot_5a_urdf/lib/python3.10/site-packages'
[10.672s] Level 1:colcon.colcon_core.environment:checking '/home/bernardo/R5A_ROS_ws/install/robot_5a_urdf/bin'
[10.672s] INFO:colcon.colcon_core.shell:Creating package script '/home/bernardo/R5A_ROS_ws/install/robot_5a_urdf/share/robot_5a_urdf/package.ps1'
[10.674s] INFO:colcon.colcon_core.shell:Creating package descriptor '/home/bernardo/R5A_ROS_ws/install/robot_5a_urdf/share/robot_5a_urdf/package.dsv'
[10.675s] INFO:colcon.colcon_core.shell:Creating package script '/home/bernardo/R5A_ROS_ws/install/robot_5a_urdf/share/robot_5a_urdf/package.sh'
[10.676s] INFO:colcon.colcon_core.shell:Creating package script '/home/bernardo/R5A_ROS_ws/install/robot_5a_urdf/share/robot_5a_urdf/package.bash'
[10.677s] INFO:colcon.colcon_core.shell:Creating package script '/home/bernardo/R5A_ROS_ws/install/robot_5a_urdf/share/robot_5a_urdf/package.zsh'
[10.677s] Level 1:colcon.colcon_core.environment:create_file_with_runtime_dependencies(/home/bernardo/R5A_ROS_ws/install/robot_5a_urdf/share/colcon-core/packages/robot_5a_urdf)
[10.830s] Level 1:colcon.colcon_core.environment:create_environment_scripts_only(robot_5a_urdf)
[10.831s] Level 1:colcon.colcon_core.environment:checking '/home/bernardo/R5A_ROS_ws/install/robot_5a_urdf' for CMake module files
[10.831s] Level 1:colcon.colcon_core.environment:checking '/home/bernardo/R5A_ROS_ws/install/robot_5a_urdf' for CMake config files
[10.831s] Level 1:colcon.colcon_core.shell:create_environment_hook('robot_5a_urdf', 'cmake_prefix_path')
[10.832s] INFO:colcon.colcon_core.shell:Creating environment hook '/home/bernardo/R5A_ROS_ws/install/robot_5a_urdf/share/robot_5a_urdf/hook/cmake_prefix_path.ps1'
[10.833s] INFO:colcon.colcon_core.shell:Creating environment descriptor '/home/bernardo/R5A_ROS_ws/install/robot_5a_urdf/share/robot_5a_urdf/hook/cmake_prefix_path.dsv'
[10.834s] INFO:colcon.colcon_core.shell:Creating environment hook '/home/bernardo/R5A_ROS_ws/install/robot_5a_urdf/share/robot_5a_urdf/hook/cmake_prefix_path.sh'
[10.835s] Level 1:colcon.colcon_core.environment:checking '/home/bernardo/R5A_ROS_ws/install/robot_5a_urdf/bin'
[10.835s] Level 1:colcon.colcon_core.environment:checking '/home/bernardo/R5A_ROS_ws/install/robot_5a_urdf/lib/pkgconfig/robot_5a_urdf.pc'
[10.836s] Level 1:colcon.colcon_core.environment:checking '/home/bernardo/R5A_ROS_ws/install/robot_5a_urdf/lib/python3.10/site-packages'
[10.836s] Level 1:colcon.colcon_core.environment:checking '/home/bernardo/R5A_ROS_ws/install/robot_5a_urdf/bin'
[10.837s] INFO:colcon.colcon_core.shell:Creating package script '/home/bernardo/R5A_ROS_ws/install/robot_5a_urdf/share/robot_5a_urdf/package.ps1'
[10.840s] INFO:colcon.colcon_core.shell:Creating package descriptor '/home/bernardo/R5A_ROS_ws/install/robot_5a_urdf/share/robot_5a_urdf/package.dsv'
[10.840s] INFO:colcon.colcon_core.shell:Creating package script '/home/bernardo/R5A_ROS_ws/install/robot_5a_urdf/share/robot_5a_urdf/package.sh'
[10.842s] INFO:colcon.colcon_core.shell:Creating package script '/home/bernardo/R5A_ROS_ws/install/robot_5a_urdf/share/robot_5a_urdf/package.bash'
[10.843s] INFO:colcon.colcon_core.shell:Creating package script '/home/bernardo/R5A_ROS_ws/install/robot_5a_urdf/share/robot_5a_urdf/package.zsh'
[10.847s] Level 1:colcon.colcon_core.environment:create_file_with_runtime_dependencies(/home/bernardo/R5A_ROS_ws/install/robot_5a_urdf/share/colcon-core/packages/robot_5a_urdf)
[10.848s] DEBUG:colcon.colcon_parallel_executor.executor.parallel:closing loop
[10.857s] DEBUG:colcon.colcon_parallel_executor.executor.parallel:loop closed
[10.858s] DEBUG:colcon.colcon_parallel_executor.executor.parallel:run_until_complete finished with '0'
[10.858s] DEBUG:colcon.colcon_core.event_reactor:joining thread
[10.897s] INFO:colcon.colcon_core.plugin_system:Skipping extension 'colcon_notification.desktop_notification.terminal_notifier': Not used on non-Darwin systems
[10.897s] INFO:colcon.colcon_core.plugin_system:Skipping extension 'colcon_notification.desktop_notification.win32': Not used on non-Windows systems
[10.897s] INFO:colcon.colcon_notification.desktop_notification:Sending desktop notification using 'notify2'
[11.636s] DEBUG:colcon.colcon_core.event_reactor:joined thread
[11.637s] INFO:colcon.colcon_core.shell:Creating prefix script '/home/bernardo/R5A_ROS_ws/install/local_setup.ps1'
[11.641s] INFO:colcon.colcon_core.shell:Creating prefix util module '/home/bernardo/R5A_ROS_ws/install/_local_setup_util_ps1.py'
[11.645s] INFO:colcon.colcon_core.shell:Creating prefix chain script '/home/bernardo/R5A_ROS_ws/install/setup.ps1'
[11.648s] INFO:colcon.colcon_core.shell:Creating prefix script '/home/bernardo/R5A_ROS_ws/install/local_setup.sh'
[11.650s] INFO:colcon.colcon_core.shell:Creating prefix util module '/home/bernardo/R5A_ROS_ws/install/_local_setup_util_sh.py'
[11.651s] INFO:colcon.colcon_core.shell:Creating prefix chain script '/home/bernardo/R5A_ROS_ws/install/setup.sh'
[11.657s] INFO:colcon.colcon_core.shell:Creating prefix script '/home/bernardo/R5A_ROS_ws/install/local_setup.bash'
[11.659s] INFO:colcon.colcon_core.shell:Creating prefix chain script '/home/bernardo/R5A_ROS_ws/install/setup.bash'
[11.671s] INFO:colcon.colcon_core.shell:Creating prefix script '/home/bernardo/R5A_ROS_ws/install/local_setup.zsh'
[11.673s] INFO:colcon.colcon_core.shell:Creating prefix chain script '/home/bernardo/R5A_ROS_ws/install/setup.zsh'
