[0.108s] DEBUG:colcon:Command line arguments: ['/usr/bin/colcon', 'build']
[0.108s] DEBUG:colcon:Parsed command line arguments: Namespace(log_base=None, log_level=None, verb_name='build', build_base='build', install_base='install', merge_install=False, symlink_install=False, test_result_base=None, continue_on_error=False, executor='parallel', parallel_workers=3, event_handlers=None, ignore_user_meta=False, metas=['./colcon.meta'], base_paths=['.'], packages_ignore=None, packages_ignore_regex=None, paths=None, packages_up_to=None, packages_up_to_regex=None, packages_above=None, packages_above_and_dependencies=None, packages_above_depth=None, packages_select_by_dep=None, packages_skip_by_dep=None, packages_skip_up_to=None, packages_select_build_failed=False, packages_skip_build_finished=False, packages_select_test_failures=False, packages_skip_test_passed=False, packages_select=None, packages_skip=None, packages_select_regex=None, packages_skip_regex=None, packages_start=None, packages_end=None, allow_overriding=[], cmake_args=None, cmake_target=None, cmake_target_skip_unavailable=False, cmake_clean_cache=False, cmake_clean_first=False, cmake_force_configure=False, ament_cmake_args=None, catkin_cmake_args=None, catkin_skip_building_tests=False, verb_parser=<colcon_defaults.argument_parser.defaults.DefaultArgumentsDecorator object at 0x7429f383dd20>, verb_extension=<colcon_core.verb.build.BuildVerb object at 0x7429f383d810>, main=<bound method BuildVerb.main of <colcon_core.verb.build.BuildVerb object at 0x7429f383d810>>)
[0.237s] Level 1:colcon.colcon_core.package_discovery:discover_packages(colcon_meta) check parameters
[0.237s] Level 1:colcon.colcon_core.package_discovery:discover_packages(recursive) check parameters
[0.237s] Level 1:colcon.colcon_core.package_discovery:discover_packages(ignore) check parameters
[0.237s] Level 1:colcon.colcon_core.package_discovery:discover_packages(path) check parameters
[0.237s] Level 1:colcon.colcon_core.package_discovery:discover_packages(colcon_meta) discover
[0.237s] Level 1:colcon.colcon_core.package_discovery:discover_packages(recursive) discover
[0.237s] INFO:colcon.colcon_core.package_discovery:Crawling recursively for packages in '/home/bernardo/R5A_ROS_ws'
[0.237s] Level 1:colcon.colcon_core.package_identification:_identify(.) by extensions ['ignore', 'ignore_ament_install']
[0.237s] Level 1:colcon.colcon_core.package_identification:_identify(.) by extension 'ignore'
[0.237s] Level 1:colcon.colcon_core.package_identification:_identify(.) by extension 'ignore_ament_install'
[0.237s] Level 1:colcon.colcon_core.package_identification:_identify(.) by extensions ['colcon_pkg']
[0.237s] Level 1:colcon.colcon_core.package_identification:_identify(.) by extension 'colcon_pkg'
[0.237s] Level 1:colcon.colcon_core.package_identification:_identify(.) by extensions ['colcon_meta']
[0.237s] Level 1:colcon.colcon_core.package_identification:_identify(.) by extension 'colcon_meta'
[0.237s] Level 1:colcon.colcon_core.package_identification:_identify(.) by extensions ['ros']
[0.237s] Level 1:colcon.colcon_core.package_identification:_identify(.) by extension 'ros'
[0.245s] Level 1:colcon.colcon_core.package_identification:_identify(.) by extensions ['cmake', 'python']
[0.245s] Level 1:colcon.colcon_core.package_identification:_identify(.) by extension 'cmake'
[0.245s] Level 1:colcon.colcon_core.package_identification:_identify(.) by extension 'python'
[0.245s] Level 1:colcon.colcon_core.package_identification:_identify(.) by extensions ['python_setup_py']
[0.245s] Level 1:colcon.colcon_core.package_identification:_identify(.) by extension 'python_setup_py'
[0.246s] Level 1:colcon.colcon_core.package_identification:_identify(build) by extensions ['ignore', 'ignore_ament_install']
[0.246s] Level 1:colcon.colcon_core.package_identification:_identify(build) by extension 'ignore'
[0.246s] Level 1:colcon.colcon_core.package_identification:_identify(build) ignored
[0.246s] Level 1:colcon.colcon_core.package_identification:_identify(install) by extensions ['ignore', 'ignore_ament_install']
[0.246s] Level 1:colcon.colcon_core.package_identification:_identify(install) by extension 'ignore'
[0.246s] Level 1:colcon.colcon_core.package_identification:_identify(install) ignored
[0.247s] Level 1:colcon.colcon_core.package_identification:_identify(log) by extensions ['ignore', 'ignore_ament_install']
[0.247s] Level 1:colcon.colcon_core.package_identification:_identify(log) by extension 'ignore'
[0.247s] Level 1:colcon.colcon_core.package_identification:_identify(log) ignored
[0.247s] Level 1:colcon.colcon_core.package_identification:_identify(src) by extensions ['ignore', 'ignore_ament_install']
[0.247s] Level 1:colcon.colcon_core.package_identification:_identify(src) by extension 'ignore'
[0.247s] Level 1:colcon.colcon_core.package_identification:_identify(src) by extension 'ignore_ament_install'
[0.247s] Level 1:colcon.colcon_core.package_identification:_identify(src) by extensions ['colcon_pkg']
[0.247s] Level 1:colcon.colcon_core.package_identification:_identify(src) by extension 'colcon_pkg'
[0.247s] Level 1:colcon.colcon_core.package_identification:_identify(src) by extensions ['colcon_meta']
[0.247s] Level 1:colcon.colcon_core.package_identification:_identify(src) by extension 'colcon_meta'
[0.247s] Level 1:colcon.colcon_core.package_identification:_identify(src) by extensions ['ros']
[0.247s] Level 1:colcon.colcon_core.package_identification:_identify(src) by extension 'ros'
[0.247s] Level 1:colcon.colcon_core.package_identification:_identify(src) by extensions ['cmake', 'python']
[0.247s] Level 1:colcon.colcon_core.package_identification:_identify(src) by extension 'cmake'
[0.247s] Level 1:colcon.colcon_core.package_identification:_identify(src) by extension 'python'
[0.247s] Level 1:colcon.colcon_core.package_identification:_identify(src) by extensions ['python_setup_py']
[0.247s] Level 1:colcon.colcon_core.package_identification:_identify(src) by extension 'python_setup_py'
[0.247s] Level 1:colcon.colcon_core.package_identification:_identify(src/gazebo_ros2_control) by extensions ['ignore', 'ignore_ament_install']
[0.247s] Level 1:colcon.colcon_core.package_identification:_identify(src/gazebo_ros2_control) by extension 'ignore'
[0.247s] Level 1:colcon.colcon_core.package_identification:_identify(src/gazebo_ros2_control) by extension 'ignore_ament_install'
[0.247s] Level 1:colcon.colcon_core.package_identification:_identify(src/gazebo_ros2_control) by extensions ['colcon_pkg']
[0.247s] Level 1:colcon.colcon_core.package_identification:_identify(src/gazebo_ros2_control) by extension 'colcon_pkg'
[0.247s] Level 1:colcon.colcon_core.package_identification:_identify(src/gazebo_ros2_control) by extensions ['colcon_meta']
[0.247s] Level 1:colcon.colcon_core.package_identification:_identify(src/gazebo_ros2_control) by extension 'colcon_meta'
[0.247s] Level 1:colcon.colcon_core.package_identification:_identify(src/gazebo_ros2_control) by extensions ['ros']
[0.248s] Level 1:colcon.colcon_core.package_identification:_identify(src/gazebo_ros2_control) by extension 'ros'
[0.250s] DEBUG:colcon.colcon_core.package_identification:Package 'src/gazebo_ros2_control' with type 'ros.ament_cmake' and name 'gazebo_ros2_control'
[0.250s] Level 1:colcon.colcon_core.package_identification:_identify(src/robot_5a_moveit_config) by extensions ['ignore', 'ignore_ament_install']
[0.250s] Level 1:colcon.colcon_core.package_identification:_identify(src/robot_5a_moveit_config) by extension 'ignore'
[0.250s] Level 1:colcon.colcon_core.package_identification:_identify(src/robot_5a_moveit_config) by extension 'ignore_ament_install'
[0.250s] Level 1:colcon.colcon_core.package_identification:_identify(src/robot_5a_moveit_config) by extensions ['colcon_pkg']
[0.250s] Level 1:colcon.colcon_core.package_identification:_identify(src/robot_5a_moveit_config) by extension 'colcon_pkg'
[0.250s] Level 1:colcon.colcon_core.package_identification:_identify(src/robot_5a_moveit_config) by extensions ['colcon_meta']
[0.250s] Level 1:colcon.colcon_core.package_identification:_identify(src/robot_5a_moveit_config) by extension 'colcon_meta'
[0.250s] Level 1:colcon.colcon_core.package_identification:_identify(src/robot_5a_moveit_config) by extensions ['ros']
[0.250s] Level 1:colcon.colcon_core.package_identification:_identify(src/robot_5a_moveit_config) by extension 'ros'
[0.251s] DEBUG:colcon.colcon_core.package_identification:Package 'src/robot_5a_moveit_config' with type 'ros.ament_cmake' and name 'robot_5a_moveit_config'
[0.251s] Level 1:colcon.colcon_core.package_identification:_identify(src/robot_5a_urdf) by extensions ['ignore', 'ignore_ament_install']
[0.251s] Level 1:colcon.colcon_core.package_identification:_identify(src/robot_5a_urdf) by extension 'ignore'
[0.251s] Level 1:colcon.colcon_core.package_identification:_identify(src/robot_5a_urdf) by extension 'ignore_ament_install'
[0.251s] Level 1:colcon.colcon_core.package_identification:_identify(src/robot_5a_urdf) by extensions ['colcon_pkg']
[0.251s] Level 1:colcon.colcon_core.package_identification:_identify(src/robot_5a_urdf) by extension 'colcon_pkg'
[0.251s] Level 1:colcon.colcon_core.package_identification:_identify(src/robot_5a_urdf) by extensions ['colcon_meta']
[0.251s] Level 1:colcon.colcon_core.package_identification:_identify(src/robot_5a_urdf) by extension 'colcon_meta'
[0.251s] Level 1:colcon.colcon_core.package_identification:_identify(src/robot_5a_urdf) by extensions ['ros']
[0.251s] Level 1:colcon.colcon_core.package_identification:_identify(src/robot_5a_urdf) by extension 'ros'
[0.252s] DEBUG:colcon.colcon_core.package_identification:Package 'src/robot_5a_urdf' with type 'ros.ament_cmake' and name 'robot_5a_urdf'
[0.252s] Level 1:colcon.colcon_core.package_discovery:discover_packages(recursive) using defaults
[0.252s] Level 1:colcon.colcon_core.package_discovery:discover_packages(ignore) discover
[0.252s] Level 1:colcon.colcon_core.package_discovery:discover_packages(ignore) using defaults
[0.252s] Level 1:colcon.colcon_core.package_discovery:discover_packages(path) discover
[0.252s] Level 1:colcon.colcon_core.package_discovery:discover_packages(path) using defaults
[0.279s] Level 1:colcon.colcon_core.package_discovery:discover_packages(prefix_path) check parameters
[0.279s] Level 1:colcon.colcon_core.package_discovery:discover_packages(prefix_path) discover
[0.280s] DEBUG:colcon.colcon_installed_package_information.package_discovery:Found 3 installed packages in /home/bernardo/R5A_ROS_ws/install
[0.282s] DEBUG:colcon.colcon_installed_package_information.package_discovery:Found 415 installed packages in /opt/ros/humble
[0.283s] Level 1:colcon.colcon_core.package_discovery:discover_packages(prefix_path) using defaults
[0.325s] Level 5:colcon.colcon_core.verb:set package 'gazebo_ros2_control' build argument 'cmake_args' from command line to 'None'
[0.325s] Level 5:colcon.colcon_core.verb:set package 'gazebo_ros2_control' build argument 'cmake_target' from command line to 'None'
[0.325s] Level 5:colcon.colcon_core.verb:set package 'gazebo_ros2_control' build argument 'cmake_target_skip_unavailable' from command line to 'False'
[0.325s] Level 5:colcon.colcon_core.verb:set package 'gazebo_ros2_control' build argument 'cmake_clean_cache' from command line to 'False'
[0.325s] Level 5:colcon.colcon_core.verb:set package 'gazebo_ros2_control' build argument 'cmake_clean_first' from command line to 'False'
[0.325s] Level 5:colcon.colcon_core.verb:set package 'gazebo_ros2_control' build argument 'cmake_force_configure' from command line to 'False'
[0.325s] Level 5:colcon.colcon_core.verb:set package 'gazebo_ros2_control' build argument 'ament_cmake_args' from command line to 'None'
[0.325s] Level 5:colcon.colcon_core.verb:set package 'gazebo_ros2_control' build argument 'catkin_cmake_args' from command line to 'None'
[0.325s] Level 5:colcon.colcon_core.verb:set package 'gazebo_ros2_control' build argument 'catkin_skip_building_tests' from command line to 'False'
[0.325s] DEBUG:colcon.colcon_core.verb:Building package 'gazebo_ros2_control' with the following arguments: {'ament_cmake_args': None, 'build_base': '/home/bernardo/R5A_ROS_ws/build/gazebo_ros2_control', 'catkin_cmake_args': None, 'catkin_skip_building_tests': False, 'cmake_args': None, 'cmake_clean_cache': False, 'cmake_clean_first': False, 'cmake_force_configure': False, 'cmake_target': None, 'cmake_target_skip_unavailable': False, 'install_base': '/home/bernardo/R5A_ROS_ws/install/gazebo_ros2_control', 'merge_install': False, 'path': '/home/bernardo/R5A_ROS_ws/src/gazebo_ros2_control', 'symlink_install': False, 'test_result_base': None}
[0.325s] Level 5:colcon.colcon_core.verb:set package 'robot_5a_moveit_config' build argument 'cmake_args' from command line to 'None'
[0.325s] Level 5:colcon.colcon_core.verb:set package 'robot_5a_moveit_config' build argument 'cmake_target' from command line to 'None'
[0.325s] Level 5:colcon.colcon_core.verb:set package 'robot_5a_moveit_config' build argument 'cmake_target_skip_unavailable' from command line to 'False'
[0.325s] Level 5:colcon.colcon_core.verb:set package 'robot_5a_moveit_config' build argument 'cmake_clean_cache' from command line to 'False'
[0.325s] Level 5:colcon.colcon_core.verb:set package 'robot_5a_moveit_config' build argument 'cmake_clean_first' from command line to 'False'
[0.325s] Level 5:colcon.colcon_core.verb:set package 'robot_5a_moveit_config' build argument 'cmake_force_configure' from command line to 'False'
[0.325s] Level 5:colcon.colcon_core.verb:set package 'robot_5a_moveit_config' build argument 'ament_cmake_args' from command line to 'None'
[0.326s] Level 5:colcon.colcon_core.verb:set package 'robot_5a_moveit_config' build argument 'catkin_cmake_args' from command line to 'None'
[0.326s] Level 5:colcon.colcon_core.verb:set package 'robot_5a_moveit_config' build argument 'catkin_skip_building_tests' from command line to 'False'
[0.326s] DEBUG:colcon.colcon_core.verb:Building package 'robot_5a_moveit_config' with the following arguments: {'ament_cmake_args': None, 'build_base': '/home/bernardo/R5A_ROS_ws/build/robot_5a_moveit_config', 'catkin_cmake_args': None, 'catkin_skip_building_tests': False, 'cmake_args': None, 'cmake_clean_cache': False, 'cmake_clean_first': False, 'cmake_force_configure': False, 'cmake_target': None, 'cmake_target_skip_unavailable': False, 'install_base': '/home/bernardo/R5A_ROS_ws/install/robot_5a_moveit_config', 'merge_install': False, 'path': '/home/bernardo/R5A_ROS_ws/src/robot_5a_moveit_config', 'symlink_install': False, 'test_result_base': None}
[0.326s] Level 5:colcon.colcon_core.verb:set package 'robot_5a_urdf' build argument 'cmake_args' from command line to 'None'
[0.326s] Level 5:colcon.colcon_core.verb:set package 'robot_5a_urdf' build argument 'cmake_target' from command line to 'None'
[0.326s] Level 5:colcon.colcon_core.verb:set package 'robot_5a_urdf' build argument 'cmake_target_skip_unavailable' from command line to 'False'
[0.326s] Level 5:colcon.colcon_core.verb:set package 'robot_5a_urdf' build argument 'cmake_clean_cache' from command line to 'False'
[0.326s] Level 5:colcon.colcon_core.verb:set package 'robot_5a_urdf' build argument 'cmake_clean_first' from command line to 'False'
[0.326s] Level 5:colcon.colcon_core.verb:set package 'robot_5a_urdf' build argument 'cmake_force_configure' from command line to 'False'
[0.326s] Level 5:colcon.colcon_core.verb:set package 'robot_5a_urdf' build argument 'ament_cmake_args' from command line to 'None'
[0.326s] Level 5:colcon.colcon_core.verb:set package 'robot_5a_urdf' build argument 'catkin_cmake_args' from command line to 'None'
[0.326s] Level 5:colcon.colcon_core.verb:set package 'robot_5a_urdf' build argument 'catkin_skip_building_tests' from command line to 'False'
[0.326s] DEBUG:colcon.colcon_core.verb:Building package 'robot_5a_urdf' with the following arguments: {'ament_cmake_args': None, 'build_base': '/home/bernardo/R5A_ROS_ws/build/robot_5a_urdf', 'catkin_cmake_args': None, 'catkin_skip_building_tests': False, 'cmake_args': None, 'cmake_clean_cache': False, 'cmake_clean_first': False, 'cmake_force_configure': False, 'cmake_target': None, 'cmake_target_skip_unavailable': False, 'install_base': '/home/bernardo/R5A_ROS_ws/install/robot_5a_urdf', 'merge_install': False, 'path': '/home/bernardo/R5A_ROS_ws/src/robot_5a_urdf', 'symlink_install': False, 'test_result_base': None}
[0.326s] INFO:colcon.colcon_core.executor:Executing jobs using 'parallel' executor
[0.327s] DEBUG:colcon.colcon_parallel_executor.executor.parallel:run_until_complete
[0.328s] INFO:colcon.colcon_ros.task.ament_cmake.build:Building ROS package in '/home/bernardo/R5A_ROS_ws/src/gazebo_ros2_control' with build type 'ament_cmake'
[0.328s] INFO:colcon.colcon_cmake.task.cmake.build:Building CMake package in '/home/bernardo/R5A_ROS_ws/src/gazebo_ros2_control'
[0.329s] INFO:colcon.colcon_core.plugin_system:Skipping extension 'colcon_core.shell.bat': Not used on non-Windows systems
[0.329s] INFO:colcon.colcon_core.shell:Skip shell extension 'powershell' for command environment: Not usable outside of PowerShell
[0.329s] DEBUG:colcon.colcon_core.shell:Skip shell extension 'dsv' for command environment
[0.334s] INFO:colcon.colcon_ros.task.ament_cmake.build:Building ROS package in '/home/bernardo/R5A_ROS_ws/src/robot_5a_moveit_config' with build type 'ament_cmake'
[0.334s] INFO:colcon.colcon_cmake.task.cmake.build:Building CMake package in '/home/bernardo/R5A_ROS_ws/src/robot_5a_moveit_config'
[0.335s] INFO:colcon.colcon_core.shell:Skip shell extension 'powershell' for command environment: Not usable outside of PowerShell
[0.335s] DEBUG:colcon.colcon_core.shell:Skip shell extension 'dsv' for command environment
[0.345s] DEBUG:colcon.colcon_core.event_handler.log_command:Invoking command in '/home/bernardo/R5A_ROS_ws/build/gazebo_ros2_control': CMAKE_PREFIX_PATH=${CMAKE_PREFIX_PATH}:/opt/ros/humble /usr/bin/cmake --build /home/bernardo/R5A_ROS_ws/build/gazebo_ros2_control -- -j3 -l3
[0.368s] DEBUG:colcon.colcon_core.event_handler.log_command:Invoking command in '/home/bernardo/R5A_ROS_ws/build/robot_5a_moveit_config': CMAKE_PREFIX_PATH=${CMAKE_PREFIX_PATH}:/opt/ros/humble /usr/bin/cmake --build /home/bernardo/R5A_ROS_ws/build/robot_5a_moveit_config -- -j3 -l3
[0.420s] DEBUG:colcon.colcon_core.event_handler.log_command:Invoked command in '/home/bernardo/R5A_ROS_ws/build/robot_5a_moveit_config' returned '0': CMAKE_PREFIX_PATH=${CMAKE_PREFIX_PATH}:/opt/ros/humble /usr/bin/cmake --build /home/bernardo/R5A_ROS_ws/build/robot_5a_moveit_config -- -j3 -l3
[0.607s] DEBUG:colcon.colcon_core.event_handler.log_command:Invoking command in '/home/bernardo/R5A_ROS_ws/build/robot_5a_moveit_config': CMAKE_PREFIX_PATH=${CMAKE_PREFIX_PATH}:/opt/ros/humble /usr/bin/cmake --install /home/bernardo/R5A_ROS_ws/build/robot_5a_moveit_config
[0.628s] DEBUG:colcon.colcon_core.event_handler.log_command:Invoked command in '/home/bernardo/R5A_ROS_ws/build/gazebo_ros2_control' returned '0': CMAKE_PREFIX_PATH=${CMAKE_PREFIX_PATH}:/opt/ros/humble /usr/bin/cmake --build /home/bernardo/R5A_ROS_ws/build/gazebo_ros2_control -- -j3 -l3
[0.646s] Level 1:colcon.colcon_core.environment:create_environment_scripts_only(robot_5a_moveit_config)
[0.647s] DEBUG:colcon.colcon_core.event_handler.log_command:Invoked command in '/home/bernardo/R5A_ROS_ws/build/robot_5a_moveit_config' returned '0': CMAKE_PREFIX_PATH=${CMAKE_PREFIX_PATH}:/opt/ros/humble /usr/bin/cmake --install /home/bernardo/R5A_ROS_ws/build/robot_5a_moveit_config
[0.651s] Level 1:colcon.colcon_core.environment:checking '/home/bernardo/R5A_ROS_ws/install/robot_5a_moveit_config' for CMake module files
[0.652s] Level 1:colcon.colcon_core.environment:checking '/home/bernardo/R5A_ROS_ws/install/robot_5a_moveit_config' for CMake config files
[0.652s] Level 1:colcon.colcon_core.shell:create_environment_hook('robot_5a_moveit_config', 'cmake_prefix_path')
[0.652s] INFO:colcon.colcon_core.shell:Creating environment hook '/home/bernardo/R5A_ROS_ws/install/robot_5a_moveit_config/share/robot_5a_moveit_config/hook/cmake_prefix_path.ps1'
[0.658s] INFO:colcon.colcon_core.shell:Creating environment descriptor '/home/bernardo/R5A_ROS_ws/install/robot_5a_moveit_config/share/robot_5a_moveit_config/hook/cmake_prefix_path.dsv'
[0.659s] INFO:colcon.colcon_core.shell:Creating environment hook '/home/bernardo/R5A_ROS_ws/install/robot_5a_moveit_config/share/robot_5a_moveit_config/hook/cmake_prefix_path.sh'
[0.660s] Level 1:colcon.colcon_core.environment:checking '/home/bernardo/R5A_ROS_ws/install/robot_5a_moveit_config/bin'
[0.660s] Level 1:colcon.colcon_core.environment:checking '/home/bernardo/R5A_ROS_ws/install/robot_5a_moveit_config/lib/pkgconfig/robot_5a_moveit_config.pc'
[0.660s] Level 1:colcon.colcon_core.environment:checking '/home/bernardo/R5A_ROS_ws/install/robot_5a_moveit_config/lib/python3.10/site-packages'
[0.660s] Level 1:colcon.colcon_core.environment:checking '/home/bernardo/R5A_ROS_ws/install/robot_5a_moveit_config/bin'
[0.660s] INFO:colcon.colcon_core.shell:Creating package script '/home/bernardo/R5A_ROS_ws/install/robot_5a_moveit_config/share/robot_5a_moveit_config/package.ps1'
[0.661s] INFO:colcon.colcon_core.shell:Creating package descriptor '/home/bernardo/R5A_ROS_ws/install/robot_5a_moveit_config/share/robot_5a_moveit_config/package.dsv'
[0.688s] INFO:colcon.colcon_core.shell:Creating package script '/home/bernardo/R5A_ROS_ws/install/robot_5a_moveit_config/share/robot_5a_moveit_config/package.sh'
[0.689s] INFO:colcon.colcon_core.shell:Creating package script '/home/bernardo/R5A_ROS_ws/install/robot_5a_moveit_config/share/robot_5a_moveit_config/package.bash'
[0.690s] INFO:colcon.colcon_core.shell:Creating package script '/home/bernardo/R5A_ROS_ws/install/robot_5a_moveit_config/share/robot_5a_moveit_config/package.zsh'
[0.691s] Level 1:colcon.colcon_core.environment:create_file_with_runtime_dependencies(/home/bernardo/R5A_ROS_ws/install/robot_5a_moveit_config/share/colcon-core/packages/robot_5a_moveit_config)
[0.753s] Level 1:colcon.colcon_core.environment:create_environment_scripts_only(robot_5a_moveit_config)
[0.753s] Level 1:colcon.colcon_core.environment:checking '/home/bernardo/R5A_ROS_ws/install/robot_5a_moveit_config' for CMake module files
[0.753s] Level 1:colcon.colcon_core.environment:checking '/home/bernardo/R5A_ROS_ws/install/robot_5a_moveit_config' for CMake config files
[0.753s] Level 1:colcon.colcon_core.shell:create_environment_hook('robot_5a_moveit_config', 'cmake_prefix_path')
[0.754s] INFO:colcon.colcon_core.shell:Creating environment hook '/home/bernardo/R5A_ROS_ws/install/robot_5a_moveit_config/share/robot_5a_moveit_config/hook/cmake_prefix_path.ps1'
[0.754s] INFO:colcon.colcon_core.shell:Creating environment descriptor '/home/bernardo/R5A_ROS_ws/install/robot_5a_moveit_config/share/robot_5a_moveit_config/hook/cmake_prefix_path.dsv'
[0.755s] INFO:colcon.colcon_core.shell:Creating environment hook '/home/bernardo/R5A_ROS_ws/install/robot_5a_moveit_config/share/robot_5a_moveit_config/hook/cmake_prefix_path.sh'
[0.755s] Level 1:colcon.colcon_core.environment:checking '/home/bernardo/R5A_ROS_ws/install/robot_5a_moveit_config/bin'
[0.755s] Level 1:colcon.colcon_core.environment:checking '/home/bernardo/R5A_ROS_ws/install/robot_5a_moveit_config/lib/pkgconfig/robot_5a_moveit_config.pc'
[0.756s] Level 1:colcon.colcon_core.environment:checking '/home/bernardo/R5A_ROS_ws/install/robot_5a_moveit_config/lib/python3.10/site-packages'
[0.756s] Level 1:colcon.colcon_core.environment:checking '/home/bernardo/R5A_ROS_ws/install/robot_5a_moveit_config/bin'
[0.756s] INFO:colcon.colcon_core.shell:Creating package script '/home/bernardo/R5A_ROS_ws/install/robot_5a_moveit_config/share/robot_5a_moveit_config/package.ps1'
[0.756s] INFO:colcon.colcon_core.shell:Creating package descriptor '/home/bernardo/R5A_ROS_ws/install/robot_5a_moveit_config/share/robot_5a_moveit_config/package.dsv'
[0.757s] INFO:colcon.colcon_core.shell:Creating package script '/home/bernardo/R5A_ROS_ws/install/robot_5a_moveit_config/share/robot_5a_moveit_config/package.sh'
[0.757s] INFO:colcon.colcon_core.shell:Creating package script '/home/bernardo/R5A_ROS_ws/install/robot_5a_moveit_config/share/robot_5a_moveit_config/package.bash'
[0.758s] INFO:colcon.colcon_core.shell:Creating package script '/home/bernardo/R5A_ROS_ws/install/robot_5a_moveit_config/share/robot_5a_moveit_config/package.zsh'
[0.758s] Level 1:colcon.colcon_core.environment:create_file_with_runtime_dependencies(/home/bernardo/R5A_ROS_ws/install/robot_5a_moveit_config/share/colcon-core/packages/robot_5a_moveit_config)
[0.782s] DEBUG:colcon.colcon_core.event_handler.log_command:Invoking command in '/home/bernardo/R5A_ROS_ws/build/gazebo_ros2_control': CMAKE_PREFIX_PATH=${CMAKE_PREFIX_PATH}:/opt/ros/humble /usr/bin/cmake --install /home/bernardo/R5A_ROS_ws/build/gazebo_ros2_control
[0.821s] Level 1:colcon.colcon_core.environment:create_environment_scripts_only(gazebo_ros2_control)
[0.822s] Level 1:colcon.colcon_core.environment:checking '/home/bernardo/R5A_ROS_ws/install/gazebo_ros2_control' for CMake module files
[0.822s] DEBUG:colcon.colcon_core.event_handler.log_command:Invoked command in '/home/bernardo/R5A_ROS_ws/build/gazebo_ros2_control' returned '0': CMAKE_PREFIX_PATH=${CMAKE_PREFIX_PATH}:/opt/ros/humble /usr/bin/cmake --install /home/bernardo/R5A_ROS_ws/build/gazebo_ros2_control
[0.823s] Level 1:colcon.colcon_core.environment:checking '/home/bernardo/R5A_ROS_ws/install/gazebo_ros2_control' for CMake config files
[0.823s] Level 1:colcon.colcon_core.shell:create_environment_hook('gazebo_ros2_control', 'cmake_prefix_path')
[0.823s] INFO:colcon.colcon_core.shell:Creating environment hook '/home/bernardo/R5A_ROS_ws/install/gazebo_ros2_control/share/gazebo_ros2_control/hook/cmake_prefix_path.ps1'
[0.824s] INFO:colcon.colcon_core.shell:Creating environment descriptor '/home/bernardo/R5A_ROS_ws/install/gazebo_ros2_control/share/gazebo_ros2_control/hook/cmake_prefix_path.dsv'
[0.824s] INFO:colcon.colcon_core.shell:Creating environment hook '/home/bernardo/R5A_ROS_ws/install/gazebo_ros2_control/share/gazebo_ros2_control/hook/cmake_prefix_path.sh'
[0.825s] Level 1:colcon.colcon_core.environment:checking '/home/bernardo/R5A_ROS_ws/install/gazebo_ros2_control/lib'
[0.825s] Level 1:colcon.colcon_core.shell:create_environment_hook('gazebo_ros2_control', 'ld_library_path_lib')
[0.826s] INFO:colcon.colcon_core.shell:Creating environment hook '/home/bernardo/R5A_ROS_ws/install/gazebo_ros2_control/share/gazebo_ros2_control/hook/ld_library_path_lib.ps1'
[0.826s] INFO:colcon.colcon_core.shell:Creating environment descriptor '/home/bernardo/R5A_ROS_ws/install/gazebo_ros2_control/share/gazebo_ros2_control/hook/ld_library_path_lib.dsv'
[0.827s] INFO:colcon.colcon_core.shell:Creating environment hook '/home/bernardo/R5A_ROS_ws/install/gazebo_ros2_control/share/gazebo_ros2_control/hook/ld_library_path_lib.sh'
[0.827s] Level 1:colcon.colcon_core.environment:checking '/home/bernardo/R5A_ROS_ws/install/gazebo_ros2_control/bin'
[0.827s] Level 1:colcon.colcon_core.environment:checking '/home/bernardo/R5A_ROS_ws/install/gazebo_ros2_control/lib/pkgconfig/gazebo_ros2_control.pc'
[0.828s] Level 1:colcon.colcon_core.environment:checking '/home/bernardo/R5A_ROS_ws/install/gazebo_ros2_control/lib/python3.10/site-packages'
[0.828s] Level 1:colcon.colcon_core.environment:checking '/home/bernardo/R5A_ROS_ws/install/gazebo_ros2_control/bin'
[0.828s] INFO:colcon.colcon_core.shell:Creating package script '/home/bernardo/R5A_ROS_ws/install/gazebo_ros2_control/share/gazebo_ros2_control/package.ps1'
[0.829s] INFO:colcon.colcon_core.shell:Creating package descriptor '/home/bernardo/R5A_ROS_ws/install/gazebo_ros2_control/share/gazebo_ros2_control/package.dsv'
[0.829s] INFO:colcon.colcon_core.shell:Creating package script '/home/bernardo/R5A_ROS_ws/install/gazebo_ros2_control/share/gazebo_ros2_control/package.sh'
[0.830s] INFO:colcon.colcon_core.shell:Creating package script '/home/bernardo/R5A_ROS_ws/install/gazebo_ros2_control/share/gazebo_ros2_control/package.bash'
[0.830s] INFO:colcon.colcon_core.shell:Creating package script '/home/bernardo/R5A_ROS_ws/install/gazebo_ros2_control/share/gazebo_ros2_control/package.zsh'
[0.831s] Level 1:colcon.colcon_core.environment:create_file_with_runtime_dependencies(/home/bernardo/R5A_ROS_ws/install/gazebo_ros2_control/share/colcon-core/packages/gazebo_ros2_control)
[0.904s] Level 1:colcon.colcon_core.environment:create_environment_scripts_only(gazebo_ros2_control)
[0.904s] Level 1:colcon.colcon_core.environment:checking '/home/bernardo/R5A_ROS_ws/install/gazebo_ros2_control' for CMake module files
[0.904s] Level 1:colcon.colcon_core.environment:checking '/home/bernardo/R5A_ROS_ws/install/gazebo_ros2_control' for CMake config files
[0.905s] Level 1:colcon.colcon_core.shell:create_environment_hook('gazebo_ros2_control', 'cmake_prefix_path')
[0.905s] INFO:colcon.colcon_core.shell:Creating environment hook '/home/bernardo/R5A_ROS_ws/install/gazebo_ros2_control/share/gazebo_ros2_control/hook/cmake_prefix_path.ps1'
[0.905s] INFO:colcon.colcon_core.shell:Creating environment descriptor '/home/bernardo/R5A_ROS_ws/install/gazebo_ros2_control/share/gazebo_ros2_control/hook/cmake_prefix_path.dsv'
[0.906s] INFO:colcon.colcon_core.shell:Creating environment hook '/home/bernardo/R5A_ROS_ws/install/gazebo_ros2_control/share/gazebo_ros2_control/hook/cmake_prefix_path.sh'
[0.907s] Level 1:colcon.colcon_core.environment:checking '/home/bernardo/R5A_ROS_ws/install/gazebo_ros2_control/lib'
[0.907s] Level 1:colcon.colcon_core.shell:create_environment_hook('gazebo_ros2_control', 'ld_library_path_lib')
[0.907s] INFO:colcon.colcon_core.shell:Creating environment hook '/home/bernardo/R5A_ROS_ws/install/gazebo_ros2_control/share/gazebo_ros2_control/hook/ld_library_path_lib.ps1'
[0.913s] INFO:colcon.colcon_core.shell:Creating environment descriptor '/home/bernardo/R5A_ROS_ws/install/gazebo_ros2_control/share/gazebo_ros2_control/hook/ld_library_path_lib.dsv'
[0.914s] INFO:colcon.colcon_core.shell:Creating environment hook '/home/bernardo/R5A_ROS_ws/install/gazebo_ros2_control/share/gazebo_ros2_control/hook/ld_library_path_lib.sh'
[0.914s] Level 1:colcon.colcon_core.environment:checking '/home/bernardo/R5A_ROS_ws/install/gazebo_ros2_control/bin'
[0.915s] Level 1:colcon.colcon_core.environment:checking '/home/bernardo/R5A_ROS_ws/install/gazebo_ros2_control/lib/pkgconfig/gazebo_ros2_control.pc'
[0.915s] Level 1:colcon.colcon_core.environment:checking '/home/bernardo/R5A_ROS_ws/install/gazebo_ros2_control/lib/python3.10/site-packages'
[0.915s] Level 1:colcon.colcon_core.environment:checking '/home/bernardo/R5A_ROS_ws/install/gazebo_ros2_control/bin'
[0.915s] INFO:colcon.colcon_core.shell:Creating package script '/home/bernardo/R5A_ROS_ws/install/gazebo_ros2_control/share/gazebo_ros2_control/package.ps1'
[0.916s] INFO:colcon.colcon_core.shell:Creating package descriptor '/home/bernardo/R5A_ROS_ws/install/gazebo_ros2_control/share/gazebo_ros2_control/package.dsv'
[0.917s] INFO:colcon.colcon_core.shell:Creating package script '/home/bernardo/R5A_ROS_ws/install/gazebo_ros2_control/share/gazebo_ros2_control/package.sh'
[0.917s] INFO:colcon.colcon_core.shell:Creating package script '/home/bernardo/R5A_ROS_ws/install/gazebo_ros2_control/share/gazebo_ros2_control/package.bash'
[0.918s] INFO:colcon.colcon_core.shell:Creating package script '/home/bernardo/R5A_ROS_ws/install/gazebo_ros2_control/share/gazebo_ros2_control/package.zsh'
[0.918s] Level 1:colcon.colcon_core.environment:create_file_with_runtime_dependencies(/home/bernardo/R5A_ROS_ws/install/gazebo_ros2_control/share/colcon-core/packages/gazebo_ros2_control)
[0.919s] INFO:colcon.colcon_ros.task.ament_cmake.build:Building ROS package in '/home/bernardo/R5A_ROS_ws/src/robot_5a_urdf' with build type 'ament_cmake'
[0.919s] INFO:colcon.colcon_cmake.task.cmake.build:Building CMake package in '/home/bernardo/R5A_ROS_ws/src/robot_5a_urdf'
[0.919s] INFO:colcon.colcon_core.shell:Skip shell extension 'powershell' for command environment: Not usable outside of PowerShell
[0.919s] DEBUG:colcon.colcon_core.shell:Skip shell extension 'dsv' for command environment
[0.963s] DEBUG:colcon.colcon_core.event_handler.log_command:Invoking command in '/home/bernardo/R5A_ROS_ws/build/robot_5a_urdf': CMAKE_PREFIX_PATH=/home/bernardo/R5A_ROS_ws/install/gazebo_ros2_control:/home/bernardo/R5A_ROS_ws/install/robot_5a_urdf:/home/bernardo/R5A_ROS_ws/install/robot_5a_moveit_config:/opt/ros/humble /usr/bin/cmake --build /home/bernardo/R5A_ROS_ws/build/robot_5a_urdf -- -j3 -l3
[1.052s] DEBUG:colcon.colcon_core.event_handler.log_command:Invoked command in '/home/bernardo/R5A_ROS_ws/build/robot_5a_urdf' returned '0': CMAKE_PREFIX_PATH=/home/bernardo/R5A_ROS_ws/install/gazebo_ros2_control:/home/bernardo/R5A_ROS_ws/install/robot_5a_urdf:/home/bernardo/R5A_ROS_ws/install/robot_5a_moveit_config:/opt/ros/humble /usr/bin/cmake --build /home/bernardo/R5A_ROS_ws/build/robot_5a_urdf -- -j3 -l3
[1.179s] DEBUG:colcon.colcon_core.event_handler.log_command:Invoking command in '/home/bernardo/R5A_ROS_ws/build/robot_5a_urdf': CMAKE_PREFIX_PATH=/home/bernardo/R5A_ROS_ws/install/gazebo_ros2_control:/home/bernardo/R5A_ROS_ws/install/robot_5a_urdf:/home/bernardo/R5A_ROS_ws/install/robot_5a_moveit_config:/opt/ros/humble /usr/bin/cmake --install /home/bernardo/R5A_ROS_ws/build/robot_5a_urdf
[1.212s] Level 1:colcon.colcon_core.environment:create_environment_scripts_only(robot_5a_urdf)
[1.212s] Level 1:colcon.colcon_core.environment:checking '/home/bernardo/R5A_ROS_ws/install/robot_5a_urdf' for CMake module files
[1.213s] DEBUG:colcon.colcon_core.event_handler.log_command:Invoked command in '/home/bernardo/R5A_ROS_ws/build/robot_5a_urdf' returned '0': CMAKE_PREFIX_PATH=/home/bernardo/R5A_ROS_ws/install/gazebo_ros2_control:/home/bernardo/R5A_ROS_ws/install/robot_5a_urdf:/home/bernardo/R5A_ROS_ws/install/robot_5a_moveit_config:/opt/ros/humble /usr/bin/cmake --install /home/bernardo/R5A_ROS_ws/build/robot_5a_urdf
[1.213s] Level 1:colcon.colcon_core.environment:checking '/home/bernardo/R5A_ROS_ws/install/robot_5a_urdf' for CMake config files
[1.213s] Level 1:colcon.colcon_core.shell:create_environment_hook('robot_5a_urdf', 'cmake_prefix_path')
[1.213s] INFO:colcon.colcon_core.shell:Creating environment hook '/home/bernardo/R5A_ROS_ws/install/robot_5a_urdf/share/robot_5a_urdf/hook/cmake_prefix_path.ps1'
[1.214s] INFO:colcon.colcon_core.shell:Creating environment descriptor '/home/bernardo/R5A_ROS_ws/install/robot_5a_urdf/share/robot_5a_urdf/hook/cmake_prefix_path.dsv'
[1.214s] INFO:colcon.colcon_core.shell:Creating environment hook '/home/bernardo/R5A_ROS_ws/install/robot_5a_urdf/share/robot_5a_urdf/hook/cmake_prefix_path.sh'
[1.215s] Level 1:colcon.colcon_core.environment:checking '/home/bernardo/R5A_ROS_ws/install/robot_5a_urdf/bin'
[1.215s] Level 1:colcon.colcon_core.environment:checking '/home/bernardo/R5A_ROS_ws/install/robot_5a_urdf/lib/pkgconfig/robot_5a_urdf.pc'
[1.215s] Level 1:colcon.colcon_core.environment:checking '/home/bernardo/R5A_ROS_ws/install/robot_5a_urdf/lib/python3.10/site-packages'
[1.216s] Level 1:colcon.colcon_core.environment:checking '/home/bernardo/R5A_ROS_ws/install/robot_5a_urdf/bin'
[1.216s] INFO:colcon.colcon_core.shell:Creating package script '/home/bernardo/R5A_ROS_ws/install/robot_5a_urdf/share/robot_5a_urdf/package.ps1'
[1.216s] INFO:colcon.colcon_core.shell:Creating package descriptor '/home/bernardo/R5A_ROS_ws/install/robot_5a_urdf/share/robot_5a_urdf/package.dsv'
[1.217s] INFO:colcon.colcon_core.shell:Creating package script '/home/bernardo/R5A_ROS_ws/install/robot_5a_urdf/share/robot_5a_urdf/package.sh'
[1.217s] INFO:colcon.colcon_core.shell:Creating package script '/home/bernardo/R5A_ROS_ws/install/robot_5a_urdf/share/robot_5a_urdf/package.bash'
[1.218s] INFO:colcon.colcon_core.shell:Creating package script '/home/bernardo/R5A_ROS_ws/install/robot_5a_urdf/share/robot_5a_urdf/package.zsh'
[1.218s] Level 1:colcon.colcon_core.environment:create_file_with_runtime_dependencies(/home/bernardo/R5A_ROS_ws/install/robot_5a_urdf/share/colcon-core/packages/robot_5a_urdf)
[1.312s] Level 1:colcon.colcon_core.environment:create_environment_scripts_only(robot_5a_urdf)
[1.312s] Level 1:colcon.colcon_core.environment:checking '/home/bernardo/R5A_ROS_ws/install/robot_5a_urdf' for CMake module files
[1.312s] Level 1:colcon.colcon_core.environment:checking '/home/bernardo/R5A_ROS_ws/install/robot_5a_urdf' for CMake config files
[1.313s] Level 1:colcon.colcon_core.shell:create_environment_hook('robot_5a_urdf', 'cmake_prefix_path')
[1.313s] INFO:colcon.colcon_core.shell:Creating environment hook '/home/bernardo/R5A_ROS_ws/install/robot_5a_urdf/share/robot_5a_urdf/hook/cmake_prefix_path.ps1'
[1.314s] INFO:colcon.colcon_core.shell:Creating environment descriptor '/home/bernardo/R5A_ROS_ws/install/robot_5a_urdf/share/robot_5a_urdf/hook/cmake_prefix_path.dsv'
[1.314s] INFO:colcon.colcon_core.shell:Creating environment hook '/home/bernardo/R5A_ROS_ws/install/robot_5a_urdf/share/robot_5a_urdf/hook/cmake_prefix_path.sh'
[1.315s] Level 1:colcon.colcon_core.environment:checking '/home/bernardo/R5A_ROS_ws/install/robot_5a_urdf/bin'
[1.315s] Level 1:colcon.colcon_core.environment:checking '/home/bernardo/R5A_ROS_ws/install/robot_5a_urdf/lib/pkgconfig/robot_5a_urdf.pc'
[1.315s] Level 1:colcon.colcon_core.environment:checking '/home/bernardo/R5A_ROS_ws/install/robot_5a_urdf/lib/python3.10/site-packages'
[1.316s] Level 1:colcon.colcon_core.environment:checking '/home/bernardo/R5A_ROS_ws/install/robot_5a_urdf/bin'
[1.316s] INFO:colcon.colcon_core.shell:Creating package script '/home/bernardo/R5A_ROS_ws/install/robot_5a_urdf/share/robot_5a_urdf/package.ps1'
[1.317s] INFO:colcon.colcon_core.shell:Creating package descriptor '/home/bernardo/R5A_ROS_ws/install/robot_5a_urdf/share/robot_5a_urdf/package.dsv'
[1.317s] INFO:colcon.colcon_core.shell:Creating package script '/home/bernardo/R5A_ROS_ws/install/robot_5a_urdf/share/robot_5a_urdf/package.sh'
[1.318s] INFO:colcon.colcon_core.shell:Creating package script '/home/bernardo/R5A_ROS_ws/install/robot_5a_urdf/share/robot_5a_urdf/package.bash'
[1.318s] INFO:colcon.colcon_core.shell:Creating package script '/home/bernardo/R5A_ROS_ws/install/robot_5a_urdf/share/robot_5a_urdf/package.zsh'
[1.319s] Level 1:colcon.colcon_core.environment:create_file_with_runtime_dependencies(/home/bernardo/R5A_ROS_ws/install/robot_5a_urdf/share/colcon-core/packages/robot_5a_urdf)
[1.320s] DEBUG:colcon.colcon_parallel_executor.executor.parallel:closing loop
[1.320s] DEBUG:colcon.colcon_parallel_executor.executor.parallel:loop closed
[1.320s] DEBUG:colcon.colcon_parallel_executor.executor.parallel:run_until_complete finished with '0'
[1.320s] DEBUG:colcon.colcon_core.event_reactor:joining thread
[1.327s] INFO:colcon.colcon_core.plugin_system:Skipping extension 'colcon_notification.desktop_notification.terminal_notifier': Not used on non-Darwin systems
[1.327s] INFO:colcon.colcon_core.plugin_system:Skipping extension 'colcon_notification.desktop_notification.win32': Not used on non-Windows systems
[1.327s] INFO:colcon.colcon_notification.desktop_notification:Sending desktop notification using 'notify2'
[1.345s] DEBUG:colcon.colcon_core.event_reactor:joined thread
[1.345s] INFO:colcon.colcon_core.shell:Creating prefix script '/home/bernardo/R5A_ROS_ws/install/local_setup.ps1'
[1.346s] INFO:colcon.colcon_core.shell:Creating prefix util module '/home/bernardo/R5A_ROS_ws/install/_local_setup_util_ps1.py'
[1.348s] INFO:colcon.colcon_core.shell:Creating prefix chain script '/home/bernardo/R5A_ROS_ws/install/setup.ps1'
[1.349s] INFO:colcon.colcon_core.shell:Creating prefix script '/home/bernardo/R5A_ROS_ws/install/local_setup.sh'
[1.350s] INFO:colcon.colcon_core.shell:Creating prefix util module '/home/bernardo/R5A_ROS_ws/install/_local_setup_util_sh.py'
[1.350s] INFO:colcon.colcon_core.shell:Creating prefix chain script '/home/bernardo/R5A_ROS_ws/install/setup.sh'
[1.351s] INFO:colcon.colcon_core.shell:Creating prefix script '/home/bernardo/R5A_ROS_ws/install/local_setup.bash'
[1.352s] INFO:colcon.colcon_core.shell:Creating prefix chain script '/home/bernardo/R5A_ROS_ws/install/setup.bash'
[1.353s] INFO:colcon.colcon_core.shell:Creating prefix script '/home/bernardo/R5A_ROS_ws/install/local_setup.zsh'
[1.354s] INFO:colcon.colcon_core.shell:Creating prefix chain script '/home/bernardo/R5A_ROS_ws/install/setup.zsh'
