[0.369s] Invoking command in '/home/bernardo/R5A_ROS_ws/build/gazebo_msgs': /usr/bin/cmake /home/bernardo/R5A_ROS_ws/src/gazebo_ros_pkgs/gazebo_msgs -DCATKIN_INSTALL_INTO_PREFIX_ROOT=0 -DCMAKE_INSTALL_PREFIX=/home/bernardo/R5A_ROS_ws/install/gazebo_msgs
[3.267s] -- The C compiler identification is GNU 11.4.0
[4.048s] -- The CXX compiler identification is GNU 11.4.0
[4.109s] -- Detecting C compiler ABI info
[4.807s] -- Detecting C compiler ABI info - done
[4.850s] -- Check for working C compiler: /usr/bin/cc - skipped
[4.851s] -- Detecting C compile features
[4.852s] -- Detecting C compile features - done
[4.864s] -- Detecting CXX compiler ABI info
[5.228s] -- Detecting CXX compiler ABI info - done
[5.239s] -- Check for working CXX compiler: /usr/bin/c++ - skipped
[5.240s] -- Detecting CXX compile features
[5.253s] -- Detecting CXX compile features - done
[5.254s] [31mCMake Error at CMakeLists.txt:4 (find_package):
[5.254s]   By not providing "Findcatkin.cmake" in CMAKE_MODULE_PATH this project has
[5.255s]   asked CMake to find a package configuration file provided by "catkin", but
[5.255s]   CMake did not find one.
[5.255s] 
[5.255s]   Could not find a package configuration file provided by "catkin" with any
[5.255s]   of the following names:
[5.256s] 
[5.256s]     catkinConfig.cmake
[5.257s]     catkin-config.cmake
[5.257s] 
[5.257s]   Add the installation prefix of "catkin" to CMAKE_PREFIX_PATH or set
[5.257s]   "catkin_DIR" to a directory containing one of the above files.  If "catkin"
[5.257s]   provides a separate development package or SDK, be sure it has been
[5.257s]   installed.
[5.257s] 
[5.257s] [0m
[5.257s] -- Configuring incomplete, errors occurred!
[5.257s] See also "/home/bernardo/R5A_ROS_ws/build/gazebo_msgs/CMakeFiles/CMakeOutput.log".
