[0.377s] Invoking command in '/home/bernardo/R5A_ROS_ws/build/gazebo_ros2_control': CMAKE_PREFIX_PATH=${CMAKE_PREFIX_PATH}:/opt/ros/humble /usr/bin/cmake --build /home/bernardo/R5A_ROS_ws/build/gazebo_ros2_control -- -j3 -l3
[3.763s] [35m[1mConsolidate compiler generated dependencies of target gazebo_ros2_control[0m
[4.197s] [ 25%] [32mBuilding CXX object CMakeFiles/gazebo_ros2_control.dir/src/gazebo_ros2_control_plugin.cpp.o[0m
[69.718s] [ 50%] [32m[1mLinking CXX shared library libgazebo_ros2_control.so[0m
[74.875s] [ 50%] Built target gazebo_ros2_control
[75.659s] [100%] Built target gazebo_hardware_plugins
[76.435s] Invoked command in '/home/bernardo/R5A_ROS_ws/build/gazebo_ros2_control' returned '0': CMAKE_PREFIX_PATH=${CMAKE_PREFIX_PATH}:/opt/ros/humble /usr/bin/cmake --build /home/bernardo/R5A_ROS_ws/build/gazebo_ros2_control -- -j3 -l3
[76.984s] Invoking command in '/home/bernardo/R5A_ROS_ws/build/gazebo_ros2_control': CMAKE_PREFIX_PATH=${CMAKE_PREFIX_PATH}:/opt/ros/humble /usr/bin/cmake --install /home/bernardo/R5A_ROS_ws/build/gazebo_ros2_control
[77.015s] -- Install configuration: ""
[77.020s] -- Installing: /home/bernardo/R5A_ROS_ws/install/gazebo_ros2_control/lib/libgazebo_ros2_control.so
[77.028s] -- Set runtime path of "/home/bernardo/R5A_ROS_ws/install/gazebo_ros2_control/lib/libgazebo_ros2_control.so" to ""
[77.028s] -- Installing: /home/bernardo/R5A_ROS_ws/install/gazebo_ros2_control/lib/libgazebo_hardware_plugins.so
[77.049s] -- Set runtime path of "/home/bernardo/R5A_ROS_ws/install/gazebo_ros2_control/lib/libgazebo_hardware_plugins.so" to ""
[77.069s] -- Installing: /home/bernardo/R5A_ROS_ws/install/gazebo_ros2_control/share/gazebo_ros2_control/environment/library_path.sh
[77.070s] -- Installing: /home/bernardo/R5A_ROS_ws/install/gazebo_ros2_control/share/gazebo_ros2_control/environment/library_path.dsv
[77.071s] -- Installing: /home/bernardo/R5A_ROS_ws/install/gazebo_ros2_control/include/gazebo_ros2_control
[77.072s] -- Installing: /home/bernardo/R5A_ROS_ws/install/gazebo_ros2_control/include/gazebo_ros2_control/gazebo_ros2_control_plugin.hpp
[77.072s] -- Installing: /home/bernardo/R5A_ROS_ws/install/gazebo_ros2_control/include/gazebo_ros2_control/gazebo_system_interface.hpp
[77.074s] -- Installing: /home/bernardo/R5A_ROS_ws/install/gazebo_ros2_control/include/gazebo_ros2_control/gazebo_system.hpp
[77.075s] -- Installing: /home/bernardo/R5A_ROS_ws/install/gazebo_ros2_control/share/gazebo_ros2_control/gazebo_hardware_plugins.xml
[77.089s] -- Installing: /home/bernardo/R5A_ROS_ws/install/gazebo_ros2_control/share/ament_index/resource_index/package_run_dependencies/gazebo_ros2_control
[77.091s] -- Installing: /home/bernardo/R5A_ROS_ws/install/gazebo_ros2_control/share/ament_index/resource_index/parent_prefix_path/gazebo_ros2_control
[77.097s] -- Installing: /home/bernardo/R5A_ROS_ws/install/gazebo_ros2_control/share/gazebo_ros2_control/environment/ament_prefix_path.sh
[77.101s] -- Installing: /home/bernardo/R5A_ROS_ws/install/gazebo_ros2_control/share/gazebo_ros2_control/environment/ament_prefix_path.dsv
[77.102s] -- Installing: /home/bernardo/R5A_ROS_ws/install/gazebo_ros2_control/share/gazebo_ros2_control/environment/path.sh
[77.104s] -- Installing: /home/bernardo/R5A_ROS_ws/install/gazebo_ros2_control/share/gazebo_ros2_control/environment/path.dsv
[77.111s] -- Installing: /home/bernardo/R5A_ROS_ws/install/gazebo_ros2_control/share/gazebo_ros2_control/local_setup.bash
[77.111s] -- Installing: /home/bernardo/R5A_ROS_ws/install/gazebo_ros2_control/share/gazebo_ros2_control/local_setup.sh
[77.116s] -- Installing: /home/bernardo/R5A_ROS_ws/install/gazebo_ros2_control/share/gazebo_ros2_control/local_setup.zsh
[77.120s] -- Installing: /home/bernardo/R5A_ROS_ws/install/gazebo_ros2_control/share/gazebo_ros2_control/local_setup.dsv
[77.121s] -- Installing: /home/bernardo/R5A_ROS_ws/install/gazebo_ros2_control/share/gazebo_ros2_control/package.dsv
[77.123s] -- Installing: /home/bernardo/R5A_ROS_ws/install/gazebo_ros2_control/share/ament_index/resource_index/packages/gazebo_ros2_control
[77.124s] -- Installing: /home/bernardo/R5A_ROS_ws/install/gazebo_ros2_control/share/ament_index/resource_index/gazebo_ros2_control__pluginlib__plugin/gazebo_ros2_control
[77.125s] -- Installing: /home/bernardo/R5A_ROS_ws/install/gazebo_ros2_control/share/gazebo_ros2_control/cmake/ament_cmake_export_include_directories-extras.cmake
[77.127s] -- Installing: /home/bernardo/R5A_ROS_ws/install/gazebo_ros2_control/share/gazebo_ros2_control/cmake/ament_cmake_export_dependencies-extras.cmake
[77.129s] -- Installing: /home/bernardo/R5A_ROS_ws/install/gazebo_ros2_control/share/gazebo_ros2_control/cmake/ament_cmake_export_libraries-extras.cmake
[77.130s] -- Installing: /home/bernardo/R5A_ROS_ws/install/gazebo_ros2_control/share/gazebo_ros2_control/cmake/gazebo_ros2_controlConfig.cmake
[77.132s] -- Installing: /home/bernardo/R5A_ROS_ws/install/gazebo_ros2_control/share/gazebo_ros2_control/cmake/gazebo_ros2_controlConfig-version.cmake
[77.133s] -- Installing: /home/bernardo/R5A_ROS_ws/install/gazebo_ros2_control/share/gazebo_ros2_control/package.xml
[77.146s] Invoked command in '/home/bernardo/R5A_ROS_ws/build/gazebo_ros2_control' returned '0': CMAKE_PREFIX_PATH=${CMAKE_PREFIX_PATH}:/opt/ros/humble /usr/bin/cmake --install /home/bernardo/R5A_ROS_ws/build/gazebo_ros2_control
