[0.122s] Invoking command in '/home/bernardo/R5A_ROS_ws/build/gazebo_ros2_control': CMAKE_PREFIX_PATH=${CMAKE_PREFIX_PATH}:/opt/ros/humble /usr/bin/cmake --build /home/bernardo/R5A_ROS_ws/build/gazebo_ros2_control -- -j3 -l3
[2.626s] [ 50%] Built target gazebo_ros2_control
[2.812s] [100%] Built target gazebo_hardware_plugins
[2.875s] Invoked command in '/home/bernardo/R5A_ROS_ws/build/gazebo_ros2_control' returned '0': CMAKE_PREFIX_PATH=${CMAKE_PREFIX_PATH}:/opt/ros/humble /usr/bin/cmake --build /home/bernardo/R5A_ROS_ws/build/gazebo_ros2_control -- -j3 -l3
[2.990s] Invoking command in '/home/bernardo/R5A_ROS_ws/build/gazebo_ros2_control': CMAKE_PREFIX_PATH=${CMAKE_PREFIX_PATH}:/opt/ros/humble /usr/bin/cmake --install /home/bernardo/R5A_ROS_ws/build/gazebo_ros2_control
[3.064s] -- Install configuration: ""
[3.073s] -- Up-to-date: /home/bernardo/R5A_ROS_ws/install/gazebo_ros2_control/lib/libgazebo_ros2_control.so
[3.074s] -- Up-to-date: /home/bernardo/R5A_ROS_ws/install/gazebo_ros2_control/lib/libgazebo_hardware_plugins.so
[3.095s] -- Up-to-date: /home/bernardo/R5A_ROS_ws/install/gazebo_ros2_control/share/gazebo_ros2_control/environment/library_path.sh
[3.095s] -- Up-to-date: /home/bernardo/R5A_ROS_ws/install/gazebo_ros2_control/share/gazebo_ros2_control/environment/library_path.dsv
[3.097s] -- Up-to-date: /home/bernardo/R5A_ROS_ws/install/gazebo_ros2_control/include/gazebo_ros2_control
[3.098s] -- Up-to-date: /home/bernardo/R5A_ROS_ws/install/gazebo_ros2_control/include/gazebo_ros2_control/gazebo_ros2_control_plugin.hpp
[3.098s] -- Up-to-date: /home/bernardo/R5A_ROS_ws/install/gazebo_ros2_control/include/gazebo_ros2_control/gazebo_system_interface.hpp
[3.099s] -- Up-to-date: /home/bernardo/R5A_ROS_ws/install/gazebo_ros2_control/include/gazebo_ros2_control/gazebo_system.hpp
[3.100s] -- Up-to-date: /home/bernardo/R5A_ROS_ws/install/gazebo_ros2_control/share/gazebo_ros2_control/gazebo_hardware_plugins.xml
[3.100s] -- Up-to-date: /home/bernardo/R5A_ROS_ws/install/gazebo_ros2_control/share/ament_index/resource_index/package_run_dependencies/gazebo_ros2_control
[3.102s] -- Up-to-date: /home/bernardo/R5A_ROS_ws/install/gazebo_ros2_control/share/ament_index/resource_index/parent_prefix_path/gazebo_ros2_control
[3.102s] -- Up-to-date: /home/bernardo/R5A_ROS_ws/install/gazebo_ros2_control/share/gazebo_ros2_control/environment/ament_prefix_path.sh
[3.103s] -- Up-to-date: /home/bernardo/R5A_ROS_ws/install/gazebo_ros2_control/share/gazebo_ros2_control/environment/ament_prefix_path.dsv
[3.103s] -- Up-to-date: /home/bernardo/R5A_ROS_ws/install/gazebo_ros2_control/share/gazebo_ros2_control/environment/path.sh
[3.103s] -- Up-to-date: /home/bernardo/R5A_ROS_ws/install/gazebo_ros2_control/share/gazebo_ros2_control/environment/path.dsv
[3.103s] -- Up-to-date: /home/bernardo/R5A_ROS_ws/install/gazebo_ros2_control/share/gazebo_ros2_control/local_setup.bash
[3.103s] -- Up-to-date: /home/bernardo/R5A_ROS_ws/install/gazebo_ros2_control/share/gazebo_ros2_control/local_setup.sh
[3.105s] -- Up-to-date: /home/bernardo/R5A_ROS_ws/install/gazebo_ros2_control/share/gazebo_ros2_control/local_setup.zsh
[3.105s] -- Up-to-date: /home/bernardo/R5A_ROS_ws/install/gazebo_ros2_control/share/gazebo_ros2_control/local_setup.dsv
[3.106s] -- Installing: /home/bernardo/R5A_ROS_ws/install/gazebo_ros2_control/share/gazebo_ros2_control/package.dsv
[3.108s] -- Up-to-date: /home/bernardo/R5A_ROS_ws/install/gazebo_ros2_control/share/ament_index/resource_index/packages/gazebo_ros2_control
[3.116s] -- Up-to-date: /home/bernardo/R5A_ROS_ws/install/gazebo_ros2_control/share/ament_index/resource_index/gazebo_ros2_control__pluginlib__plugin/gazebo_ros2_control
[3.118s] -- Up-to-date: /home/bernardo/R5A_ROS_ws/install/gazebo_ros2_control/share/gazebo_ros2_control/cmake/ament_cmake_export_include_directories-extras.cmake
[3.118s] -- Up-to-date: /home/bernardo/R5A_ROS_ws/install/gazebo_ros2_control/share/gazebo_ros2_control/cmake/ament_cmake_export_dependencies-extras.cmake
[3.118s] -- Up-to-date: /home/bernardo/R5A_ROS_ws/install/gazebo_ros2_control/share/gazebo_ros2_control/cmake/ament_cmake_export_libraries-extras.cmake
[3.118s] -- Up-to-date: /home/bernardo/R5A_ROS_ws/install/gazebo_ros2_control/share/gazebo_ros2_control/cmake/gazebo_ros2_controlConfig.cmake
[3.118s] -- Up-to-date: /home/bernardo/R5A_ROS_ws/install/gazebo_ros2_control/share/gazebo_ros2_control/cmake/gazebo_ros2_controlConfig-version.cmake
[3.119s] -- Up-to-date: /home/bernardo/R5A_ROS_ws/install/gazebo_ros2_control/share/gazebo_ros2_control/package.xml
[3.124s] Invoked command in '/home/bernardo/R5A_ROS_ws/build/gazebo_ros2_control' returned '0': CMAKE_PREFIX_PATH=${CMAKE_PREFIX_PATH}:/opt/ros/humble /usr/bin/cmake --install /home/bernardo/R5A_ROS_ws/build/gazebo_ros2_control
