[0.117s] Invoking command in '/home/bernardo/R5A_ROS_ws/build/robot_5a_urdf': CMAKE_PREFIX_PATH=/opt/ros/humble /usr/bin/cmake --build /home/bernardo/R5A_ROS_ws/build/robot_5a_urdf -- -j3 -l3
[1.965s] Invoked command in '/home/bernardo/R5A_ROS_ws/build/robot_5a_urdf' returned '0': CMAKE_PREFIX_PATH=/opt/ros/humble /usr/bin/cmake --build /home/bernardo/R5A_ROS_ws/build/robot_5a_urdf -- -j3 -l3
[2.183s] Invoking command in '/home/bernardo/R5A_ROS_ws/build/robot_5a_urdf': CMAKE_PREFIX_PATH=/opt/ros/humble /usr/bin/cmake --install /home/bernardo/R5A_ROS_ws/build/robot_5a_urdf
[2.206s] -- Install configuration: ""
[2.210s] -- Up-to-date: /home/bernardo/R5A_ROS_ws/install/robot_5a_urdf/share/robot_5a_urdf/description
[2.215s] -- Up-to-date: /home/bernardo/R5A_ROS_ws/install/robot_5a_urdf/share/robot_5a_urdf/description/example_include.xacro
[2.215s] -- Up-to-date: /home/bernardo/R5A_ROS_ws/install/robot_5a_urdf/share/robot_5a_urdf/description/robot_5a_urdf.csv
[2.217s] -- Up-to-date: /home/bernardo/R5A_ROS_ws/install/robot_5a_urdf/share/robot_5a_urdf/description/example_gazebo.xacro
[2.219s] -- Up-to-date: /home/bernardo/R5A_ROS_ws/install/robot_5a_urdf/share/robot_5a_urdf/description/robot_5a_urdf.urdf.xacro
[2.219s] -- Up-to-date: /home/bernardo/R5A_ROS_ws/install/robot_5a_urdf/share/robot_5a_urdf/launch
[2.222s] -- Up-to-date: /home/bernardo/R5A_ROS_ws/install/robot_5a_urdf/share/robot_5a_urdf/launch/rsp.launch.py
[2.224s] -- Up-to-date: /home/bernardo/R5A_ROS_ws/install/robot_5a_urdf/share/robot_5a_urdf/launch/rsp_sim.launch.py
[2.226s] -- Up-to-date: /home/bernardo/R5A_ROS_ws/install/robot_5a_urdf/share/robot_5a_urdf/launch/gazebo_robot.launch.py
[2.226s] -- Up-to-date: /home/bernardo/R5A_ROS_ws/install/robot_5a_urdf/share/robot_5a_urdf/launch/rsp_gz_rviz_pub.launch.py
[2.226s] -- Up-to-date: /home/bernardo/R5A_ROS_ws/install/robot_5a_urdf/share/robot_5a_urdf/launch/display.launch.py
[2.228s] -- Up-to-date: /home/bernardo/R5A_ROS_ws/install/robot_5a_urdf/share/robot_5a_urdf/launch/gazebo.launch.xml
[2.228s] -- Up-to-date: /home/bernardo/R5A_ROS_ws/install/robot_5a_urdf/share/robot_5a_urdf/config
[2.230s] -- Up-to-date: /home/bernardo/R5A_ROS_ws/install/robot_5a_urdf/share/robot_5a_urdf/config/joint_names_5A Assembly3.yaml
[2.230s] -- Up-to-date: /home/bernardo/R5A_ROS_ws/install/robot_5a_urdf/share/robot_5a_urdf/config/robot_5a_controllers.yaml
[2.231s] -- Up-to-date: /home/bernardo/R5A_ROS_ws/install/robot_5a_urdf/share/robot_5a_urdf/meshes
[2.235s] -- Up-to-date: /home/bernardo/R5A_ROS_ws/install/robot_5a_urdf/share/robot_5a_urdf/meshes/Link_2.STL
[2.237s] -- Up-to-date: /home/bernardo/R5A_ROS_ws/install/robot_5a_urdf/share/robot_5a_urdf/meshes/Link_3.STL
[2.237s] -- Up-to-date: /home/bernardo/R5A_ROS_ws/install/robot_5a_urdf/share/robot_5a_urdf/meshes/base_link.STL
[2.237s] -- Up-to-date: /home/bernardo/R5A_ROS_ws/install/robot_5a_urdf/share/robot_5a_urdf/meshes/Link_1.STL
[2.237s] -- Up-to-date: /home/bernardo/R5A_ROS_ws/install/robot_5a_urdf/share/robot_5a_urdf/meshes/Link_4.STL
[2.238s] -- Up-to-date: /home/bernardo/R5A_ROS_ws/install/robot_5a_urdf/share/robot_5a_urdf/meshes/Link_5.STL
[2.242s] -- Up-to-date: /home/bernardo/R5A_ROS_ws/install/robot_5a_urdf/share/ament_index/resource_index/package_run_dependencies/robot_5a_urdf
[2.242s] -- Up-to-date: /home/bernardo/R5A_ROS_ws/install/robot_5a_urdf/share/ament_index/resource_index/parent_prefix_path/robot_5a_urdf
[2.245s] -- Up-to-date: /home/bernardo/R5A_ROS_ws/install/robot_5a_urdf/share/robot_5a_urdf/environment/ament_prefix_path.sh
[2.245s] -- Up-to-date: /home/bernardo/R5A_ROS_ws/install/robot_5a_urdf/share/robot_5a_urdf/environment/ament_prefix_path.dsv
[2.245s] -- Up-to-date: /home/bernardo/R5A_ROS_ws/install/robot_5a_urdf/share/robot_5a_urdf/environment/path.sh
[2.246s] -- Up-to-date: /home/bernardo/R5A_ROS_ws/install/robot_5a_urdf/share/robot_5a_urdf/environment/path.dsv
[2.246s] -- Up-to-date: /home/bernardo/R5A_ROS_ws/install/robot_5a_urdf/share/robot_5a_urdf/local_setup.bash
[2.247s] -- Up-to-date: /home/bernardo/R5A_ROS_ws/install/robot_5a_urdf/share/robot_5a_urdf/local_setup.sh
[2.247s] -- Up-to-date: /home/bernardo/R5A_ROS_ws/install/robot_5a_urdf/share/robot_5a_urdf/local_setup.zsh
[2.247s] -- Up-to-date: /home/bernardo/R5A_ROS_ws/install/robot_5a_urdf/share/robot_5a_urdf/local_setup.dsv
[2.247s] -- Installing: /home/bernardo/R5A_ROS_ws/install/robot_5a_urdf/share/robot_5a_urdf/package.dsv
[2.260s] -- Up-to-date: /home/bernardo/R5A_ROS_ws/install/robot_5a_urdf/share/ament_index/resource_index/packages/robot_5a_urdf
[2.261s] -- Up-to-date: /home/bernardo/R5A_ROS_ws/install/robot_5a_urdf/share/robot_5a_urdf/cmake/robot_5a_urdfConfig.cmake
[2.261s] -- Up-to-date: /home/bernardo/R5A_ROS_ws/install/robot_5a_urdf/share/robot_5a_urdf/cmake/robot_5a_urdfConfig-version.cmake
[2.261s] -- Up-to-date: /home/bernardo/R5A_ROS_ws/install/robot_5a_urdf/share/robot_5a_urdf/package.xml
[2.336s] Invoked command in '/home/bernardo/R5A_ROS_ws/build/robot_5a_urdf' returned '0': CMAKE_PREFIX_PATH=/opt/ros/humble /usr/bin/cmake --install /home/bernardo/R5A_ROS_ws/build/robot_5a_urdf
