[0.217s] Invoking command in '/home/bernardo/R5A_ROS_ws/build/gazebo_msgs': /usr/bin/cmake /home/bernardo/R5A_ROS_ws/src/gazebo_ros_pkgs/gazebo_msgs -DCATKIN_INSTALL_INTO_PREFIX_ROOT=0 -DCMAKE_INSTALL_PREFIX=/home/bernardo/R5A_ROS_ws/install/gazebo_msgs
[0.294s] -- Configuring incomplete, errors occurred!
[0.294s] See also "/home/bernardo/R5A_ROS_ws/build/gazebo_msgs/CMakeFiles/CMakeOutput.log".
[0.297s] [31mCMake Error at CMakeLists.txt:4 (find_package):
[0.297s]   By not providing "Findcatkin.cmake" in CMAKE_MODULE_PATH this project has
[0.297s]   asked CMake to find a package configuration file provided by "catkin", but
[0.297s]   CMake did not find one.
[0.297s] 
[0.297s]   Could not find a package configuration file provided by "catkin" with any
[0.298s]   of the following names:
[0.298s] 
[0.298s]     catkinConfig.cmake
[0.298s]     catkin-config.cmake
[0.298s] 
[0.298s]   Add the installation prefix of "catkin" to CMAKE_PREFIX_PATH or set
[0.298s]   "catkin_DIR" to a directory containing one of the above files.  If "catkin"
[0.298s]   provides a separate development package or SDK, be sure it has been
[0.298s]   installed.
[0.298s] 
[0.298s] [0m
[0.336s] Invoked command in '/home/bernardo/R5A_ROS_ws/build/gazebo_msgs' returned '1': /usr/bin/cmake /home/bernardo/R5A_ROS_ws/src/gazebo_ros_pkgs/gazebo_msgs -DCATKIN_INSTALL_INTO_PREFIX_ROOT=0 -DCMAKE_INSTALL_PREFIX=/home/bernardo/R5A_ROS_ws/install/gazebo_msgs
