[0.201s] Invoking command in '/home/bernardo/R5A_ROS_ws/build/gazebo_ros2_control': CMAKE_PREFIX_PATH=${CMAKE_PREFIX_PATH}:/opt/ros/humble /usr/bin/cmake --build /home/bernardo/R5A_ROS_ws/build/gazebo_ros2_control -- -j3 -l3
[0.756s] -- Found ament_cmake: 1.3.8 (/opt/ros/humble/share/ament_cmake/cmake)
[1.449s] -- Found angles: 1.15.0 (/opt/ros/humble/share/angles/cmake)
[1.459s] -- Found controller_manager: 2.40.0 (/opt/ros/humble/share/controller_manager/cmake)
[1.643s] -- Found rosidl_generator_c: 3.1.5 (/opt/ros/humble/share/rosidl_generator_c/cmake)
[1.661s] -- Found rosidl_adapter: 3.1.5 (/opt/ros/humble/share/rosidl_adapter/cmake)
[1.695s] -- Found rosidl_generator_cpp: 3.1.5 (/opt/ros/humble/share/rosidl_generator_cpp/cmake)
[1.736s] -- Using all available rosidl_typesupport_c: rosidl_typesupport_fastrtps_c;rosidl_typesupport_introspection_c
[1.784s] -- Using all available rosidl_typesupport_cpp: rosidl_typesupport_fastrtps_cpp;rosidl_typesupport_introspection_cpp
[3.352s] -- Found rmw_implementation_cmake: 6.1.1 (/opt/ros/humble/share/rmw_implementation_cmake/cmake)
[3.363s] -- Found rmw_fastrtps_cpp: 6.2.6 (/opt/ros/humble/share/rmw_fastrtps_cpp/cmake)
[3.476s] -- Found TinyXML2 via Config file: TinyXML2_DIR-NOTFOUND
[3.518s] -- Found TinyXML2 via Config file: TinyXML2_DIR-NOTFOUND
[3.566s] -- Found TinyXML2 via Config file: TinyXML2_DIR-NOTFOUND
[3.589s] -- Found TinyXML2 via Config file: TinyXML2_DIR-NOTFOUND
[3.621s] -- Using RMW implementation 'rmw_fastrtps_cpp' as default
[4.738s] -- Found gazebo_dev: 3.7.0 (/opt/ros/humble/share/gazebo_dev/cmake)
[4.937s] -- Found DART: /usr/include (Required is at least version "6.6") found components: dart 
[5.092s] -- Found Protobuf: /usr/lib/x86_64-linux-gnu/libprotobuf.so (found version "3.12.4") 
[5.101s] -- Looking for ignition-math6 -- found version 6.15.1
[5.126s] -- Searching for dependencies of ignition-math6
[5.137s] -- Looking for OGRE...
[5.162s] -- Found Ogre Ghadamon (1.9.0)
[5.164s] -- Found OGRE: optimized;/usr/lib/x86_64-linux-gnu/libOgreMain.so;debug;/usr/lib/x86_64-linux-gnu/libOgreMain.so
[5.173s] -- Looking for OGRE_Paging...
[5.173s] -- Found OGRE_Paging: optimized;/usr/lib/x86_64-linux-gnu/libOgrePaging.so;debug;/usr/lib/x86_64-linux-gnu/libOgrePaging.so
[5.174s] -- Looking for OGRE_Terrain...
[5.174s] -- Found OGRE_Terrain: optimized;/usr/lib/x86_64-linux-gnu/libOgreTerrain.so;debug;/usr/lib/x86_64-linux-gnu/libOgreTerrain.so
[5.174s] -- Looking for OGRE_Property...
[5.174s] -- Found OGRE_Property: optimized;/usr/lib/x86_64-linux-gnu/libOgreProperty.so;debug;/usr/lib/x86_64-linux-gnu/libOgreProperty.so
[5.174s] -- Looking for OGRE_RTShaderSystem...
[5.174s] -- Found OGRE_RTShaderSystem: optimized;/usr/lib/x86_64-linux-gnu/libOgreRTShaderSystem.so;debug;/usr/lib/x86_64-linux-gnu/libOgreRTShaderSystem.so
[5.174s] -- Looking for OGRE_Volume...
[5.174s] -- Found OGRE_Volume: optimized;/usr/lib/x86_64-linux-gnu/libOgreVolume.so;debug;/usr/lib/x86_64-linux-gnu/libOgreVolume.so
[5.174s] -- Looking for OGRE_Overlay...
[5.179s] -- Found OGRE_Overlay: optimized;/usr/lib/x86_64-linux-gnu/libOgreOverlay.so;debug;/usr/lib/x86_64-linux-gnu/libOgreOverlay.so
[5.330s] -- Looking for ignition-math6 -- found version 6.15.1
[5.336s] -- Looking for ignition-transport8 -- found version 8.2.1
[5.359s] -- Searching for dependencies of ignition-transport8
[5.361s] -- Found Protobuf: /usr/lib/x86_64-linux-gnu/libprotobuf.so (found suitable version "3.12.4", minimum required is "3") 
[5.372s] -- Config-file not installed for ZeroMQ -- checking for pkg-config
[5.378s] -- Checking for module 'libzmq >= 4'
[5.437s] --   Found libzmq , version 4.3.4
[5.676s] -- Checking for module 'uuid'
[5.761s] --   Found uuid, version 2.37.2
[5.933s] -- Looking for ignition-msgs5 -- found version 5.8.1
[5.934s] -- Searching for dependencies of ignition-msgs5
[5.955s] -- Looking for ignition-math6 -- found version 6.15.1
[6.030s] -- Looking for ignition-msgs5 -- found version 5.8.1
[6.042s] -- Looking for ignition-common3 -- found version 3.14.0
[6.043s] -- Searching for dependencies of ignition-common3
[6.051s] -- Looking for dlfcn.h - found
[6.051s] -- Looking for libdl - found
[6.088s] -- Searching for <ignition-common3> component [graphics]
[6.094s] -- Looking for ignition-common3-graphics -- found version 3.14.0
[6.095s] -- Searching for dependencies of ignition-common3-graphics
[6.095s] -- Looking for ignition-math6 -- found version 6.15.1
[6.108s] -- Looking for ignition-fuel_tools4 -- found version 4.4.0
[6.108s] -- Searching for dependencies of ignition-fuel_tools4
[6.217s] -- Checking for module 'jsoncpp'
[6.457s] --   Found jsoncpp, version 1.9.5
[6.669s] -- Checking for module 'libzip'
[6.740s] --   Found libzip, version 1.7.3
[6.867s] -- Looking for ignition-common3 -- found version 3.14.0
[6.868s] -- Looking for ignition-math6 -- found version 6.15.1
[6.868s] -- Looking for ignition-msgs5 -- found version 5.8.1
[6.881s] -- Gazebo version: 11.10
[6.883s] -- Found gazebo_ros: 3.7.0 (/opt/ros/humble/share/gazebo_ros/cmake)
[6.913s] -- Found yaml_cpp_vendor: 8.0.2 (/opt/ros/humble/share/yaml_cpp_vendor/cmake)
[7.864s] -- Found ament_cmake_gtest: 1.3.8 (/opt/ros/humble/share/ament_cmake_gtest/cmake)
[7.878s] -- Found ament_lint_auto: 0.12.10 (/opt/ros/humble/share/ament_lint_auto/cmake)
[8.151s] -- Added test 'copyright' to check source files copyright and LICENSE
[8.154s] -- Added test 'cppcheck' to perform static code analysis on C / C++ code
[8.155s] -- Configured cppcheck include dirs: /home/bernardo/R5A_ROS_ws/src/gazebo_ros2_control/include
[8.155s] -- Configured cppcheck exclude dirs and/or files: 
[8.157s] -- Added test 'cpplint' to check C / C++ code against the Google style
[8.157s] -- Configured cpplint exclude dirs and/or files: 
[8.162s] -- Added test 'flake8' to check Python code syntax and style conventions
[8.166s] -- Added test 'lint_cmake' to check CMake code style
[8.170s] -- Added test 'pep257' to check Python code against some of the docstring style conventions in PEP 257
[8.174s] -- Added test 'uncrustify' to check C / C++ code style
[8.175s] -- Configured uncrustify additional arguments: 
[8.195s] -- Added test 'xmllint' to check XML markup files
[8.211s] -- Configuring done
[8.914s] -- Generating done
[8.938s] -- Build files have been written to: /home/bernardo/R5A_ROS_ws/build/gazebo_ros2_control
[9.081s] [35m[1mConsolidate compiler generated dependencies of target gazebo_ros2_control[0m
[9.221s] [ 50%] Built target gazebo_ros2_control
[9.266s] [35m[1mConsolidate compiler generated dependencies of target gazebo_hardware_plugins[0m
[9.348s] [100%] Built target gazebo_hardware_plugins
[9.386s] Invoked command in '/home/bernardo/R5A_ROS_ws/build/gazebo_ros2_control' returned '0': CMAKE_PREFIX_PATH=${CMAKE_PREFIX_PATH}:/opt/ros/humble /usr/bin/cmake --build /home/bernardo/R5A_ROS_ws/build/gazebo_ros2_control -- -j3 -l3
[9.572s] Invoking command in '/home/bernardo/R5A_ROS_ws/build/gazebo_ros2_control': CMAKE_PREFIX_PATH=${CMAKE_PREFIX_PATH}:/opt/ros/humble /usr/bin/cmake --install /home/bernardo/R5A_ROS_ws/build/gazebo_ros2_control
[9.590s] -- Install configuration: ""
[9.615s] -- Up-to-date: /home/bernardo/R5A_ROS_ws/install/gazebo_ros2_control/lib/libgazebo_ros2_control.so
[9.621s] -- Up-to-date: /home/bernardo/R5A_ROS_ws/install/gazebo_ros2_control/lib/libgazebo_hardware_plugins.so
[9.624s] -- Up-to-date: /home/bernardo/R5A_ROS_ws/install/gazebo_ros2_control/share/gazebo_ros2_control/environment/library_path.sh
[9.626s] -- Installing: /home/bernardo/R5A_ROS_ws/install/gazebo_ros2_control/share/gazebo_ros2_control/environment/library_path.dsv
[9.627s] -- Installing: /home/bernardo/R5A_ROS_ws/install/gazebo_ros2_control/include/gazebo_ros2_control/launch
[9.627s] -- Installing: /home/bernardo/R5A_ROS_ws/install/gazebo_ros2_control/include/gazebo_ros2_control/launch/update_manager_rate.launch.py
[9.627s] -- Up-to-date: /home/bernardo/R5A_ROS_ws/install/gazebo_ros2_control/include/gazebo_ros2_control
[9.628s] -- Up-to-date: /home/bernardo/R5A_ROS_ws/install/gazebo_ros2_control/include/gazebo_ros2_control/gazebo_ros2_control_plugin.hpp
[9.628s] -- Up-to-date: /home/bernardo/R5A_ROS_ws/install/gazebo_ros2_control/include/gazebo_ros2_control/gazebo_system_interface.hpp
[9.628s] -- Up-to-date: /home/bernardo/R5A_ROS_ws/install/gazebo_ros2_control/include/gazebo_ros2_control/gazebo_system.hpp
[9.628s] -- Up-to-date: /home/bernardo/R5A_ROS_ws/install/gazebo_ros2_control/share/gazebo_ros2_control/gazebo_hardware_plugins.xml
[9.629s] -- Up-to-date: /home/bernardo/R5A_ROS_ws/install/gazebo_ros2_control/share/ament_index/resource_index/package_run_dependencies/gazebo_ros2_control
[9.629s] -- Installing: /home/bernardo/R5A_ROS_ws/install/gazebo_ros2_control/share/ament_index/resource_index/parent_prefix_path/gazebo_ros2_control
[9.643s] -- Up-to-date: /home/bernardo/R5A_ROS_ws/install/gazebo_ros2_control/share/gazebo_ros2_control/environment/ament_prefix_path.sh
[9.644s] -- Installing: /home/bernardo/R5A_ROS_ws/install/gazebo_ros2_control/share/gazebo_ros2_control/environment/ament_prefix_path.dsv
[9.644s] -- Up-to-date: /home/bernardo/R5A_ROS_ws/install/gazebo_ros2_control/share/gazebo_ros2_control/environment/path.sh
[9.644s] -- Installing: /home/bernardo/R5A_ROS_ws/install/gazebo_ros2_control/share/gazebo_ros2_control/environment/path.dsv
[9.644s] -- Up-to-date: /home/bernardo/R5A_ROS_ws/install/gazebo_ros2_control/share/gazebo_ros2_control/local_setup.bash
[9.644s] -- Up-to-date: /home/bernardo/R5A_ROS_ws/install/gazebo_ros2_control/share/gazebo_ros2_control/local_setup.sh
[9.644s] -- Up-to-date: /home/bernardo/R5A_ROS_ws/install/gazebo_ros2_control/share/gazebo_ros2_control/local_setup.zsh
[9.644s] -- Installing: /home/bernardo/R5A_ROS_ws/install/gazebo_ros2_control/share/gazebo_ros2_control/local_setup.dsv
[9.644s] -- Installing: /home/bernardo/R5A_ROS_ws/install/gazebo_ros2_control/share/gazebo_ros2_control/package.dsv
[9.645s] -- Up-to-date: /home/bernardo/R5A_ROS_ws/install/gazebo_ros2_control/share/ament_index/resource_index/packages/gazebo_ros2_control
[9.645s] -- Up-to-date: /home/bernardo/R5A_ROS_ws/install/gazebo_ros2_control/share/ament_index/resource_index/gazebo_ros2_control__pluginlib__plugin/gazebo_ros2_control
[9.645s] -- Up-to-date: /home/bernardo/R5A_ROS_ws/install/gazebo_ros2_control/share/gazebo_ros2_control/cmake/ament_cmake_export_include_directories-extras.cmake
[9.645s] -- Up-to-date: /home/bernardo/R5A_ROS_ws/install/gazebo_ros2_control/share/gazebo_ros2_control/cmake/ament_cmake_export_dependencies-extras.cmake
[9.645s] -- Up-to-date: /home/bernardo/R5A_ROS_ws/install/gazebo_ros2_control/share/gazebo_ros2_control/cmake/ament_cmake_export_libraries-extras.cmake
[9.645s] -- Up-to-date: /home/bernardo/R5A_ROS_ws/install/gazebo_ros2_control/share/gazebo_ros2_control/cmake/gazebo_ros2_controlConfig.cmake
[9.645s] -- Up-to-date: /home/bernardo/R5A_ROS_ws/install/gazebo_ros2_control/share/gazebo_ros2_control/cmake/gazebo_ros2_controlConfig-version.cmake
[9.645s] -- Up-to-date: /home/bernardo/R5A_ROS_ws/install/gazebo_ros2_control/share/gazebo_ros2_control/package.xml
[9.653s] Invoked command in '/home/bernardo/R5A_ROS_ws/build/gazebo_ros2_control' returned '0': CMAKE_PREFIX_PATH=${CMAKE_PREFIX_PATH}:/opt/ros/humble /usr/bin/cmake --install /home/bernardo/R5A_ROS_ws/build/gazebo_ros2_control
