[0.098s] Invoking command in '/home/bernardo/R5A_ROS_ws/build/gazebo_ros2_control': CMAKE_PREFIX_PATH=${CMAKE_PREFIX_PATH}:/opt/ros/humble /usr/bin/cmake --build /home/bernardo/R5A_ROS_ws/build/gazebo_ros2_control -- -j3 -l3
[2.280s] [ 50%] Built target gazebo_ros2_control
[2.446s] [100%] Built target gazebo_hardware_plugins
[2.478s] Invoked command in '/home/bernardo/R5A_ROS_ws/build/gazebo_ros2_control' returned '0': CMAKE_PREFIX_PATH=${CMAKE_PREFIX_PATH}:/opt/ros/humble /usr/bin/cmake --build /home/bernardo/R5A_ROS_ws/build/gazebo_ros2_control -- -j3 -l3
[2.603s] Invoking command in '/home/bernardo/R5A_ROS_ws/build/gazebo_ros2_control': CMAKE_PREFIX_PATH=${CMAKE_PREFIX_PATH}:/opt/ros/humble /usr/bin/cmake --install /home/bernardo/R5A_ROS_ws/build/gazebo_ros2_control
[2.614s] -- Install configuration: ""
[2.622s] -- Up-to-date: /home/bernardo/R5A_ROS_ws/install/gazebo_ros2_control/lib/libgazebo_ros2_control.so
[2.626s] -- Up-to-date: /home/bernardo/R5A_ROS_ws/install/gazebo_ros2_control/lib/libgazebo_hardware_plugins.so
[2.634s] -- Up-to-date: /home/bernardo/R5A_ROS_ws/install/gazebo_ros2_control/share/gazebo_ros2_control/environment/library_path.sh
[2.644s] -- Up-to-date: /home/bernardo/R5A_ROS_ws/install/gazebo_ros2_control/share/gazebo_ros2_control/environment/library_path.dsv
[2.645s] -- Up-to-date: /home/bernardo/R5A_ROS_ws/install/gazebo_ros2_control/include/gazebo_ros2_control
[2.650s] -- Up-to-date: /home/bernardo/R5A_ROS_ws/install/gazebo_ros2_control/include/gazebo_ros2_control/gazebo_ros2_control_plugin.hpp
[2.650s] -- Up-to-date: /home/bernardo/R5A_ROS_ws/install/gazebo_ros2_control/include/gazebo_ros2_control/gazebo_system_interface.hpp
[2.650s] -- Up-to-date: /home/bernardo/R5A_ROS_ws/install/gazebo_ros2_control/include/gazebo_ros2_control/gazebo_system.hpp
[2.650s] -- Up-to-date: /home/bernardo/R5A_ROS_ws/install/gazebo_ros2_control/share/gazebo_ros2_control/gazebo_hardware_plugins.xml
[2.650s] -- Up-to-date: /home/bernardo/R5A_ROS_ws/install/gazebo_ros2_control/share/ament_index/resource_index/package_run_dependencies/gazebo_ros2_control
[2.650s] -- Up-to-date: /home/bernardo/R5A_ROS_ws/install/gazebo_ros2_control/share/ament_index/resource_index/parent_prefix_path/gazebo_ros2_control
[2.651s] -- Up-to-date: /home/bernardo/R5A_ROS_ws/install/gazebo_ros2_control/share/gazebo_ros2_control/environment/ament_prefix_path.sh
[2.651s] -- Up-to-date: /home/bernardo/R5A_ROS_ws/install/gazebo_ros2_control/share/gazebo_ros2_control/environment/ament_prefix_path.dsv
[2.652s] -- Up-to-date: /home/bernardo/R5A_ROS_ws/install/gazebo_ros2_control/share/gazebo_ros2_control/environment/path.sh
[2.652s] -- Up-to-date: /home/bernardo/R5A_ROS_ws/install/gazebo_ros2_control/share/gazebo_ros2_control/environment/path.dsv
[2.652s] -- Up-to-date: /home/bernardo/R5A_ROS_ws/install/gazebo_ros2_control/share/gazebo_ros2_control/local_setup.bash
[2.653s] -- Up-to-date: /home/bernardo/R5A_ROS_ws/install/gazebo_ros2_control/share/gazebo_ros2_control/local_setup.sh
[2.653s] -- Up-to-date: /home/bernardo/R5A_ROS_ws/install/gazebo_ros2_control/share/gazebo_ros2_control/local_setup.zsh
[2.653s] -- Up-to-date: /home/bernardo/R5A_ROS_ws/install/gazebo_ros2_control/share/gazebo_ros2_control/local_setup.dsv
[2.654s] -- Installing: /home/bernardo/R5A_ROS_ws/install/gazebo_ros2_control/share/gazebo_ros2_control/package.dsv
[2.657s] -- Up-to-date: /home/bernardo/R5A_ROS_ws/install/gazebo_ros2_control/share/ament_index/resource_index/packages/gazebo_ros2_control
[2.658s] -- Up-to-date: /home/bernardo/R5A_ROS_ws/install/gazebo_ros2_control/share/ament_index/resource_index/gazebo_ros2_control__pluginlib__plugin/gazebo_ros2_control
[2.660s] -- Up-to-date: /home/bernardo/R5A_ROS_ws/install/gazebo_ros2_control/share/gazebo_ros2_control/cmake/ament_cmake_export_include_directories-extras.cmake
[2.660s] -- Up-to-date: /home/bernardo/R5A_ROS_ws/install/gazebo_ros2_control/share/gazebo_ros2_control/cmake/ament_cmake_export_dependencies-extras.cmake
[2.660s] -- Up-to-date: /home/bernardo/R5A_ROS_ws/install/gazebo_ros2_control/share/gazebo_ros2_control/cmake/ament_cmake_export_libraries-extras.cmake
[2.660s] -- Up-to-date: /home/bernardo/R5A_ROS_ws/install/gazebo_ros2_control/share/gazebo_ros2_control/cmake/gazebo_ros2_controlConfig.cmake
[2.660s] -- Up-to-date: /home/bernardo/R5A_ROS_ws/install/gazebo_ros2_control/share/gazebo_ros2_control/cmake/gazebo_ros2_controlConfig-version.cmake
[2.660s] -- Up-to-date: /home/bernardo/R5A_ROS_ws/install/gazebo_ros2_control/share/gazebo_ros2_control/package.xml
[2.663s] Invoked command in '/home/bernardo/R5A_ROS_ws/build/gazebo_ros2_control' returned '0': CMAKE_PREFIX_PATH=${CMAKE_PREFIX_PATH}:/opt/ros/humble /usr/bin/cmake --install /home/bernardo/R5A_ROS_ws/build/gazebo_ros2_control
