[0.256s] Invoking command in '/home/bernardo/R5A_ROS_ws/build/gazebo_ros2_control': CMAKE_PREFIX_PATH=${CMAKE_PREFIX_PATH}:/opt/ros/humble /usr/bin/cmake /home/bernardo/R5A_ROS_ws/src/gazebo_ros2_control -DCMAKE_INSTALL_PREFIX=/home/bernardo/R5A_ROS_ws/install/gazebo_ros2_control
[1.864s] -- The C compiler identification is GNU 11.4.0
[3.975s] -- The CXX compiler identification is GNU 11.4.0
[4.017s] -- Detecting C compiler ABI info
[4.537s] -- Detecting C compiler ABI info - done
[4.544s] -- Check for working C compiler: /usr/bin/cc - skipped
[4.546s] -- Detecting C compile features
[4.557s] -- Detecting C compile features - done
[4.575s] -- Detecting CXX compiler ABI info
[4.846s] -- Detecting CXX compiler ABI info - done
[4.860s] -- Check for working CXX compiler: /usr/bin/c++ - skipped
[4.865s] -- Detecting CXX compile features
[4.868s] -- Detecting CXX compile features - done
[4.898s] -- Found ament_cmake: 1.3.7 (/opt/ros/humble/share/ament_cmake/cmake)
[5.557s] -- Found Python3: /usr/bin/python3.10 (found version "3.10.12") found components: Interpreter 
[5.880s] -- Found angles: 1.15.0 (/opt/ros/humble/share/angles/cmake)
[5.894s] -- Found controller_manager: 2.37.0 (/opt/ros/humble/share/controller_manager/cmake)
[6.166s] -- Found rosidl_generator_c: 3.1.5 (/opt/ros/humble/share/rosidl_generator_c/cmake)
[6.185s] -- Found rosidl_adapter: 3.1.5 (/opt/ros/humble/share/rosidl_adapter/cmake)
[6.220s] -- Found rosidl_generator_cpp: 3.1.5 (/opt/ros/humble/share/rosidl_generator_cpp/cmake)
[6.302s] -- Using all available rosidl_typesupport_c: rosidl_typesupport_fastrtps_c;rosidl_typesupport_introspection_c
[6.374s] -- Using all available rosidl_typesupport_cpp: rosidl_typesupport_fastrtps_cpp;rosidl_typesupport_introspection_cpp
[7.679s] -- Found rmw_implementation_cmake: 6.1.1 (/opt/ros/humble/share/rmw_implementation_cmake/cmake)
[7.689s] -- Found rmw_fastrtps_cpp: 6.2.6 (/opt/ros/humble/share/rmw_fastrtps_cpp/cmake)
[7.794s] -- Found TinyXML2 via Config file: TinyXML2_DIR-NOTFOUND
[7.987s] -- Found OpenSSL: /usr/lib/x86_64-linux-gnu/libcrypto.so (found version "3.0.2")  
[8.005s] -- Found TinyXML2 via Config file: TinyXML2_DIR-NOTFOUND
[8.042s] -- Found FastRTPS: /opt/ros/humble/include  
[8.054s] -- Found TinyXML2 via Config file: TinyXML2_DIR-NOTFOUND
[8.076s] -- Found TinyXML2 via Config file: TinyXML2_DIR-NOTFOUND
[8.113s] -- Using RMW implementation 'rmw_fastrtps_cpp' as default
[8.185s] -- Looking for pthread.h
[8.579s] -- Looking for pthread.h - found
[8.580s] -- Performing Test CMAKE_HAVE_LIBC_PTHREAD
[8.737s] -- Performing Test CMAKE_HAVE_LIBC_PTHREAD - Success
[8.738s] -- Found Threads: TRUE  
[9.525s] -- Found gazebo_dev: 3.7.0 (/opt/ros/humble/share/gazebo_dev/cmake)
[9.554s] -- Found PkgConfig: /usr/bin/pkg-config (found version "0.29.2") 
[9.564s] -- Checking for module 'bullet>=2.82'
[9.597s] --   Found bullet, version 3.05
[9.924s] -- Found fcl: /usr/include (found suitable version "0.7.0", minimum required is "0.5.0") 
[10.038s] -- Found assimp: /usr/include (found version "5.2.0") 
[10.115s] -- Found DART: /usr/include (Required is at least version "6.6") found components: dart 
[10.196s] -- Found Boost: /usr/lib/x86_64-linux-gnu/cmake/Boost-1.74.0/BoostConfig.cmake (found suitable version "1.74.0", minimum required is "1.40.0") found components: thread system filesystem program_options regex iostreams date_time 
[10.279s] -- Found Protobuf: /usr/lib/x86_64-linux-gnu/libprotobuf.so (found version "3.12.4") 
[10.291s] -- Looking for ignition-math6 -- found version 6.15.1
[10.365s] -- Searching for dependencies of ignition-math6
[10.537s] -- Looking for OGRE...
[10.537s] -- OGRE_PREFIX_WATCH changed.
[10.671s] -- Checking for module 'OGRE'
[10.781s] --   Found OGRE, version 1.9.0
[11.648s] -- Found Ogre Ghadamon (1.9.0)
[11.669s] -- Found OGRE: optimized;/usr/lib/x86_64-linux-gnu/libOgreMain.so;debug;/usr/lib/x86_64-linux-gnu/libOgreMain.so
[11.697s] -- Looking for OGRE_Paging...
[11.708s] -- Found OGRE_Paging: optimized;/usr/lib/x86_64-linux-gnu/libOgrePaging.so;debug;/usr/lib/x86_64-linux-gnu/libOgrePaging.so
[11.708s] -- Looking for OGRE_Terrain...
[11.741s] -- Found OGRE_Terrain: optimized;/usr/lib/x86_64-linux-gnu/libOgreTerrain.so;debug;/usr/lib/x86_64-linux-gnu/libOgreTerrain.so
[11.741s] -- Looking for OGRE_Property...
[11.750s] -- Found OGRE_Property: optimized;/usr/lib/x86_64-linux-gnu/libOgreProperty.so;debug;/usr/lib/x86_64-linux-gnu/libOgreProperty.so
[11.750s] -- Looking for OGRE_RTShaderSystem...
[11.764s] -- Found OGRE_RTShaderSystem: optimized;/usr/lib/x86_64-linux-gnu/libOgreRTShaderSystem.so;debug;/usr/lib/x86_64-linux-gnu/libOgreRTShaderSystem.so
[11.764s] -- Looking for OGRE_Volume...
[11.772s] -- Found OGRE_Volume: optimized;/usr/lib/x86_64-linux-gnu/libOgreVolume.so;debug;/usr/lib/x86_64-linux-gnu/libOgreVolume.so
[11.772s] -- Looking for OGRE_Overlay...
[11.778s] -- Found OGRE_Overlay: optimized;/usr/lib/x86_64-linux-gnu/libOgreOverlay.so;debug;/usr/lib/x86_64-linux-gnu/libOgreOverlay.so
[11.983s] -- Looking for ignition-math6 -- found version 6.15.1
[11.999s] -- Looking for ignition-transport8 -- found version 8.2.1
[12.002s] -- Searching for dependencies of ignition-transport8
[12.082s] -- Found Protobuf: /usr/lib/x86_64-linux-gnu/libprotobuf.so (found suitable version "3.12.4", minimum required is "3") 
[12.095s] -- Config-file not installed for ZeroMQ -- checking for pkg-config
[12.114s] -- Checking for module 'libzmq >= 4'
[12.842s] --   Found libzmq , version 4.3.4
[12.958s] -- Found ZeroMQ: TRUE (Required is at least version "4") 
[12.967s] -- Checking for module 'uuid'
[13.011s] --   Found uuid, version 2.37.2
[13.104s] -- Found UUID: TRUE  
[13.395s] -- Looking for ignition-msgs5 -- found version 5.8.1
[13.395s] -- Searching for dependencies of ignition-msgs5
[13.442s] -- Looking for ignition-math6 -- found version 6.15.1
[13.478s] -- Checking for module 'tinyxml2'
[13.519s] --   Found tinyxml2, version 9.0.0
[13.665s] -- Looking for ignition-msgs5 -- found version 5.8.1
[13.675s] -- Looking for ignition-common3 -- found version 3.14.0
[13.676s] -- Searching for dependencies of ignition-common3
[13.680s] -- Looking for dlfcn.h - found
[13.681s] -- Looking for libdl - found
[13.682s] -- Found DL: TRUE  
[13.704s] -- Found tinyobjloader: /usr/lib/x86_64-linux-gnu/cmake/tinyobjloader/tinyobjloader-config.cmake (found version "2.0.0") 
[13.707s] -- Searching for <ignition-common3> component [graphics]
[13.713s] -- Looking for ignition-common3-graphics -- found version 3.14.0
[13.713s] -- Searching for dependencies of ignition-common3-graphics
[13.713s] -- Looking for ignition-math6 -- found version 6.15.1
[13.722s] -- Looking for ignition-fuel_tools4 -- found version 4.4.0
[13.722s] -- Searching for dependencies of ignition-fuel_tools4
[13.907s] -- Found CURL: /usr/lib/x86_64-linux-gnu/libcurl.so (found version "7.81.0")  
[13.927s] -- Checking for module 'jsoncpp'
[13.968s] --   Found jsoncpp, version 1.9.5
[14.062s] -- Found JSONCPP: TRUE  
[14.076s] -- Checking for module 'libzip'
[14.100s] --   Found libzip, version 1.7.3
[14.179s] -- Found ZIP: TRUE  
[14.180s] -- Looking for ignition-common3 -- found version 3.14.0
[14.182s] -- Looking for ignition-math6 -- found version 6.15.1
[14.182s] -- Looking for ignition-msgs5 -- found version 5.8.1
[14.205s] -- Gazebo version: 11.10
[14.206s] -- Checking for module 'tbb'
[14.246s] --   Found tbb, version 2021.5.0
[14.323s] -- Found gazebo_ros: 3.7.0 (/opt/ros/humble/share/gazebo_ros/cmake)
[14.364s] -- Found yaml_cpp_vendor: 8.0.2 (/opt/ros/humble/share/yaml_cpp_vendor/cmake)
[14.971s] -- Found ament_cmake_gtest: 1.3.7 (/opt/ros/humble/share/ament_cmake_gtest/cmake)
[14.986s] -- Found ament_lint_auto: 0.12.10 (/opt/ros/humble/share/ament_lint_auto/cmake)
[15.537s] -- Added test 'copyright' to check source files copyright and LICENSE
[15.541s] -- Added test 'cppcheck' to perform static code analysis on C / C++ code
[15.542s] -- Configured cppcheck include dirs: /home/bernardo/R5A_ROS_ws/src/gazebo_ros2_control/include
[15.542s] -- Configured cppcheck exclude dirs and/or files: 
[15.545s] -- Added test 'cpplint' to check C / C++ code against the Google style
[15.545s] -- Configured cpplint exclude dirs and/or files: 
[15.548s] -- Added test 'lint_cmake' to check CMake code style
[15.554s] -- Added test 'uncrustify' to check C / C++ code style
[15.554s] -- Configured uncrustify additional arguments: 
[15.556s] -- Added test 'xmllint' to check XML markup files
[15.565s] -- Configuring done
[16.238s] -- Generating done
[16.243s] -- Build files have been written to: /home/bernardo/R5A_ROS_ws/build/gazebo_ros2_control
[16.266s] Invoked command in '/home/bernardo/R5A_ROS_ws/build/gazebo_ros2_control' returned '0': CMAKE_PREFIX_PATH=${CMAKE_PREFIX_PATH}:/opt/ros/humble /usr/bin/cmake /home/bernardo/R5A_ROS_ws/src/gazebo_ros2_control -DCMAKE_INSTALL_PREFIX=/home/bernardo/R5A_ROS_ws/install/gazebo_ros2_control
[16.267s] Invoking command in '/home/bernardo/R5A_ROS_ws/build/gazebo_ros2_control': CMAKE_PREFIX_PATH=${CMAKE_PREFIX_PATH}:/opt/ros/humble /usr/bin/cmake --build /home/bernardo/R5A_ROS_ws/build/gazebo_ros2_control -- -j3 -l3
[16.407s] [ 25%] [32mBuilding CXX object CMakeFiles/gazebo_ros2_control.dir/src/gazebo_ros2_control_plugin.cpp.o[0m
[111.885s] [01m[K/home/bernardo/R5A_ROS_ws/src/gazebo_ros2_control/src/gazebo_ros2_control_plugin.cpp:[m[K In member function ‘[01m[Kvirtual void gazebo_ros2_control::GazeboRosControlPlugin::Load(gazebo::physics::ModelPtr, sdf::v9::ElementPtr)[m[K’:
[111.996s] [01m[K/home/bernardo/R5A_ROS_ws/src/gazebo_ros2_control/src/gazebo_ros2_control_plugin.cpp:323:67:[m[K [01;31m[Kerror: [m[K‘[01m[K__gnu_cxx::__alloc_traits<std::allocator<hardware_interface::HardwareInfo>, hardware_interface::HardwareInfo>::value_type[m[K’ {aka ‘[01m[Kstruct hardware_interface::HardwareInfo[m[K’} has no member named ‘[01m[Khardware_plugin_name[m[K’
[111.996s]   323 | d::string robot_hw_sim_type_str_ = control_hardware_info[i].[01;31m[Khardware_plugin_name[m[K;
[112.342s]       |                                                             [01;31m[K^~~~~~~~~~~~~~~~~~~~[m[K
[112.343s] 
[127.818s] gmake[2]: *** [CMakeFiles/gazebo_ros2_control.dir/build.make:76: CMakeFiles/gazebo_ros2_control.dir/src/gazebo_ros2_control_plugin.cpp.o] Error 1
[127.835s] gmake[1]: *** [CMakeFiles/Makefile2:139: CMakeFiles/gazebo_ros2_control.dir/all] Error 2
[127.849s] gmake: *** [Makefile:146: all] Error 2
[128.244s] Invoked command in '/home/bernardo/R5A_ROS_ws/build/gazebo_ros2_control' returned '2': CMAKE_PREFIX_PATH=${CMAKE_PREFIX_PATH}:/opt/ros/humble /usr/bin/cmake --build /home/bernardo/R5A_ROS_ws/build/gazebo_ros2_control -- -j3 -l3
