[0.094s] Invoking command in '/home/bernardo/R5A_ROS_ws/build/gazebo_ros2_control': CMAKE_PREFIX_PATH=${CMAKE_PREFIX_PATH}:/opt/ros/humble /usr/bin/cmake --build /home/bernardo/R5A_ROS_ws/build/gazebo_ros2_control -- -j3 -l3
[0.815s] [100%] Built target gazebo_hardware_plugins
[0.815s] [100%] Built target gazebo_ros2_control
[0.847s] Invoked command in '/home/bernardo/R5A_ROS_ws/build/gazebo_ros2_control' returned '0': CMAKE_PREFIX_PATH=${CMAKE_PREFIX_PATH}:/opt/ros/humble /usr/bin/cmake --build /home/bernardo/R5A_ROS_ws/build/gazebo_ros2_control -- -j3 -l3
[0.922s] Invoking command in '/home/bernardo/R5A_ROS_ws/build/gazebo_ros2_control': CMAKE_PREFIX_PATH=${CMAKE_PREFIX_PATH}:/opt/ros/humble /usr/bin/cmake --install /home/bernardo/R5A_ROS_ws/build/gazebo_ros2_control
[0.932s] -- Install configuration: ""
[0.946s] -- Up-to-date: /home/bernardo/R5A_ROS_ws/install/gazebo_ros2_control/lib/libgazebo_ros2_control.so
[0.949s] -- Up-to-date: /home/bernardo/R5A_ROS_ws/install/gazebo_ros2_control/lib/libgazebo_hardware_plugins.so
[0.951s] -- Up-to-date: /home/bernardo/R5A_ROS_ws/install/gazebo_ros2_control/share/gazebo_ros2_control/environment/library_path.sh
[0.952s] -- Up-to-date: /home/bernardo/R5A_ROS_ws/install/gazebo_ros2_control/share/gazebo_ros2_control/environment/library_path.dsv
[0.953s] -- Up-to-date: /home/bernardo/R5A_ROS_ws/install/gazebo_ros2_control/include/gazebo_ros2_control
[0.954s] -- Up-to-date: /home/bernardo/R5A_ROS_ws/install/gazebo_ros2_control/include/gazebo_ros2_control/gazebo_ros2_control_plugin.hpp
[0.954s] -- Up-to-date: /home/bernardo/R5A_ROS_ws/install/gazebo_ros2_control/include/gazebo_ros2_control/gazebo_system_interface.hpp
[0.954s] -- Up-to-date: /home/bernardo/R5A_ROS_ws/install/gazebo_ros2_control/include/gazebo_ros2_control/gazebo_system.hpp
[0.957s] -- Up-to-date: /home/bernardo/R5A_ROS_ws/install/gazebo_ros2_control/share/gazebo_ros2_control/gazebo_hardware_plugins.xml
[0.957s] -- Up-to-date: /home/bernardo/R5A_ROS_ws/install/gazebo_ros2_control/share/ament_index/resource_index/package_run_dependencies/gazebo_ros2_control
[0.958s] -- Up-to-date: /home/bernardo/R5A_ROS_ws/install/gazebo_ros2_control/share/ament_index/resource_index/parent_prefix_path/gazebo_ros2_control
[0.958s] -- Up-to-date: /home/bernardo/R5A_ROS_ws/install/gazebo_ros2_control/share/gazebo_ros2_control/environment/ament_prefix_path.sh
[0.959s] -- Up-to-date: /home/bernardo/R5A_ROS_ws/install/gazebo_ros2_control/share/gazebo_ros2_control/environment/ament_prefix_path.dsv
[0.959s] -- Up-to-date: /home/bernardo/R5A_ROS_ws/install/gazebo_ros2_control/share/gazebo_ros2_control/environment/path.sh
[0.959s] -- Up-to-date: /home/bernardo/R5A_ROS_ws/install/gazebo_ros2_control/share/gazebo_ros2_control/environment/path.dsv
[0.959s] -- Up-to-date: /home/bernardo/R5A_ROS_ws/install/gazebo_ros2_control/share/gazebo_ros2_control/local_setup.bash
[0.960s] -- Up-to-date: /home/bernardo/R5A_ROS_ws/install/gazebo_ros2_control/share/gazebo_ros2_control/local_setup.sh
[0.960s] -- Up-to-date: /home/bernardo/R5A_ROS_ws/install/gazebo_ros2_control/share/gazebo_ros2_control/local_setup.zsh
[0.960s] -- Up-to-date: /home/bernardo/R5A_ROS_ws/install/gazebo_ros2_control/share/gazebo_ros2_control/local_setup.dsv
[0.961s] -- Installing: /home/bernardo/R5A_ROS_ws/install/gazebo_ros2_control/share/gazebo_ros2_control/package.dsv
[0.964s] -- Up-to-date: /home/bernardo/R5A_ROS_ws/install/gazebo_ros2_control/share/ament_index/resource_index/packages/gazebo_ros2_control
[0.964s] -- Up-to-date: /home/bernardo/R5A_ROS_ws/install/gazebo_ros2_control/share/ament_index/resource_index/gazebo_ros2_control__pluginlib__plugin/gazebo_ros2_control
[0.966s] -- Up-to-date: /home/bernardo/R5A_ROS_ws/install/gazebo_ros2_control/share/gazebo_ros2_control/cmake/ament_cmake_export_include_directories-extras.cmake
[0.966s] -- Up-to-date: /home/bernardo/R5A_ROS_ws/install/gazebo_ros2_control/share/gazebo_ros2_control/cmake/ament_cmake_export_dependencies-extras.cmake
[0.966s] -- Up-to-date: /home/bernardo/R5A_ROS_ws/install/gazebo_ros2_control/share/gazebo_ros2_control/cmake/ament_cmake_export_libraries-extras.cmake
[0.966s] -- Up-to-date: /home/bernardo/R5A_ROS_ws/install/gazebo_ros2_control/share/gazebo_ros2_control/cmake/gazebo_ros2_controlConfig.cmake
[0.966s] -- Up-to-date: /home/bernardo/R5A_ROS_ws/install/gazebo_ros2_control/share/gazebo_ros2_control/cmake/gazebo_ros2_controlConfig-version.cmake
[0.966s] -- Up-to-date: /home/bernardo/R5A_ROS_ws/install/gazebo_ros2_control/share/gazebo_ros2_control/package.xml
[0.970s] Invoked command in '/home/bernardo/R5A_ROS_ws/build/gazebo_ros2_control' returned '0': CMAKE_PREFIX_PATH=${CMAKE_PREFIX_PATH}:/opt/ros/humble /usr/bin/cmake --install /home/bernardo/R5A_ROS_ws/build/gazebo_ros2_control
